Mensaje I / 00:00:00:000 / Root(00) para top(01)
Mensaje I / 00:00:00:000 / top(01) para actualspeedcalc(02)
Mensaje D / 00:00:00:000 / actualspeedcalc(02) / ... para top(01)
Mensaje D / 00:00:00:000 / top(01) / ... para Root(00)
Mensaje X / 00:00:05:000 / Root(00) / motordutycyclein /      1.00000 para top(01)
Mensaje X / 00:00:05:000 / top(01) / motordutycyclein /      1.00000 para actualspeedcalc(02)
Mensaje D / 00:00:05:000 / actualspeedcalc(02) / 00:00:00:000 para top(01)
Mensaje D / 00:00:05:000 / top(01) / 00:00:00:000 para Root(00)
Mensaje * / 00:00:05:000 / Root(00) para top(01)
Mensaje * / 00:00:05:000 / top(01) para actualspeedcalc(02)
Mensaje Y / 00:00:05:000 / actualspeedcalc(02) / actualspeed /      0.00000 para top(01)
Mensaje D / 00:00:05:000 / actualspeedcalc(02) / 00:00:00:100 para top(01)
Mensaje Y / 00:00:05:000 / top(01) / actualspeed /      0.00000 para Root(00)
Mensaje D / 00:00:05:000 / top(01) / 00:00:00:100 para Root(00)
Mensaje * / 00:00:05:100 / Root(00) para top(01)
Mensaje * / 00:00:05:100 / top(01) para actualspeedcalc(02)
Mensaje Y / 00:00:05:100 / actualspeedcalc(02) / actualspeed /      1.00000 para top(01)
Mensaje D / 00:00:05:100 / actualspeedcalc(02) / ... para top(01)
Mensaje Y / 00:00:05:100 / top(01) / actualspeed /      1.00000 para Root(00)
Mensaje D / 00:00:05:100 / top(01) / ... para Root(00)
Mensaje X / 00:00:06:000 / Root(00) / motordutycyclein /      2.00000 para top(01)
Mensaje X / 00:00:06:000 / top(01) / motordutycyclein /      2.00000 para actualspeedcalc(02)
Mensaje D / 00:00:06:000 / actualspeedcalc(02) / 00:00:00:000 para top(01)
Mensaje D / 00:00:06:000 / top(01) / 00:00:00:000 para Root(00)
Mensaje * / 00:00:06:000 / Root(00) para top(01)
Mensaje * / 00:00:06:000 / top(01) para actualspeedcalc(02)
Mensaje D / 00:00:06:000 / actualspeedcalc(02) / 00:00:00:100 para top(01)
Mensaje D / 00:00:06:000 / top(01) / 00:00:00:100 para Root(00)
Mensaje * / 00:00:06:100 / Root(00) para top(01)
Mensaje * / 00:00:06:100 / top(01) para actualspeedcalc(02)
Mensaje Y / 00:00:06:100 / actualspeedcalc(02) / actualspeed /      2.00000 para top(01)
Mensaje D / 00:00:06:100 / actualspeedcalc(02) / ... para top(01)
Mensaje Y / 00:00:06:100 / top(01) / actualspeed /      2.00000 para Root(00)
Mensaje D / 00:00:06:100 / top(01) / ... para Root(00)
Mensaje X / 00:00:07:000 / Root(00) / motordutycyclein /      3.00000 para top(01)
Mensaje X / 00:00:07:000 / top(01) / motordutycyclein /      3.00000 para actualspeedcalc(02)
Mensaje D / 00:00:07:000 / actualspeedcalc(02) / 00:00:00:000 para top(01)
Mensaje D / 00:00:07:000 / top(01) / 00:00:00:000 para Root(00)
Mensaje * / 00:00:07:000 / Root(00) para top(01)
Mensaje * / 00:00:07:000 / top(01) para actualspeedcalc(02)
Mensaje D / 00:00:07:000 / actualspeedcalc(02) / 00:00:00:100 para top(01)
Mensaje D / 00:00:07:000 / top(01) / 00:00:00:100 para Root(00)
Mensaje * / 00:00:07:100 / Root(00) para top(01)
Mensaje * / 00:00:07:100 / top(01) para actualspeedcalc(02)
Mensaje Y / 00:00:07:100 / actualspeedcalc(02) / actualspeed /      3.00000 para top(01)
Mensaje D / 00:00:07:100 / actualspeedcalc(02) / ... para top(01)
Mensaje Y / 00:00:07:100 / top(01) / actualspeed /      3.00000 para Root(00)
Mensaje D / 00:00:07:100 / top(01) / ... para Root(00)
Mensaje X / 00:00:08:000 / Root(00) / motordutycyclein /      4.00000 para top(01)
Mensaje X / 00:00:08:000 / top(01) / motordutycyclein /      4.00000 para actualspeedcalc(02)
Mensaje D / 00:00:08:000 / actualspeedcalc(02) / 00:00:00:000 para top(01)
Mensaje D / 00:00:08:000 / top(01) / 00:00:00:000 para Root(00)
Mensaje * / 00:00:08:000 / Root(00) para top(01)
Mensaje * / 00:00:08:000 / top(01) para actualspeedcalc(02)
Mensaje D / 00:00:08:000 / actualspeedcalc(02) / 00:00:00:100 para top(01)
Mensaje D / 00:00:08:000 / top(01) / 00:00:00:100 para Root(00)
Mensaje * / 00:00:08:100 / Root(00) para top(01)
Mensaje * / 00:00:08:100 / top(01) para actualspeedcalc(02)
Mensaje Y / 00:00:08:100 / actualspeedcalc(02) / actualspeed /      4.00000 para top(01)
Mensaje D / 00:00:08:100 / actualspeedcalc(02) / ... para top(01)
Mensaje Y / 00:00:08:100 / top(01) / actualspeed /      4.00000 para Root(00)
Mensaje D / 00:00:08:100 / top(01) / ... para Root(00)
Mensaje X / 00:00:09:000 / Root(00) / motordutycyclein /      5.00000 para top(01)
Mensaje X / 00:00:09:000 / top(01) / motordutycyclein /      5.00000 para actualspeedcalc(02)
Mensaje D / 00:00:09:000 / actualspeedcalc(02) / 00:00:00:000 para top(01)
Mensaje D / 00:00:09:000 / top(01) / 00:00:00:000 para Root(00)
Mensaje * / 00:00:09:000 / Root(00) para top(01)
Mensaje * / 00:00:09:000 / top(01) para actualspeedcalc(02)
Mensaje D / 00:00:09:000 / actualspeedcalc(02) / 00:00:00:100 para top(01)
Mensaje D / 00:00:09:000 / top(01) / 00:00:00:100 para Root(00)
Mensaje * / 00:00:09:100 / Root(00) para top(01)
Mensaje * / 00:00:09:100 / top(01) para actualspeedcalc(02)
Mensaje Y / 00:00:09:100 / actualspeedcalc(02) / actualspeed /      5.00000 para top(01)
Mensaje D / 00:00:09:100 / actualspeedcalc(02) / ... para top(01)
Mensaje Y / 00:00:09:100 / top(01) / actualspeed /      5.00000 para Root(00)
Mensaje D / 00:00:09:100 / top(01) / ... para Root(00)
Mensaje X / 00:00:10:000 / Root(00) / motordutycyclein /      6.00000 para top(01)
Mensaje X / 00:00:10:000 / top(01) / motordutycyclein /      6.00000 para actualspeedcalc(02)
Mensaje D / 00:00:10:000 / actualspeedcalc(02) / 00:00:00:000 para top(01)
Mensaje D / 00:00:10:000 / top(01) / 00:00:00:000 para Root(00)
Mensaje * / 00:00:10:000 / Root(00) para top(01)
Mensaje * / 00:00:10:000 / top(01) para actualspeedcalc(02)
Mensaje D / 00:00:10:000 / actualspeedcalc(02) / 00:00:00:100 para top(01)
Mensaje D / 00:00:10:000 / top(01) / 00:00:00:100 para Root(00)
Mensaje * / 00:00:10:100 / Root(00) para top(01)
Mensaje * / 00:00:10:100 / top(01) para actualspeedcalc(02)
Mensaje Y / 00:00:10:100 / actualspeedcalc(02) / actualspeed /      6.00000 para top(01)
Mensaje D / 00:00:10:100 / actualspeedcalc(02) / ... para top(01)
Mensaje Y / 00:00:10:100 / top(01) / actualspeed /      6.00000 para Root(00)
Mensaje D / 00:00:10:100 / top(01) / ... para Root(00)
Mensaje X / 00:00:11:000 / Root(00) / motordutycyclein /      7.00000 para top(01)
Mensaje X / 00:00:11:000 / top(01) / motordutycyclein /      7.00000 para actualspeedcalc(02)
Mensaje D / 00:00:11:000 / actualspeedcalc(02) / 00:00:00:000 para top(01)
Mensaje D / 00:00:11:000 / top(01) / 00:00:00:000 para Root(00)
Mensaje * / 00:00:11:000 / Root(00) para top(01)
Mensaje * / 00:00:11:000 / top(01) para actualspeedcalc(02)
Mensaje D / 00:00:11:000 / actualspeedcalc(02) / 00:00:00:100 para top(01)
Mensaje D / 00:00:11:000 / top(01) / 00:00:00:100 para Root(00)
Mensaje * / 00:00:11:100 / Root(00) para top(01)
Mensaje * / 00:00:11:100 / top(01) para actualspeedcalc(02)
Mensaje Y / 00:00:11:100 / actualspeedcalc(02) / actualspeed /      7.00000 para top(01)
Mensaje D / 00:00:11:100 / actualspeedcalc(02) / ... para top(01)
Mensaje Y / 00:00:11:100 / top(01) / actualspeed /      7.00000 para Root(00)
Mensaje D / 00:00:11:100 / top(01) / ... para Root(00)
Mensaje X / 00:00:12:000 / Root(00) / motordutycyclein /      8.00000 para top(01)
Mensaje X / 00:00:12:000 / top(01) / motordutycyclein /      8.00000 para actualspeedcalc(02)
Mensaje D / 00:00:12:000 / actualspeedcalc(02) / 00:00:00:000 para top(01)
Mensaje D / 00:00:12:000 / top(01) / 00:00:00:000 para Root(00)
Mensaje * / 00:00:12:000 / Root(00) para top(01)
Mensaje * / 00:00:12:000 / top(01) para actualspeedcalc(02)
Mensaje D / 00:00:12:000 / actualspeedcalc(02) / 00:00:00:100 para top(01)
Mensaje D / 00:00:12:000 / top(01) / 00:00:00:100 para Root(00)
Mensaje * / 00:00:12:100 / Root(00) para top(01)
Mensaje * / 00:00:12:100 / top(01) para actualspeedcalc(02)
Mensaje Y / 00:00:12:100 / actualspeedcalc(02) / actualspeed /      8.00000 para top(01)
Mensaje D / 00:00:12:100 / actualspeedcalc(02) / ... para top(01)
Mensaje Y / 00:00:12:100 / top(01) / actualspeed /      8.00000 para Root(00)
Mensaje D / 00:00:12:100 / top(01) / ... para Root(00)
Mensaje X / 00:00:13:000 / Root(00) / motordutycyclein /      9.00000 para top(01)
Mensaje X / 00:00:13:000 / top(01) / motordutycyclein /      9.00000 para actualspeedcalc(02)
Mensaje D / 00:00:13:000 / actualspeedcalc(02) / 00:00:00:000 para top(01)
Mensaje D / 00:00:13:000 / top(01) / 00:00:00:000 para Root(00)
Mensaje * / 00:00:13:000 / Root(00) para top(01)
Mensaje * / 00:00:13:000 / top(01) para actualspeedcalc(02)
Mensaje D / 00:00:13:000 / actualspeedcalc(02) / 00:00:00:100 para top(01)
Mensaje D / 00:00:13:000 / top(01) / 00:00:00:100 para Root(00)
Mensaje * / 00:00:13:100 / Root(00) para top(01)
Mensaje * / 00:00:13:100 / top(01) para actualspeedcalc(02)
Mensaje Y / 00:00:13:100 / actualspeedcalc(02) / actualspeed /      9.00000 para top(01)
Mensaje D / 00:00:13:100 / actualspeedcalc(02) / ... para top(01)
Mensaje Y / 00:00:13:100 / top(01) / actualspeed /      9.00000 para Root(00)
Mensaje D / 00:00:13:100 / top(01) / ... para Root(00)
Mensaje X / 00:00:14:000 / Root(00) / motordutycyclein /     10.00000 para top(01)
Mensaje X / 00:00:14:000 / top(01) / motordutycyclein /     10.00000 para actualspeedcalc(02)
Mensaje D / 00:00:14:000 / actualspeedcalc(02) / 00:00:00:000 para top(01)
Mensaje D / 00:00:14:000 / top(01) / 00:00:00:000 para Root(00)
Mensaje * / 00:00:14:000 / Root(00) para top(01)
Mensaje * / 00:00:14:000 / top(01) para actualspeedcalc(02)
Mensaje D / 00:00:14:000 / actualspeedcalc(02) / 00:00:00:100 para top(01)
Mensaje D / 00:00:14:000 / top(01) / 00:00:00:100 para Root(00)
Mensaje * / 00:00:14:100 / Root(00) para top(01)
Mensaje * / 00:00:14:100 / top(01) para actualspeedcalc(02)
Mensaje Y / 00:00:14:100 / actualspeedcalc(02) / actualspeed /     10.00000 para top(01)
Mensaje D / 00:00:14:100 / actualspeedcalc(02) / ... para top(01)
Mensaje Y / 00:00:14:100 / top(01) / actualspeed /     10.00000 para Root(00)
Mensaje D / 00:00:14:100 / top(01) / ... para Root(00)
Mensaje X / 00:00:15:000 / Root(00) / motordutycyclein /     11.00000 para top(01)
Mensaje X / 00:00:15:000 / top(01) / motordutycyclein /     11.00000 para actualspeedcalc(02)
Mensaje D / 00:00:15:000 / actualspeedcalc(02) / 00:00:00:000 para top(01)
Mensaje D / 00:00:15:000 / top(01) / 00:00:00:000 para Root(00)
Mensaje * / 00:00:15:000 / Root(00) para top(01)
Mensaje * / 00:00:15:000 / top(01) para actualspeedcalc(02)
Mensaje D / 00:00:15:000 / actualspeedcalc(02) / 00:00:00:100 para top(01)
Mensaje D / 00:00:15:000 / top(01) / 00:00:00:100 para Root(00)
Mensaje * / 00:00:15:100 / Root(00) para top(01)
Mensaje * / 00:00:15:100 / top(01) para actualspeedcalc(02)
Mensaje Y / 00:00:15:100 / actualspeedcalc(02) / actualspeed /     11.00000 para top(01)
Mensaje D / 00:00:15:100 / actualspeedcalc(02) / ... para top(01)
Mensaje Y / 00:00:15:100 / top(01) / actualspeed /     11.00000 para Root(00)
Mensaje D / 00:00:15:100 / top(01) / ... para Root(00)
Mensaje X / 00:00:16:000 / Root(00) / motordutycyclein /     12.00000 para top(01)
Mensaje X / 00:00:16:000 / top(01) / motordutycyclein /     12.00000 para actualspeedcalc(02)
Mensaje D / 00:00:16:000 / actualspeedcalc(02) / 00:00:00:000 para top(01)
Mensaje D / 00:00:16:000 / top(01) / 00:00:00:000 para Root(00)
Mensaje * / 00:00:16:000 / Root(00) para top(01)
Mensaje * / 00:00:16:000 / top(01) para actualspeedcalc(02)
Mensaje D / 00:00:16:000 / actualspeedcalc(02) / 00:00:00:100 para top(01)
Mensaje D / 00:00:16:000 / top(01) / 00:00:00:100 para Root(00)
Mensaje * / 00:00:16:100 / Root(00) para top(01)
Mensaje * / 00:00:16:100 / top(01) para actualspeedcalc(02)
Mensaje Y / 00:00:16:100 / actualspeedcalc(02) / actualspeed /     12.00000 para top(01)
Mensaje D / 00:00:16:100 / actualspeedcalc(02) / ... para top(01)
Mensaje Y / 00:00:16:100 / top(01) / actualspeed /     12.00000 para Root(00)
Mensaje D / 00:00:16:100 / top(01) / ... para Root(00)
Mensaje X / 00:00:17:000 / Root(00) / motordutycyclein /     13.00000 para top(01)
Mensaje X / 00:00:17:000 / top(01) / motordutycyclein /     13.00000 para actualspeedcalc(02)
Mensaje D / 00:00:17:000 / actualspeedcalc(02) / 00:00:00:000 para top(01)
Mensaje D / 00:00:17:000 / top(01) / 00:00:00:000 para Root(00)
Mensaje * / 00:00:17:000 / Root(00) para top(01)
Mensaje * / 00:00:17:000 / top(01) para actualspeedcalc(02)
Mensaje D / 00:00:17:000 / actualspeedcalc(02) / 00:00:00:100 para top(01)
Mensaje D / 00:00:17:000 / top(01) / 00:00:00:100 para Root(00)
Mensaje * / 00:00:17:100 / Root(00) para top(01)
Mensaje * / 00:00:17:100 / top(01) para actualspeedcalc(02)
Mensaje Y / 00:00:17:100 / actualspeedcalc(02) / actualspeed /     13.00000 para top(01)
Mensaje D / 00:00:17:100 / actualspeedcalc(02) / ... para top(01)
Mensaje Y / 00:00:17:100 / top(01) / actualspeed /     13.00000 para Root(00)
Mensaje D / 00:00:17:100 / top(01) / ... para Root(00)
Mensaje X / 00:00:18:000 / Root(00) / motordutycyclein /     14.00000 para top(01)
Mensaje X / 00:00:18:000 / top(01) / motordutycyclein /     14.00000 para actualspeedcalc(02)
Mensaje D / 00:00:18:000 / actualspeedcalc(02) / 00:00:00:000 para top(01)
Mensaje D / 00:00:18:000 / top(01) / 00:00:00:000 para Root(00)
Mensaje * / 00:00:18:000 / Root(00) para top(01)
Mensaje * / 00:00:18:000 / top(01) para actualspeedcalc(02)
Mensaje D / 00:00:18:000 / actualspeedcalc(02) / 00:00:00:100 para top(01)
Mensaje D / 00:00:18:000 / top(01) / 00:00:00:100 para Root(00)
Mensaje * / 00:00:18:100 / Root(00) para top(01)
Mensaje * / 00:00:18:100 / top(01) para actualspeedcalc(02)
Mensaje Y / 00:00:18:100 / actualspeedcalc(02) / actualspeed /     14.00000 para top(01)
Mensaje D / 00:00:18:100 / actualspeedcalc(02) / ... para top(01)
Mensaje Y / 00:00:18:100 / top(01) / actualspeed /     14.00000 para Root(00)
Mensaje D / 00:00:18:100 / top(01) / ... para Root(00)
Mensaje X / 00:00:19:000 / Root(00) / motordutycyclein /     15.00000 para top(01)
Mensaje X / 00:00:19:000 / top(01) / motordutycyclein /     15.00000 para actualspeedcalc(02)
Mensaje D / 00:00:19:000 / actualspeedcalc(02) / 00:00:00:000 para top(01)
Mensaje D / 00:00:19:000 / top(01) / 00:00:00:000 para Root(00)
Mensaje * / 00:00:19:000 / Root(00) para top(01)
Mensaje * / 00:00:19:000 / top(01) para actualspeedcalc(02)
Mensaje D / 00:00:19:000 / actualspeedcalc(02) / 00:00:00:100 para top(01)
Mensaje D / 00:00:19:000 / top(01) / 00:00:00:100 para Root(00)
Mensaje * / 00:00:19:100 / Root(00) para top(01)
Mensaje * / 00:00:19:100 / top(01) para actualspeedcalc(02)
Mensaje Y / 00:00:19:100 / actualspeedcalc(02) / actualspeed /     15.00000 para top(01)
Mensaje D / 00:00:19:100 / actualspeedcalc(02) / ... para top(01)
Mensaje Y / 00:00:19:100 / top(01) / actualspeed /     15.00000 para Root(00)
Mensaje D / 00:00:19:100 / top(01) / ... para Root(00)
Mensaje X / 00:00:20:000 / Root(00) / motordutycyclein /     16.00000 para top(01)
Mensaje X / 00:00:20:000 / top(01) / motordutycyclein /     16.00000 para actualspeedcalc(02)
Mensaje D / 00:00:20:000 / actualspeedcalc(02) / 00:00:00:000 para top(01)
Mensaje D / 00:00:20:000 / top(01) / 00:00:00:000 para Root(00)
Mensaje * / 00:00:20:000 / Root(00) para top(01)
Mensaje * / 00:00:20:000 / top(01) para actualspeedcalc(02)
Mensaje D / 00:00:20:000 / actualspeedcalc(02) / 00:00:00:100 para top(01)
Mensaje D / 00:00:20:000 / top(01) / 00:00:00:100 para Root(00)
Mensaje * / 00:00:20:100 / Root(00) para top(01)
Mensaje * / 00:00:20:100 / top(01) para actualspeedcalc(02)
Mensaje Y / 00:00:20:100 / actualspeedcalc(02) / actualspeed /     16.00000 para top(01)
Mensaje D / 00:00:20:100 / actualspeedcalc(02) / ... para top(01)
Mensaje Y / 00:00:20:100 / top(01) / actualspeed /     16.00000 para Root(00)
Mensaje D / 00:00:20:100 / top(01) / ... para Root(00)
Mensaje X / 00:00:21:000 / Root(00) / motordutycyclein /     17.00000 para top(01)
Mensaje X / 00:00:21:000 / top(01) / motordutycyclein /     17.00000 para actualspeedcalc(02)
Mensaje D / 00:00:21:000 / actualspeedcalc(02) / 00:00:00:000 para top(01)
Mensaje D / 00:00:21:000 / top(01) / 00:00:00:000 para Root(00)
Mensaje * / 00:00:21:000 / Root(00) para top(01)
Mensaje * / 00:00:21:000 / top(01) para actualspeedcalc(02)
Mensaje D / 00:00:21:000 / actualspeedcalc(02) / 00:00:00:100 para top(01)
Mensaje D / 00:00:21:000 / top(01) / 00:00:00:100 para Root(00)
Mensaje * / 00:00:21:100 / Root(00) para top(01)
Mensaje * / 00:00:21:100 / top(01) para actualspeedcalc(02)
Mensaje Y / 00:00:21:100 / actualspeedcalc(02) / actualspeed /     17.00000 para top(01)
Mensaje D / 00:00:21:100 / actualspeedcalc(02) / ... para top(01)
Mensaje Y / 00:00:21:100 / top(01) / actualspeed /     17.00000 para Root(00)
Mensaje D / 00:00:21:100 / top(01) / ... para Root(00)
Mensaje X / 00:00:22:000 / Root(00) / motordutycyclein /     18.00000 para top(01)
Mensaje X / 00:00:22:000 / top(01) / motordutycyclein /     18.00000 para actualspeedcalc(02)
Mensaje D / 00:00:22:000 / actualspeedcalc(02) / 00:00:00:000 para top(01)
Mensaje D / 00:00:22:000 / top(01) / 00:00:00:000 para Root(00)
Mensaje * / 00:00:22:000 / Root(00) para top(01)
Mensaje * / 00:00:22:000 / top(01) para actualspeedcalc(02)
Mensaje D / 00:00:22:000 / actualspeedcalc(02) / 00:00:00:100 para top(01)
Mensaje D / 00:00:22:000 / top(01) / 00:00:00:100 para Root(00)
Mensaje * / 00:00:22:100 / Root(00) para top(01)
Mensaje * / 00:00:22:100 / top(01) para actualspeedcalc(02)
Mensaje Y / 00:00:22:100 / actualspeedcalc(02) / actualspeed /     18.00000 para top(01)
Mensaje D / 00:00:22:100 / actualspeedcalc(02) / ... para top(01)
Mensaje Y / 00:00:22:100 / top(01) / actualspeed /     18.00000 para Root(00)
Mensaje D / 00:00:22:100 / top(01) / ... para Root(00)
Mensaje X / 00:00:23:000 / Root(00) / motordutycyclein /     19.00000 para top(01)
Mensaje X / 00:00:23:000 / top(01) / motordutycyclein /     19.00000 para actualspeedcalc(02)
Mensaje D / 00:00:23:000 / actualspeedcalc(02) / 00:00:00:000 para top(01)
Mensaje D / 00:00:23:000 / top(01) / 00:00:00:000 para Root(00)
Mensaje * / 00:00:23:000 / Root(00) para top(01)
Mensaje * / 00:00:23:000 / top(01) para actualspeedcalc(02)
Mensaje D / 00:00:23:000 / actualspeedcalc(02) / 00:00:00:100 para top(01)
Mensaje D / 00:00:23:000 / top(01) / 00:00:00:100 para Root(00)
Mensaje * / 00:00:23:100 / Root(00) para top(01)
Mensaje * / 00:00:23:100 / top(01) para actualspeedcalc(02)
Mensaje Y / 00:00:23:100 / actualspeedcalc(02) / actualspeed /     19.00000 para top(01)
Mensaje D / 00:00:23:100 / actualspeedcalc(02) / ... para top(01)
Mensaje Y / 00:00:23:100 / top(01) / actualspeed /     19.00000 para Root(00)
Mensaje D / 00:00:23:100 / top(01) / ... para Root(00)
Mensaje X / 00:00:24:000 / Root(00) / motordutycyclein /     20.00000 para top(01)
Mensaje X / 00:00:24:000 / top(01) / motordutycyclein /     20.00000 para actualspeedcalc(02)
Mensaje D / 00:00:24:000 / actualspeedcalc(02) / 00:00:00:000 para top(01)
Mensaje D / 00:00:24:000 / top(01) / 00:00:00:000 para Root(00)
Mensaje * / 00:00:24:000 / Root(00) para top(01)
Mensaje * / 00:00:24:000 / top(01) para actualspeedcalc(02)
Mensaje D / 00:00:24:000 / actualspeedcalc(02) / 00:00:00:100 para top(01)
Mensaje D / 00:00:24:000 / top(01) / 00:00:00:100 para Root(00)
Mensaje * / 00:00:24:100 / Root(00) para top(01)
Mensaje * / 00:00:24:100 / top(01) para actualspeedcalc(02)
Mensaje Y / 00:00:24:100 / actualspeedcalc(02) / actualspeed /     20.00000 para top(01)
Mensaje D / 00:00:24:100 / actualspeedcalc(02) / ... para top(01)
Mensaje Y / 00:00:24:100 / top(01) / actualspeed /     20.00000 para Root(00)
Mensaje D / 00:00:24:100 / top(01) / ... para Root(00)
Mensaje X / 00:00:25:000 / Root(00) / motordutycyclein /      0.00000 para top(01)
Mensaje X / 00:00:25:000 / top(01) / motordutycyclein /      0.00000 para actualspeedcalc(02)
Mensaje D / 00:00:25:000 / actualspeedcalc(02) / ... para top(01)
Mensaje D / 00:00:25:000 / top(01) / ... para Root(00)
Mensaje X / 00:00:26:000 / Root(00) / brakeintensityin /      0.10000 para top(01)
Mensaje X / 00:00:26:000 / top(01) / brakeintensityin /      0.10000 para actualspeedcalc(02)
Mensaje D / 00:00:26:000 / actualspeedcalc(02) / 00:00:00:000 para top(01)
Mensaje D / 00:00:26:000 / top(01) / 00:00:00:000 para Root(00)
Mensaje * / 00:00:26:000 / Root(00) para top(01)
Mensaje * / 00:00:26:000 / top(01) para actualspeedcalc(02)
Mensaje D / 00:00:26:000 / actualspeedcalc(02) / 00:00:00:359 para top(01)
Mensaje D / 00:00:26:000 / top(01) / 00:00:00:359 para Root(00)
Mensaje * / 00:00:26:359 / Root(00) para top(01)
Mensaje * / 00:00:26:359 / top(01) para actualspeedcalc(02)
Mensaje Y / 00:00:26:359 / actualspeedcalc(02) / actualspeed /     19.00000 para top(01)
Mensaje D / 00:00:26:359 / actualspeedcalc(02) / 00:00:00:359 para top(01)
Mensaje Y / 00:00:26:359 / top(01) / actualspeed /     19.00000 para Root(00)
Mensaje D / 00:00:26:359 / top(01) / 00:00:00:359 para Root(00)
Mensaje * / 00:00:26:718 / Root(00) para top(01)
Mensaje * / 00:00:26:718 / top(01) para actualspeedcalc(02)
Mensaje Y / 00:00:26:718 / actualspeedcalc(02) / actualspeed /     18.00000 para top(01)
Mensaje D / 00:00:26:718 / actualspeedcalc(02) / 00:00:00:359 para top(01)
Mensaje Y / 00:00:26:718 / top(01) / actualspeed /     18.00000 para Root(00)
Mensaje D / 00:00:26:718 / top(01) / 00:00:00:359 para Root(00)
Mensaje * / 00:00:27:077 / Root(00) para top(01)
Mensaje * / 00:00:27:077 / top(01) para actualspeedcalc(02)
Mensaje Y / 00:00:27:077 / actualspeedcalc(02) / actualspeed /     17.00000 para top(01)
Mensaje D / 00:00:27:077 / actualspeedcalc(02) / 00:00:00:359 para top(01)
Mensaje Y / 00:00:27:077 / top(01) / actualspeed /     17.00000 para Root(00)
Mensaje D / 00:00:27:077 / top(01) / 00:00:00:359 para Root(00)
Mensaje * / 00:00:27:436 / Root(00) para top(01)
Mensaje * / 00:00:27:436 / top(01) para actualspeedcalc(02)
Mensaje Y / 00:00:27:436 / actualspeedcalc(02) / actualspeed /     16.00000 para top(01)
Mensaje D / 00:00:27:436 / actualspeedcalc(02) / 00:00:00:359 para top(01)
Mensaje Y / 00:00:27:436 / top(01) / actualspeed /     16.00000 para Root(00)
Mensaje D / 00:00:27:436 / top(01) / 00:00:00:359 para Root(00)
Mensaje * / 00:00:27:795 / Root(00) para top(01)
Mensaje * / 00:00:27:795 / top(01) para actualspeedcalc(02)
Mensaje Y / 00:00:27:795 / actualspeedcalc(02) / actualspeed /     15.00000 para top(01)
Mensaje D / 00:00:27:795 / actualspeedcalc(02) / 00:00:00:359 para top(01)
Mensaje Y / 00:00:27:795 / top(01) / actualspeed /     15.00000 para Root(00)
Mensaje D / 00:00:27:795 / top(01) / 00:00:00:359 para Root(00)
Mensaje * / 00:00:28:154 / Root(00) para top(01)
Mensaje * / 00:00:28:154 / top(01) para actualspeedcalc(02)
Mensaje Y / 00:00:28:154 / actualspeedcalc(02) / actualspeed /     14.00000 para top(01)
Mensaje D / 00:00:28:154 / actualspeedcalc(02) / 00:00:00:359 para top(01)
Mensaje Y / 00:00:28:154 / top(01) / actualspeed /     14.00000 para Root(00)
Mensaje D / 00:00:28:154 / top(01) / 00:00:00:359 para Root(00)
Mensaje * / 00:00:28:513 / Root(00) para top(01)
Mensaje * / 00:00:28:513 / top(01) para actualspeedcalc(02)
Mensaje Y / 00:00:28:513 / actualspeedcalc(02) / actualspeed /     13.00000 para top(01)
Mensaje D / 00:00:28:513 / actualspeedcalc(02) / 00:00:00:359 para top(01)
Mensaje Y / 00:00:28:513 / top(01) / actualspeed /     13.00000 para Root(00)
Mensaje D / 00:00:28:513 / top(01) / 00:00:00:359 para Root(00)
Mensaje * / 00:00:28:872 / Root(00) para top(01)
Mensaje * / 00:00:28:872 / top(01) para actualspeedcalc(02)
Mensaje Y / 00:00:28:872 / actualspeedcalc(02) / actualspeed /     12.00000 para top(01)
Mensaje D / 00:00:28:872 / actualspeedcalc(02) / 00:00:00:359 para top(01)
Mensaje Y / 00:00:28:872 / top(01) / actualspeed /     12.00000 para Root(00)
Mensaje D / 00:00:28:872 / top(01) / 00:00:00:359 para Root(00)
Mensaje * / 00:00:29:231 / Root(00) para top(01)
Mensaje * / 00:00:29:231 / top(01) para actualspeedcalc(02)
Mensaje Y / 00:00:29:231 / actualspeedcalc(02) / actualspeed /     11.00000 para top(01)
Mensaje D / 00:00:29:231 / actualspeedcalc(02) / 00:00:00:359 para top(01)
Mensaje Y / 00:00:29:231 / top(01) / actualspeed /     11.00000 para Root(00)
Mensaje D / 00:00:29:231 / top(01) / 00:00:00:359 para Root(00)
Mensaje * / 00:00:29:590 / Root(00) para top(01)
Mensaje * / 00:00:29:590 / top(01) para actualspeedcalc(02)
Mensaje Y / 00:00:29:590 / actualspeedcalc(02) / actualspeed /     10.00000 para top(01)
Mensaje D / 00:00:29:590 / actualspeedcalc(02) / 00:00:00:359 para top(01)
Mensaje Y / 00:00:29:590 / top(01) / actualspeed /     10.00000 para Root(00)
Mensaje D / 00:00:29:590 / top(01) / 00:00:00:359 para Root(00)
Mensaje * / 00:00:29:949 / Root(00) para top(01)
Mensaje * / 00:00:29:949 / top(01) para actualspeedcalc(02)
Mensaje Y / 00:00:29:949 / actualspeedcalc(02) / actualspeed /      9.00000 para top(01)
Mensaje D / 00:00:29:949 / actualspeedcalc(02) / 00:00:00:359 para top(01)
Mensaje Y / 00:00:29:949 / top(01) / actualspeed /      9.00000 para Root(00)
Mensaje D / 00:00:29:949 / top(01) / 00:00:00:359 para Root(00)
Mensaje * / 00:00:30:308 / Root(00) para top(01)
Mensaje * / 00:00:30:308 / top(01) para actualspeedcalc(02)
Mensaje Y / 00:00:30:308 / actualspeedcalc(02) / actualspeed /      8.00000 para top(01)
Mensaje D / 00:00:30:308 / actualspeedcalc(02) / 00:00:00:359 para top(01)
Mensaje Y / 00:00:30:308 / top(01) / actualspeed /      8.00000 para Root(00)
Mensaje D / 00:00:30:308 / top(01) / 00:00:00:359 para Root(00)
Mensaje * / 00:00:30:667 / Root(00) para top(01)
Mensaje * / 00:00:30:667 / top(01) para actualspeedcalc(02)
Mensaje Y / 00:00:30:667 / actualspeedcalc(02) / actualspeed /      7.00000 para top(01)
Mensaje D / 00:00:30:667 / actualspeedcalc(02) / 00:00:00:359 para top(01)
Mensaje Y / 00:00:30:667 / top(01) / actualspeed /      7.00000 para Root(00)
Mensaje D / 00:00:30:667 / top(01) / 00:00:00:359 para Root(00)
Mensaje * / 00:00:31:026 / Root(00) para top(01)
Mensaje * / 00:00:31:026 / top(01) para actualspeedcalc(02)
Mensaje Y / 00:00:31:026 / actualspeedcalc(02) / actualspeed /      6.00000 para top(01)
Mensaje D / 00:00:31:026 / actualspeedcalc(02) / 00:00:00:359 para top(01)
Mensaje Y / 00:00:31:026 / top(01) / actualspeed /      6.00000 para Root(00)
Mensaje D / 00:00:31:026 / top(01) / 00:00:00:359 para Root(00)
Mensaje * / 00:00:31:385 / Root(00) para top(01)
Mensaje * / 00:00:31:385 / top(01) para actualspeedcalc(02)
Mensaje Y / 00:00:31:385 / actualspeedcalc(02) / actualspeed /      5.00000 para top(01)
Mensaje D / 00:00:31:385 / actualspeedcalc(02) / 00:00:00:359 para top(01)
Mensaje Y / 00:00:31:385 / top(01) / actualspeed /      5.00000 para Root(00)
Mensaje D / 00:00:31:385 / top(01) / 00:00:00:359 para Root(00)
Mensaje * / 00:00:31:744 / Root(00) para top(01)
Mensaje * / 00:00:31:744 / top(01) para actualspeedcalc(02)
Mensaje Y / 00:00:31:744 / actualspeedcalc(02) / actualspeed /      4.00000 para top(01)
Mensaje D / 00:00:31:744 / actualspeedcalc(02) / 00:00:00:359 para top(01)
Mensaje Y / 00:00:31:744 / top(01) / actualspeed /      4.00000 para Root(00)
Mensaje D / 00:00:31:744 / top(01) / 00:00:00:359 para Root(00)
Mensaje * / 00:00:32:103 / Root(00) para top(01)
Mensaje * / 00:00:32:103 / top(01) para actualspeedcalc(02)
Mensaje Y / 00:00:32:103 / actualspeedcalc(02) / actualspeed /      3.00000 para top(01)
Mensaje D / 00:00:32:103 / actualspeedcalc(02) / 00:00:00:359 para top(01)
Mensaje Y / 00:00:32:103 / top(01) / actualspeed /      3.00000 para Root(00)
Mensaje D / 00:00:32:103 / top(01) / 00:00:00:359 para Root(00)
Mensaje * / 00:00:32:462 / Root(00) para top(01)
Mensaje * / 00:00:32:462 / top(01) para actualspeedcalc(02)
Mensaje Y / 00:00:32:462 / actualspeedcalc(02) / actualspeed /      2.00000 para top(01)
Mensaje D / 00:00:32:462 / actualspeedcalc(02) / 00:00:00:359 para top(01)
Mensaje Y / 00:00:32:462 / top(01) / actualspeed /      2.00000 para Root(00)
Mensaje D / 00:00:32:462 / top(01) / 00:00:00:359 para Root(00)
Mensaje * / 00:00:32:821 / Root(00) para top(01)
Mensaje * / 00:00:32:821 / top(01) para actualspeedcalc(02)
Mensaje Y / 00:00:32:821 / actualspeedcalc(02) / actualspeed /      1.00000 para top(01)
Mensaje D / 00:00:32:821 / actualspeedcalc(02) / 00:00:00:359 para top(01)
Mensaje Y / 00:00:32:821 / top(01) / actualspeed /      1.00000 para Root(00)
Mensaje D / 00:00:32:821 / top(01) / 00:00:00:359 para Root(00)
Mensaje * / 00:00:33:180 / Root(00) para top(01)
Mensaje * / 00:00:33:180 / top(01) para actualspeedcalc(02)
Mensaje Y / 00:00:33:180 / actualspeedcalc(02) / actualspeed /      0.00000 para top(01)
Mensaje D / 00:00:33:180 / actualspeedcalc(02) / ... para top(01)
Mensaje Y / 00:00:33:180 / top(01) / actualspeed /      0.00000 para Root(00)
Mensaje D / 00:00:33:180 / top(01) / ... para Root(00)
