Mensaje I / 00:00:00:000 / Root(00) para top(01)
Mensaje I / 00:00:00:000 / top(01) para desiredspeedcalculator(02)
Mensaje D / 00:00:00:000 / desiredspeedcalculator(02) / ... para top(01)
Mensaje D / 00:00:00:000 / top(01) / ... para Root(00)
Mensaje X / 00:00:05:000 / Root(00) / centerrangein /     60.00000 para top(01)
Mensaje X / 00:00:05:000 / top(01) / centerrangein /     60.00000 para desiredspeedcalculator(02)
Mensaje D / 00:00:05:000 / desiredspeedcalculator(02) / ... para top(01)
Mensaje D / 00:00:05:000 / top(01) / ... para Root(00)
Mensaje X / 00:00:05:001 / Root(00) / leftrangein /     50.00000 para top(01)
Mensaje X / 00:00:05:001 / top(01) / leftrangein /     50.00000 para desiredspeedcalculator(02)
Mensaje D / 00:00:05:001 / desiredspeedcalculator(02) / ... para top(01)
Mensaje D / 00:00:05:001 / top(01) / ... para Root(00)
Mensaje X / 00:00:05:002 / Root(00) / rightrangein /     50.00000 para top(01)
Mensaje X / 00:00:05:002 / top(01) / rightrangein /     50.00000 para desiredspeedcalculator(02)
Mensaje D / 00:00:05:002 / desiredspeedcalculator(02) / ... para top(01)
Mensaje D / 00:00:05:002 / top(01) / ... para Root(00)
Mensaje X / 00:00:10:000 / Root(00) / infrastructurein /  50226.00000 para top(01)
Mensaje X / 00:00:10:000 / top(01) / infrastructurein /  50226.00000 para desiredspeedcalculator(02)
Mensaje D / 00:00:10:000 / desiredspeedcalculator(02) / 00:00:00:000 para top(01)
Mensaje D / 00:00:10:000 / top(01) / 00:00:00:000 para Root(00)
Mensaje * / 00:00:10:000 / Root(00) para top(01)
Mensaje * / 00:00:10:000 / top(01) para desiredspeedcalculator(02)
Mensaje Y / 00:00:10:000 / desiredspeedcalculator(02) / desiredspeedout /   5170.00000 para top(01)
Mensaje D / 00:00:10:000 / desiredspeedcalculator(02) / ... para top(01)
Mensaje Y / 00:00:10:000 / top(01) / desiredspeedout /   5170.00000 para Root(00)
Mensaje D / 00:00:10:000 / top(01) / ... para Root(00)
Mensaje X / 00:00:20:000 / Root(00) / infrastructurein /  59692.00000 para top(01)
Mensaje X / 00:00:20:000 / top(01) / infrastructurein /  59692.00000 para desiredspeedcalculator(02)
Mensaje D / 00:00:20:000 / desiredspeedcalculator(02) / 00:00:00:000 para top(01)
Mensaje D / 00:00:20:000 / top(01) / 00:00:00:000 para Root(00)
Mensaje * / 00:00:20:000 / Root(00) para top(01)
Mensaje * / 00:00:20:000 / top(01) para desiredspeedcalculator(02)
Mensaje Y / 00:00:20:000 / desiredspeedcalculator(02) / desiredspeedout /  51500.00000 para top(01)
Mensaje D / 00:00:20:000 / desiredspeedcalculator(02) / ... para top(01)
Mensaje Y / 00:00:20:000 / top(01) / desiredspeedout /  51500.00000 para Root(00)
Mensaje D / 00:00:20:000 / top(01) / ... para Root(00)
Mensaje X / 00:00:40:000 / Root(00) / centerrangein /     40.00000 para top(01)
Mensaje X / 00:00:40:000 / top(01) / centerrangein /     40.00000 para desiredspeedcalculator(02)
Mensaje D / 00:00:40:000 / desiredspeedcalculator(02) / ... para top(01)
Mensaje D / 00:00:40:000 / top(01) / ... para Root(00)
Mensaje X / 00:00:42:000 / Root(00) / centerrangein /     45.00000 para top(01)
Mensaje X / 00:00:42:000 / top(01) / centerrangein /     45.00000 para desiredspeedcalculator(02)
Mensaje D / 00:00:42:000 / desiredspeedcalculator(02) / ... para top(01)
Mensaje D / 00:00:42:000 / top(01) / ... para Root(00)
Mensaje X / 00:01:40:000 / Root(00) / centerrangein /     60.00000 para top(01)
Mensaje X / 00:01:40:000 / top(01) / centerrangein /     60.00000 para desiredspeedcalculator(02)
Mensaje D / 00:01:40:000 / desiredspeedcalculator(02) / ... para top(01)
Mensaje D / 00:01:40:000 / top(01) / ... para Root(00)
Mensaje X / 00:21:40:000 / Root(00) / centerrangein /     10.00000 para top(01)
Mensaje X / 00:21:40:000 / top(01) / centerrangein /     10.00000 para desiredspeedcalculator(02)
Mensaje D / 00:21:40:000 / desiredspeedcalculator(02) / ... para top(01)
Mensaje D / 00:21:40:000 / top(01) / ... para Root(00)
