Mensaje I / 00:00:00:000 / Root(00) para top(01)
Mensaje I / 00:00:00:000 / top(01) para directioncontroller(02)
Mensaje I / 00:00:00:000 / directioncontroller(02) para gpsqueue(03)
Mensaje I / 00:00:00:000 / directioncontroller(02) para steerdriver(04)
Mensaje D / 00:00:00:000 / gpsqueue(03) / ... para directioncontroller(02)
Mensaje D / 00:00:00:000 / steerdriver(04) / ... para directioncontroller(02)
Mensaje D / 00:00:00:000 / directioncontroller(02) / ... para top(01)
Mensaje D / 00:00:00:000 / top(01) / ... para Root(00)
Mensaje X / 00:00:05:000 / Root(00) / speedin /     60.00000 para top(01)
Mensaje X / 00:00:05:000 / top(01) / speedin /     60.00000 para directioncontroller(02)
Mensaje X / 00:00:05:000 / directioncontroller(02) / speedin /     60.00000 para gpsqueue(03)
Mensaje X / 00:00:05:000 / directioncontroller(02) / speedin /     60.00000 para steerdriver(04)
Mensaje D / 00:00:05:000 / gpsqueue(03) / ... para directioncontroller(02)
Mensaje D / 00:00:05:000 / steerdriver(04) / ... para directioncontroller(02)
Mensaje D / 00:00:05:000 / directioncontroller(02) / ... para top(01)
Mensaje D / 00:00:05:000 / top(01) / ... para Root(00)
Mensaje X / 00:00:07:000 / Root(00) / gps /  33268.00000 para top(01)
Mensaje X / 00:00:07:000 / top(01) / gps /  33268.00000 para directioncontroller(02)
Mensaje X / 00:00:07:000 / directioncontroller(02) / gpsinstructionin /  33268.00000 para gpsqueue(03)
Mensaje D / 00:00:07:000 / gpsqueue(03) / 00:00:31:000 para directioncontroller(02)
Mensaje D / 00:00:07:000 / directioncontroller(02) / 00:00:31:000 para top(01)
Mensaje D / 00:00:07:000 / top(01) / 00:00:31:000 para Root(00)
Mensaje X / 00:00:10:000 / Root(00) / lanedetection /     10.00000 para top(01)
Mensaje X / 00:00:10:000 / top(01) / lanedetection /     10.00000 para directioncontroller(02)
Mensaje X / 00:00:10:000 / directioncontroller(02) / wheeldirectionin /     10.00000 para steerdriver(04)
Mensaje D / 00:00:10:000 / steerdriver(04) / 00:00:00:044 para directioncontroller(02)
Mensaje D / 00:00:10:000 / directioncontroller(02) / 00:00:00:044 para top(01)
Mensaje D / 00:00:10:000 / top(01) / 00:00:00:044 para Root(00)
Mensaje * / 00:00:10:044 / Root(00) para top(01)
Mensaje * / 00:00:10:044 / top(01) para directioncontroller(02)
Mensaje * / 00:00:10:044 / directioncontroller(02) para steerdriver(04)
Mensaje Y / 00:00:10:044 / steerdriver(04) / servodutycycle /      7.50000 para directioncontroller(02)
Mensaje D / 00:00:10:044 / steerdriver(04) / 00:00:00:044 para directioncontroller(02)
Mensaje Y / 00:00:10:044 / directioncontroller(02) / servodutycycle /      7.50000 para top(01)
Mensaje D / 00:00:10:044 / directioncontroller(02) / 00:00:00:044 para top(01)
Mensaje Y / 00:00:10:044 / top(01) / servodutycycle /      7.50000 para Root(00)
Mensaje D / 00:00:10:044 / top(01) / 00:00:00:044 para Root(00)
Mensaje * / 00:00:10:088 / Root(00) para top(01)
Mensaje * / 00:00:10:088 / top(01) para directioncontroller(02)
Mensaje * / 00:00:10:088 / directioncontroller(02) para steerdriver(04)
Mensaje Y / 00:00:10:088 / steerdriver(04) / servodutycycle /      7.60000 para directioncontroller(02)
Mensaje D / 00:00:10:088 / steerdriver(04) / 00:00:00:044 para directioncontroller(02)
Mensaje Y / 00:00:10:088 / directioncontroller(02) / servodutycycle /      7.60000 para top(01)
Mensaje D / 00:00:10:088 / directioncontroller(02) / 00:00:00:044 para top(01)
Mensaje Y / 00:00:10:088 / top(01) / servodutycycle /      7.60000 para Root(00)
Mensaje D / 00:00:10:088 / top(01) / 00:00:00:044 para Root(00)
Mensaje * / 00:00:10:132 / Root(00) para top(01)
Mensaje * / 00:00:10:132 / top(01) para directioncontroller(02)
Mensaje * / 00:00:10:132 / directioncontroller(02) para steerdriver(04)
Mensaje Y / 00:00:10:132 / steerdriver(04) / servodutycycle /      7.70000 para directioncontroller(02)
Mensaje D / 00:00:10:132 / steerdriver(04) / 00:00:00:044 para directioncontroller(02)
Mensaje Y / 00:00:10:132 / directioncontroller(02) / servodutycycle /      7.70000 para top(01)
Mensaje D / 00:00:10:132 / directioncontroller(02) / 00:00:00:044 para top(01)
Mensaje Y / 00:00:10:132 / top(01) / servodutycycle /      7.70000 para Root(00)
Mensaje D / 00:00:10:132 / top(01) / 00:00:00:044 para Root(00)
Mensaje * / 00:00:10:176 / Root(00) para top(01)
Mensaje * / 00:00:10:176 / top(01) para directioncontroller(02)
Mensaje * / 00:00:10:176 / directioncontroller(02) para steerdriver(04)
Mensaje Y / 00:00:10:176 / steerdriver(04) / servodutycycle /      7.80000 para directioncontroller(02)
Mensaje D / 00:00:10:176 / steerdriver(04) / 00:00:00:044 para directioncontroller(02)
Mensaje Y / 00:00:10:176 / directioncontroller(02) / servodutycycle /      7.80000 para top(01)
Mensaje D / 00:00:10:176 / directioncontroller(02) / 00:00:00:044 para top(01)
Mensaje Y / 00:00:10:176 / top(01) / servodutycycle /      7.80000 para Root(00)
Mensaje D / 00:00:10:176 / top(01) / 00:00:00:044 para Root(00)
Mensaje * / 00:00:10:220 / Root(00) para top(01)
Mensaje * / 00:00:10:220 / top(01) para directioncontroller(02)
Mensaje * / 00:00:10:220 / directioncontroller(02) para steerdriver(04)
Mensaje Y / 00:00:10:220 / steerdriver(04) / servodutycycle /      7.90000 para directioncontroller(02)
Mensaje D / 00:00:10:220 / steerdriver(04) / 00:00:00:044 para directioncontroller(02)
Mensaje Y / 00:00:10:220 / directioncontroller(02) / servodutycycle /      7.90000 para top(01)
Mensaje D / 00:00:10:220 / directioncontroller(02) / 00:00:00:044 para top(01)
Mensaje Y / 00:00:10:220 / top(01) / servodutycycle /      7.90000 para Root(00)
Mensaje D / 00:00:10:220 / top(01) / 00:00:00:044 para Root(00)
Mensaje * / 00:00:10:264 / Root(00) para top(01)
Mensaje * / 00:00:10:264 / top(01) para directioncontroller(02)
Mensaje * / 00:00:10:264 / directioncontroller(02) para steerdriver(04)
Mensaje Y / 00:00:10:264 / steerdriver(04) / servodutycycle /      8.00000 para directioncontroller(02)
Mensaje D / 00:00:10:264 / steerdriver(04) / 00:00:00:044 para directioncontroller(02)
Mensaje Y / 00:00:10:264 / directioncontroller(02) / servodutycycle /      8.00000 para top(01)
Mensaje D / 00:00:10:264 / directioncontroller(02) / 00:00:00:044 para top(01)
Mensaje Y / 00:00:10:264 / top(01) / servodutycycle /      8.00000 para Root(00)
Mensaje D / 00:00:10:264 / top(01) / 00:00:00:044 para Root(00)
Mensaje * / 00:00:10:308 / Root(00) para top(01)
Mensaje * / 00:00:10:308 / top(01) para directioncontroller(02)
Mensaje * / 00:00:10:308 / directioncontroller(02) para steerdriver(04)
Mensaje Y / 00:00:10:308 / steerdriver(04) / servodutycycle /      8.10000 para directioncontroller(02)
Mensaje D / 00:00:10:308 / steerdriver(04) / 00:00:00:044 para directioncontroller(02)
Mensaje Y / 00:00:10:308 / directioncontroller(02) / servodutycycle /      8.10000 para top(01)
Mensaje D / 00:00:10:308 / directioncontroller(02) / 00:00:00:044 para top(01)
Mensaje Y / 00:00:10:308 / top(01) / servodutycycle /      8.10000 para Root(00)
Mensaje D / 00:00:10:308 / top(01) / 00:00:00:044 para Root(00)
Mensaje * / 00:00:10:352 / Root(00) para top(01)
Mensaje * / 00:00:10:352 / top(01) para directioncontroller(02)
Mensaje * / 00:00:10:352 / directioncontroller(02) para steerdriver(04)
Mensaje Y / 00:00:10:352 / steerdriver(04) / servodutycycle /      8.20000 para directioncontroller(02)
Mensaje D / 00:00:10:352 / steerdriver(04) / 00:00:00:044 para directioncontroller(02)
Mensaje Y / 00:00:10:352 / directioncontroller(02) / servodutycycle /      8.20000 para top(01)
Mensaje D / 00:00:10:352 / directioncontroller(02) / 00:00:00:044 para top(01)
Mensaje Y / 00:00:10:352 / top(01) / servodutycycle /      8.20000 para Root(00)
Mensaje D / 00:00:10:352 / top(01) / 00:00:00:044 para Root(00)
Mensaje * / 00:00:10:396 / Root(00) para top(01)
Mensaje * / 00:00:10:396 / top(01) para directioncontroller(02)
Mensaje * / 00:00:10:396 / directioncontroller(02) para steerdriver(04)
Mensaje Y / 00:00:10:396 / steerdriver(04) / servodutycycle /      8.30000 para directioncontroller(02)
Mensaje D / 00:00:10:396 / steerdriver(04) / 00:00:00:044 para directioncontroller(02)
Mensaje Y / 00:00:10:396 / directioncontroller(02) / servodutycycle /      8.30000 para top(01)
Mensaje D / 00:00:10:396 / directioncontroller(02) / 00:00:00:044 para top(01)
Mensaje Y / 00:00:10:396 / top(01) / servodutycycle /      8.30000 para Root(00)
Mensaje D / 00:00:10:396 / top(01) / 00:00:00:044 para Root(00)
Mensaje * / 00:00:10:440 / Root(00) para top(01)
Mensaje * / 00:00:10:440 / top(01) para directioncontroller(02)
Mensaje * / 00:00:10:440 / directioncontroller(02) para steerdriver(04)
Mensaje Y / 00:00:10:440 / steerdriver(04) / servodutycycle /      8.40000 para directioncontroller(02)
Mensaje D / 00:00:10:440 / steerdriver(04) / 00:00:00:044 para directioncontroller(02)
Mensaje Y / 00:00:10:440 / directioncontroller(02) / servodutycycle /      8.40000 para top(01)
Mensaje D / 00:00:10:440 / directioncontroller(02) / 00:00:00:044 para top(01)
Mensaje Y / 00:00:10:440 / top(01) / servodutycycle /      8.40000 para Root(00)
Mensaje D / 00:00:10:440 / top(01) / 00:00:00:044 para Root(00)
Mensaje * / 00:00:10:484 / Root(00) para top(01)
Mensaje * / 00:00:10:484 / top(01) para directioncontroller(02)
Mensaje * / 00:00:10:484 / directioncontroller(02) para steerdriver(04)
Mensaje Y / 00:00:10:484 / steerdriver(04) / servodutycycle /      8.50000 para directioncontroller(02)
Mensaje D / 00:00:10:484 / steerdriver(04) / ... para directioncontroller(02)
Mensaje Y / 00:00:10:484 / directioncontroller(02) / servodutycycle /      8.50000 para top(01)
Mensaje D / 00:00:10:484 / directioncontroller(02) / 00:00:27:516 para top(01)
Mensaje Y / 00:00:10:484 / top(01) / servodutycycle /      8.50000 para Root(00)
Mensaje D / 00:00:10:484 / top(01) / 00:00:27:516 para Root(00)
Mensaje X / 00:00:25:000 / Root(00) / speedin /     10.00000 para top(01)
Mensaje X / 00:00:25:000 / top(01) / speedin /     10.00000 para directioncontroller(02)
Mensaje X / 00:00:25:000 / directioncontroller(02) / speedin /     10.00000 para gpsqueue(03)
Mensaje X / 00:00:25:000 / directioncontroller(02) / speedin /     10.00000 para steerdriver(04)
Mensaje D / 00:00:25:000 / gpsqueue(03) / 00:06:00:000 para directioncontroller(02)
Mensaje D / 00:00:25:000 / steerdriver(04) / ... para directioncontroller(02)
Mensaje D / 00:00:25:000 / directioncontroller(02) / 00:06:00:000 para top(01)
Mensaje D / 00:00:25:000 / top(01) / 00:06:00:000 para Root(00)
Mensaje X / 00:00:30:000 / Root(00) / gps /    200.00000 para top(01)
Mensaje X / 00:00:30:000 / top(01) / gps /    200.00000 para directioncontroller(02)
Mensaje X / 00:00:30:000 / directioncontroller(02) / gpsinstructionin /    200.00000 para gpsqueue(03)
Mensaje D / 00:00:30:000 / gpsqueue(03) / 00:05:55:000 para directioncontroller(02)
Mensaje D / 00:00:30:000 / directioncontroller(02) / 00:05:55:000 para top(01)
Mensaje D / 00:00:30:000 / top(01) / 00:05:55:000 para Root(00)
Mensaje X / 00:00:30:000 / Root(00) / lanedetection /      0.00000 para top(01)
Mensaje X / 00:00:30:000 / top(01) / lanedetection /      0.00000 para directioncontroller(02)
Mensaje X / 00:00:30:000 / directioncontroller(02) / wheeldirectionin /      0.00000 para steerdriver(04)
Mensaje D / 00:00:30:000 / steerdriver(04) / 00:00:00:007 para directioncontroller(02)
Mensaje D / 00:00:30:000 / directioncontroller(02) / 00:00:00:007 para top(01)
Mensaje D / 00:00:30:000 / top(01) / 00:00:00:007 para Root(00)
Mensaje * / 00:00:30:007 / Root(00) para top(01)
Mensaje * / 00:00:30:007 / top(01) para directioncontroller(02)
Mensaje * / 00:00:30:007 / directioncontroller(02) para steerdriver(04)
Mensaje Y / 00:00:30:007 / steerdriver(04) / servodutycycle /      8.50000 para directioncontroller(02)
Mensaje D / 00:00:30:007 / steerdriver(04) / 00:00:00:007 para directioncontroller(02)
Mensaje Y / 00:00:30:007 / directioncontroller(02) / servodutycycle /      8.50000 para top(01)
Mensaje D / 00:00:30:007 / directioncontroller(02) / 00:00:00:007 para top(01)
Mensaje Y / 00:00:30:007 / top(01) / servodutycycle /      8.50000 para Root(00)
Mensaje D / 00:00:30:007 / top(01) / 00:00:00:007 para Root(00)
Mensaje * / 00:00:30:014 / Root(00) para top(01)
Mensaje * / 00:00:30:014 / top(01) para directioncontroller(02)
Mensaje * / 00:00:30:014 / directioncontroller(02) para steerdriver(04)
Mensaje Y / 00:00:30:014 / steerdriver(04) / servodutycycle /      8.40000 para directioncontroller(02)
Mensaje D / 00:00:30:014 / steerdriver(04) / 00:00:00:007 para directioncontroller(02)
Mensaje Y / 00:00:30:014 / directioncontroller(02) / servodutycycle /      8.40000 para top(01)
Mensaje D / 00:00:30:014 / directioncontroller(02) / 00:00:00:007 para top(01)
Mensaje Y / 00:00:30:014 / top(01) / servodutycycle /      8.40000 para Root(00)
Mensaje D / 00:00:30:014 / top(01) / 00:00:00:007 para Root(00)
Mensaje * / 00:00:30:021 / Root(00) para top(01)
Mensaje * / 00:00:30:021 / top(01) para directioncontroller(02)
Mensaje * / 00:00:30:021 / directioncontroller(02) para steerdriver(04)
Mensaje Y / 00:00:30:021 / steerdriver(04) / servodutycycle /      8.30000 para directioncontroller(02)
Mensaje D / 00:00:30:021 / steerdriver(04) / 00:00:00:007 para directioncontroller(02)
Mensaje Y / 00:00:30:021 / directioncontroller(02) / servodutycycle /      8.30000 para top(01)
Mensaje D / 00:00:30:021 / directioncontroller(02) / 00:00:00:007 para top(01)
Mensaje Y / 00:00:30:021 / top(01) / servodutycycle /      8.30000 para Root(00)
Mensaje D / 00:00:30:021 / top(01) / 00:00:00:007 para Root(00)
Mensaje * / 00:00:30:028 / Root(00) para top(01)
Mensaje * / 00:00:30:028 / top(01) para directioncontroller(02)
Mensaje * / 00:00:30:028 / directioncontroller(02) para steerdriver(04)
Mensaje Y / 00:00:30:028 / steerdriver(04) / servodutycycle /      8.20000 para directioncontroller(02)
Mensaje D / 00:00:30:028 / steerdriver(04) / 00:00:00:007 para directioncontroller(02)
Mensaje Y / 00:00:30:028 / directioncontroller(02) / servodutycycle /      8.20000 para top(01)
Mensaje D / 00:00:30:028 / directioncontroller(02) / 00:00:00:007 para top(01)
Mensaje Y / 00:00:30:028 / top(01) / servodutycycle /      8.20000 para Root(00)
Mensaje D / 00:00:30:028 / top(01) / 00:00:00:007 para Root(00)
Mensaje * / 00:00:30:035 / Root(00) para top(01)
Mensaje * / 00:00:30:035 / top(01) para directioncontroller(02)
Mensaje * / 00:00:30:035 / directioncontroller(02) para steerdriver(04)
Mensaje Y / 00:00:30:035 / steerdriver(04) / servodutycycle /      8.10000 para directioncontroller(02)
Mensaje D / 00:00:30:035 / steerdriver(04) / 00:00:00:007 para directioncontroller(02)
Mensaje Y / 00:00:30:035 / directioncontroller(02) / servodutycycle /      8.10000 para top(01)
Mensaje D / 00:00:30:035 / directioncontroller(02) / 00:00:00:007 para top(01)
Mensaje Y / 00:00:30:035 / top(01) / servodutycycle /      8.10000 para Root(00)
Mensaje D / 00:00:30:035 / top(01) / 00:00:00:007 para Root(00)
Mensaje * / 00:00:30:042 / Root(00) para top(01)
Mensaje * / 00:00:30:042 / top(01) para directioncontroller(02)
Mensaje * / 00:00:30:042 / directioncontroller(02) para steerdriver(04)
Mensaje Y / 00:00:30:042 / steerdriver(04) / servodutycycle /      8.00000 para directioncontroller(02)
Mensaje D / 00:00:30:042 / steerdriver(04) / 00:00:00:007 para directioncontroller(02)
Mensaje Y / 00:00:30:042 / directioncontroller(02) / servodutycycle /      8.00000 para top(01)
Mensaje D / 00:00:30:042 / directioncontroller(02) / 00:00:00:007 para top(01)
Mensaje Y / 00:00:30:042 / top(01) / servodutycycle /      8.00000 para Root(00)
Mensaje D / 00:00:30:042 / top(01) / 00:00:00:007 para Root(00)
Mensaje * / 00:00:30:049 / Root(00) para top(01)
Mensaje * / 00:00:30:049 / top(01) para directioncontroller(02)
Mensaje * / 00:00:30:049 / directioncontroller(02) para steerdriver(04)
Mensaje Y / 00:00:30:049 / steerdriver(04) / servodutycycle /      7.90000 para directioncontroller(02)
Mensaje D / 00:00:30:049 / steerdriver(04) / 00:00:00:007 para directioncontroller(02)
Mensaje Y / 00:00:30:049 / directioncontroller(02) / servodutycycle /      7.90000 para top(01)
Mensaje D / 00:00:30:049 / directioncontroller(02) / 00:00:00:007 para top(01)
Mensaje Y / 00:00:30:049 / top(01) / servodutycycle /      7.90000 para Root(00)
Mensaje D / 00:00:30:049 / top(01) / 00:00:00:007 para Root(00)
Mensaje * / 00:00:30:056 / Root(00) para top(01)
Mensaje * / 00:00:30:056 / top(01) para directioncontroller(02)
Mensaje * / 00:00:30:056 / directioncontroller(02) para steerdriver(04)
Mensaje Y / 00:00:30:056 / steerdriver(04) / servodutycycle /      7.80000 para directioncontroller(02)
Mensaje D / 00:00:30:056 / steerdriver(04) / 00:00:00:007 para directioncontroller(02)
Mensaje Y / 00:00:30:056 / directioncontroller(02) / servodutycycle /      7.80000 para top(01)
Mensaje D / 00:00:30:056 / directioncontroller(02) / 00:00:00:007 para top(01)
Mensaje Y / 00:00:30:056 / top(01) / servodutycycle /      7.80000 para Root(00)
Mensaje D / 00:00:30:056 / top(01) / 00:00:00:007 para Root(00)
Mensaje * / 00:00:30:063 / Root(00) para top(01)
Mensaje * / 00:00:30:063 / top(01) para directioncontroller(02)
Mensaje * / 00:00:30:063 / directioncontroller(02) para steerdriver(04)
Mensaje Y / 00:00:30:063 / steerdriver(04) / servodutycycle /      7.70000 para directioncontroller(02)
Mensaje D / 00:00:30:063 / steerdriver(04) / 00:00:00:007 para directioncontroller(02)
Mensaje Y / 00:00:30:063 / directioncontroller(02) / servodutycycle /      7.70000 para top(01)
Mensaje D / 00:00:30:063 / directioncontroller(02) / 00:00:00:007 para top(01)
Mensaje Y / 00:00:30:063 / top(01) / servodutycycle /      7.70000 para Root(00)
Mensaje D / 00:00:30:063 / top(01) / 00:00:00:007 para Root(00)
Mensaje * / 00:00:30:070 / Root(00) para top(01)
Mensaje * / 00:00:30:070 / top(01) para directioncontroller(02)
Mensaje * / 00:00:30:070 / directioncontroller(02) para steerdriver(04)
Mensaje Y / 00:00:30:070 / steerdriver(04) / servodutycycle /      7.60000 para directioncontroller(02)
Mensaje D / 00:00:30:070 / steerdriver(04) / 00:00:00:007 para directioncontroller(02)
Mensaje Y / 00:00:30:070 / directioncontroller(02) / servodutycycle /      7.60000 para top(01)
Mensaje D / 00:00:30:070 / directioncontroller(02) / 00:00:00:007 para top(01)
Mensaje Y / 00:00:30:070 / top(01) / servodutycycle /      7.60000 para Root(00)
Mensaje D / 00:00:30:070 / top(01) / 00:00:00:007 para Root(00)
Mensaje * / 00:00:30:077 / Root(00) para top(01)
Mensaje * / 00:00:30:077 / top(01) para directioncontroller(02)
Mensaje * / 00:00:30:077 / directioncontroller(02) para steerdriver(04)
Mensaje Y / 00:00:30:077 / steerdriver(04) / servodutycycle /      7.50000 para directioncontroller(02)
Mensaje D / 00:00:30:077 / steerdriver(04) / ... para directioncontroller(02)
Mensaje Y / 00:00:30:077 / directioncontroller(02) / servodutycycle /      7.50000 para top(01)
Mensaje D / 00:00:30:077 / directioncontroller(02) / 00:05:54:923 para top(01)
Mensaje Y / 00:00:30:077 / top(01) / servodutycycle /      7.50000 para Root(00)
Mensaje D / 00:00:30:077 / top(01) / 00:05:54:923 para Root(00)
Mensaje X / 00:01:00:000 / Root(00) / speedin /    100.00000 para top(01)
Mensaje X / 00:01:00:000 / top(01) / speedin /    100.00000 para directioncontroller(02)
Mensaje X / 00:01:00:000 / directioncontroller(02) / speedin /    100.00000 para gpsqueue(03)
Mensaje X / 00:01:00:000 / directioncontroller(02) / speedin /    100.00000 para steerdriver(04)
Mensaje D / 00:01:00:000 / gpsqueue(03) / 00:00:18:000 para directioncontroller(02)
Mensaje D / 00:01:00:000 / steerdriver(04) / ... para directioncontroller(02)
Mensaje D / 00:01:00:000 / directioncontroller(02) / 00:00:18:000 para top(01)
Mensaje D / 00:01:00:000 / top(01) / 00:00:18:000 para Root(00)
Mensaje X / 00:01:10:000 / Root(00) / lanedetection /     10.00000 para top(01)
Mensaje X / 00:01:10:000 / top(01) / lanedetection /     10.00000 para directioncontroller(02)
Mensaje X / 00:01:10:000 / directioncontroller(02) / wheeldirectionin /     10.00000 para steerdriver(04)
Mensaje D / 00:01:10:000 / steerdriver(04) / 00:00:00:074 para directioncontroller(02)
Mensaje D / 00:01:10:000 / directioncontroller(02) / 00:00:00:074 para top(01)
Mensaje D / 00:01:10:000 / top(01) / 00:00:00:074 para Root(00)
Mensaje * / 00:01:10:074 / Root(00) para top(01)
Mensaje * / 00:01:10:074 / top(01) para directioncontroller(02)
Mensaje * / 00:01:10:074 / directioncontroller(02) para steerdriver(04)
Mensaje Y / 00:01:10:074 / steerdriver(04) / servodutycycle /      7.50000 para directioncontroller(02)
Mensaje D / 00:01:10:074 / steerdriver(04) / 00:00:00:074 para directioncontroller(02)
Mensaje Y / 00:01:10:074 / directioncontroller(02) / servodutycycle /      7.50000 para top(01)
Mensaje D / 00:01:10:074 / directioncontroller(02) / 00:00:00:074 para top(01)
Mensaje Y / 00:01:10:074 / top(01) / servodutycycle /      7.50000 para Root(00)
Mensaje D / 00:01:10:074 / top(01) / 00:00:00:074 para Root(00)
Mensaje * / 00:01:10:148 / Root(00) para top(01)
Mensaje * / 00:01:10:148 / top(01) para directioncontroller(02)
Mensaje * / 00:01:10:148 / directioncontroller(02) para steerdriver(04)
Mensaje Y / 00:01:10:148 / steerdriver(04) / servodutycycle /      7.60000 para directioncontroller(02)
Mensaje D / 00:01:10:148 / steerdriver(04) / 00:00:00:074 para directioncontroller(02)
Mensaje Y / 00:01:10:148 / directioncontroller(02) / servodutycycle /      7.60000 para top(01)
Mensaje D / 00:01:10:148 / directioncontroller(02) / 00:00:00:074 para top(01)
Mensaje Y / 00:01:10:148 / top(01) / servodutycycle /      7.60000 para Root(00)
Mensaje D / 00:01:10:148 / top(01) / 00:00:00:074 para Root(00)
Mensaje * / 00:01:10:222 / Root(00) para top(01)
Mensaje * / 00:01:10:222 / top(01) para directioncontroller(02)
Mensaje * / 00:01:10:222 / directioncontroller(02) para steerdriver(04)
Mensaje Y / 00:01:10:222 / steerdriver(04) / servodutycycle /      7.70000 para directioncontroller(02)
Mensaje D / 00:01:10:222 / steerdriver(04) / 00:00:00:074 para directioncontroller(02)
Mensaje Y / 00:01:10:222 / directioncontroller(02) / servodutycycle /      7.70000 para top(01)
Mensaje D / 00:01:10:222 / directioncontroller(02) / 00:00:00:074 para top(01)
Mensaje Y / 00:01:10:222 / top(01) / servodutycycle /      7.70000 para Root(00)
Mensaje D / 00:01:10:222 / top(01) / 00:00:00:074 para Root(00)
Mensaje * / 00:01:10:296 / Root(00) para top(01)
Mensaje * / 00:01:10:296 / top(01) para directioncontroller(02)
Mensaje * / 00:01:10:296 / directioncontroller(02) para steerdriver(04)
Mensaje Y / 00:01:10:296 / steerdriver(04) / servodutycycle /      7.80000 para directioncontroller(02)
Mensaje D / 00:01:10:296 / steerdriver(04) / 00:00:00:074 para directioncontroller(02)
Mensaje Y / 00:01:10:296 / directioncontroller(02) / servodutycycle /      7.80000 para top(01)
Mensaje D / 00:01:10:296 / directioncontroller(02) / 00:00:00:074 para top(01)
Mensaje Y / 00:01:10:296 / top(01) / servodutycycle /      7.80000 para Root(00)
Mensaje D / 00:01:10:296 / top(01) / 00:00:00:074 para Root(00)
Mensaje * / 00:01:10:370 / Root(00) para top(01)
Mensaje * / 00:01:10:370 / top(01) para directioncontroller(02)
Mensaje * / 00:01:10:370 / directioncontroller(02) para steerdriver(04)
Mensaje Y / 00:01:10:370 / steerdriver(04) / servodutycycle /      7.90000 para directioncontroller(02)
Mensaje D / 00:01:10:370 / steerdriver(04) / 00:00:00:074 para directioncontroller(02)
Mensaje Y / 00:01:10:370 / directioncontroller(02) / servodutycycle /      7.90000 para top(01)
Mensaje D / 00:01:10:370 / directioncontroller(02) / 00:00:00:074 para top(01)
Mensaje Y / 00:01:10:370 / top(01) / servodutycycle /      7.90000 para Root(00)
Mensaje D / 00:01:10:370 / top(01) / 00:00:00:074 para Root(00)
Mensaje * / 00:01:10:444 / Root(00) para top(01)
Mensaje * / 00:01:10:444 / top(01) para directioncontroller(02)
Mensaje * / 00:01:10:444 / directioncontroller(02) para steerdriver(04)
Mensaje Y / 00:01:10:444 / steerdriver(04) / servodutycycle /      8.00000 para directioncontroller(02)
Mensaje D / 00:01:10:444 / steerdriver(04) / 00:00:00:074 para directioncontroller(02)
Mensaje Y / 00:01:10:444 / directioncontroller(02) / servodutycycle /      8.00000 para top(01)
Mensaje D / 00:01:10:444 / directioncontroller(02) / 00:00:00:074 para top(01)
Mensaje Y / 00:01:10:444 / top(01) / servodutycycle /      8.00000 para Root(00)
Mensaje D / 00:01:10:444 / top(01) / 00:00:00:074 para Root(00)
Mensaje * / 00:01:10:518 / Root(00) para top(01)
Mensaje * / 00:01:10:518 / top(01) para directioncontroller(02)
Mensaje * / 00:01:10:518 / directioncontroller(02) para steerdriver(04)
Mensaje Y / 00:01:10:518 / steerdriver(04) / servodutycycle /      8.10000 para directioncontroller(02)
Mensaje D / 00:01:10:518 / steerdriver(04) / 00:00:00:074 para directioncontroller(02)
Mensaje Y / 00:01:10:518 / directioncontroller(02) / servodutycycle /      8.10000 para top(01)
Mensaje D / 00:01:10:518 / directioncontroller(02) / 00:00:00:074 para top(01)
Mensaje Y / 00:01:10:518 / top(01) / servodutycycle /      8.10000 para Root(00)
Mensaje D / 00:01:10:518 / top(01) / 00:00:00:074 para Root(00)
Mensaje * / 00:01:10:592 / Root(00) para top(01)
Mensaje * / 00:01:10:592 / top(01) para directioncontroller(02)
Mensaje * / 00:01:10:592 / directioncontroller(02) para steerdriver(04)
Mensaje Y / 00:01:10:592 / steerdriver(04) / servodutycycle /      8.20000 para directioncontroller(02)
Mensaje D / 00:01:10:592 / steerdriver(04) / 00:00:00:074 para directioncontroller(02)
Mensaje Y / 00:01:10:592 / directioncontroller(02) / servodutycycle /      8.20000 para top(01)
Mensaje D / 00:01:10:592 / directioncontroller(02) / 00:00:00:074 para top(01)
Mensaje Y / 00:01:10:592 / top(01) / servodutycycle /      8.20000 para Root(00)
Mensaje D / 00:01:10:592 / top(01) / 00:00:00:074 para Root(00)
Mensaje * / 00:01:10:666 / Root(00) para top(01)
Mensaje * / 00:01:10:666 / top(01) para directioncontroller(02)
Mensaje * / 00:01:10:666 / directioncontroller(02) para steerdriver(04)
Mensaje Y / 00:01:10:666 / steerdriver(04) / servodutycycle /      8.30000 para directioncontroller(02)
Mensaje D / 00:01:10:666 / steerdriver(04) / 00:00:00:074 para directioncontroller(02)
Mensaje Y / 00:01:10:666 / directioncontroller(02) / servodutycycle /      8.30000 para top(01)
Mensaje D / 00:01:10:666 / directioncontroller(02) / 00:00:00:074 para top(01)
Mensaje Y / 00:01:10:666 / top(01) / servodutycycle /      8.30000 para Root(00)
Mensaje D / 00:01:10:666 / top(01) / 00:00:00:074 para Root(00)
Mensaje * / 00:01:10:740 / Root(00) para top(01)
Mensaje * / 00:01:10:740 / top(01) para directioncontroller(02)
Mensaje * / 00:01:10:740 / directioncontroller(02) para steerdriver(04)
Mensaje Y / 00:01:10:740 / steerdriver(04) / servodutycycle /      8.40000 para directioncontroller(02)
Mensaje D / 00:01:10:740 / steerdriver(04) / 00:00:00:074 para directioncontroller(02)
Mensaje Y / 00:01:10:740 / directioncontroller(02) / servodutycycle /      8.40000 para top(01)
Mensaje D / 00:01:10:740 / directioncontroller(02) / 00:00:00:074 para top(01)
Mensaje Y / 00:01:10:740 / top(01) / servodutycycle /      8.40000 para Root(00)
Mensaje D / 00:01:10:740 / top(01) / 00:00:00:074 para Root(00)
Mensaje * / 00:01:10:814 / Root(00) para top(01)
Mensaje * / 00:01:10:814 / top(01) para directioncontroller(02)
Mensaje * / 00:01:10:814 / directioncontroller(02) para steerdriver(04)
Mensaje Y / 00:01:10:814 / steerdriver(04) / servodutycycle /      8.50000 para directioncontroller(02)
Mensaje D / 00:01:10:814 / steerdriver(04) / ... para directioncontroller(02)
Mensaje Y / 00:01:10:814 / directioncontroller(02) / servodutycycle /      8.50000 para top(01)
Mensaje D / 00:01:10:814 / directioncontroller(02) / 00:00:07:186 para top(01)
Mensaje Y / 00:01:10:814 / top(01) / servodutycycle /      8.50000 para Root(00)
Mensaje D / 00:01:10:814 / top(01) / 00:00:07:186 para Root(00)
Mensaje * / 00:01:18:000 / Root(00) para top(01)
Mensaje * / 00:01:18:000 / top(01) para directioncontroller(02)
Mensaje * / 00:01:18:000 / directioncontroller(02) para gpsqueue(03)
Mensaje Y / 00:01:18:000 / gpsqueue(03) / turnrequest /      1.00000 para directioncontroller(02)
Mensaje D / 00:01:18:000 / gpsqueue(03) / 00:00:07:000 para directioncontroller(02)
Mensaje Y / 00:01:18:000 / directioncontroller(02) / turnrequest /      1.00000 para top(01)
Mensaje D / 00:01:18:000 / directioncontroller(02) / 00:00:07:000 para top(01)
Mensaje Y / 00:01:18:000 / top(01) / turnrequest /      1.00000 para Root(00)
Mensaje D / 00:01:18:000 / top(01) / 00:00:07:000 para Root(00)
Mensaje * / 00:01:25:000 / Root(00) para top(01)
Mensaje * / 00:01:25:000 / top(01) para directioncontroller(02)
Mensaje * / 00:01:25:000 / directioncontroller(02) para gpsqueue(03)
Mensaje Y / 00:01:25:000 / gpsqueue(03) / turnrequest /      0.00000 para directioncontroller(02)
Mensaje D / 00:01:25:000 / gpsqueue(03) / ... para directioncontroller(02)
Mensaje Y / 00:01:25:000 / directioncontroller(02) / turnrequest /      0.00000 para top(01)
Mensaje D / 00:01:25:000 / directioncontroller(02) / ... para top(01)
Mensaje Y / 00:01:25:000 / top(01) / turnrequest /      0.00000 para Root(00)
Mensaje D / 00:01:25:000 / top(01) / ... para Root(00)
Mensaje X / 00:01:50:000 / Root(00) / lanedetection /    -10.00000 para top(01)
Mensaje X / 00:01:50:000 / top(01) / lanedetection /    -10.00000 para directioncontroller(02)
Mensaje X / 00:01:50:000 / directioncontroller(02) / wheeldirectionin /    -10.00000 para steerdriver(04)
Mensaje D / 00:01:50:000 / steerdriver(04) / 00:00:00:074 para directioncontroller(02)
Mensaje D / 00:01:50:000 / directioncontroller(02) / 00:00:00:074 para top(01)
Mensaje D / 00:01:50:000 / top(01) / 00:00:00:074 para Root(00)
Mensaje * / 00:01:50:074 / Root(00) para top(01)
Mensaje * / 00:01:50:074 / top(01) para directioncontroller(02)
Mensaje * / 00:01:50:074 / directioncontroller(02) para steerdriver(04)
Mensaje Y / 00:01:50:074 / steerdriver(04) / servodutycycle /      8.50000 para directioncontroller(02)
Mensaje D / 00:01:50:074 / steerdriver(04) / 00:00:00:074 para directioncontroller(02)
Mensaje Y / 00:01:50:074 / directioncontroller(02) / servodutycycle /      8.50000 para top(01)
Mensaje D / 00:01:50:074 / directioncontroller(02) / 00:00:00:074 para top(01)
Mensaje Y / 00:01:50:074 / top(01) / servodutycycle /      8.50000 para Root(00)
Mensaje D / 00:01:50:074 / top(01) / 00:00:00:074 para Root(00)
Mensaje * / 00:01:50:148 / Root(00) para top(01)
Mensaje * / 00:01:50:148 / top(01) para directioncontroller(02)
Mensaje * / 00:01:50:148 / directioncontroller(02) para steerdriver(04)
Mensaje Y / 00:01:50:148 / steerdriver(04) / servodutycycle /      8.40000 para directioncontroller(02)
Mensaje D / 00:01:50:148 / steerdriver(04) / 00:00:00:074 para directioncontroller(02)
Mensaje Y / 00:01:50:148 / directioncontroller(02) / servodutycycle /      8.40000 para top(01)
Mensaje D / 00:01:50:148 / directioncontroller(02) / 00:00:00:074 para top(01)
Mensaje Y / 00:01:50:148 / top(01) / servodutycycle /      8.40000 para Root(00)
Mensaje D / 00:01:50:148 / top(01) / 00:00:00:074 para Root(00)
Mensaje * / 00:01:50:222 / Root(00) para top(01)
Mensaje * / 00:01:50:222 / top(01) para directioncontroller(02)
Mensaje * / 00:01:50:222 / directioncontroller(02) para steerdriver(04)
Mensaje Y / 00:01:50:222 / steerdriver(04) / servodutycycle /      8.30000 para directioncontroller(02)
Mensaje D / 00:01:50:222 / steerdriver(04) / 00:00:00:074 para directioncontroller(02)
Mensaje Y / 00:01:50:222 / directioncontroller(02) / servodutycycle /      8.30000 para top(01)
Mensaje D / 00:01:50:222 / directioncontroller(02) / 00:00:00:074 para top(01)
Mensaje Y / 00:01:50:222 / top(01) / servodutycycle /      8.30000 para Root(00)
Mensaje D / 00:01:50:222 / top(01) / 00:00:00:074 para Root(00)
Mensaje * / 00:01:50:296 / Root(00) para top(01)
Mensaje * / 00:01:50:296 / top(01) para directioncontroller(02)
Mensaje * / 00:01:50:296 / directioncontroller(02) para steerdriver(04)
Mensaje Y / 00:01:50:296 / steerdriver(04) / servodutycycle /      8.20000 para directioncontroller(02)
Mensaje D / 00:01:50:296 / steerdriver(04) / 00:00:00:074 para directioncontroller(02)
Mensaje Y / 00:01:50:296 / directioncontroller(02) / servodutycycle /      8.20000 para top(01)
Mensaje D / 00:01:50:296 / directioncontroller(02) / 00:00:00:074 para top(01)
Mensaje Y / 00:01:50:296 / top(01) / servodutycycle /      8.20000 para Root(00)
Mensaje D / 00:01:50:296 / top(01) / 00:00:00:074 para Root(00)
Mensaje * / 00:01:50:370 / Root(00) para top(01)
Mensaje * / 00:01:50:370 / top(01) para directioncontroller(02)
Mensaje * / 00:01:50:370 / directioncontroller(02) para steerdriver(04)
Mensaje Y / 00:01:50:370 / steerdriver(04) / servodutycycle /      8.10000 para directioncontroller(02)
Mensaje D / 00:01:50:370 / steerdriver(04) / 00:00:00:074 para directioncontroller(02)
Mensaje Y / 00:01:50:370 / directioncontroller(02) / servodutycycle /      8.10000 para top(01)
Mensaje D / 00:01:50:370 / directioncontroller(02) / 00:00:00:074 para top(01)
Mensaje Y / 00:01:50:370 / top(01) / servodutycycle /      8.10000 para Root(00)
Mensaje D / 00:01:50:370 / top(01) / 00:00:00:074 para Root(00)
Mensaje * / 00:01:50:444 / Root(00) para top(01)
Mensaje * / 00:01:50:444 / top(01) para directioncontroller(02)
Mensaje * / 00:01:50:444 / directioncontroller(02) para steerdriver(04)
Mensaje Y / 00:01:50:444 / steerdriver(04) / servodutycycle /      8.00000 para directioncontroller(02)
Mensaje D / 00:01:50:444 / steerdriver(04) / 00:00:00:074 para directioncontroller(02)
Mensaje Y / 00:01:50:444 / directioncontroller(02) / servodutycycle /      8.00000 para top(01)
Mensaje D / 00:01:50:444 / directioncontroller(02) / 00:00:00:074 para top(01)
Mensaje Y / 00:01:50:444 / top(01) / servodutycycle /      8.00000 para Root(00)
Mensaje D / 00:01:50:444 / top(01) / 00:00:00:074 para Root(00)
Mensaje * / 00:01:50:518 / Root(00) para top(01)
Mensaje * / 00:01:50:518 / top(01) para directioncontroller(02)
Mensaje * / 00:01:50:518 / directioncontroller(02) para steerdriver(04)
Mensaje Y / 00:01:50:518 / steerdriver(04) / servodutycycle /      7.90000 para directioncontroller(02)
Mensaje D / 00:01:50:518 / steerdriver(04) / 00:00:00:074 para directioncontroller(02)
Mensaje Y / 00:01:50:518 / directioncontroller(02) / servodutycycle /      7.90000 para top(01)
Mensaje D / 00:01:50:518 / directioncontroller(02) / 00:00:00:074 para top(01)
Mensaje Y / 00:01:50:518 / top(01) / servodutycycle /      7.90000 para Root(00)
Mensaje D / 00:01:50:518 / top(01) / 00:00:00:074 para Root(00)
Mensaje * / 00:01:50:592 / Root(00) para top(01)
Mensaje * / 00:01:50:592 / top(01) para directioncontroller(02)
Mensaje * / 00:01:50:592 / directioncontroller(02) para steerdriver(04)
Mensaje Y / 00:01:50:592 / steerdriver(04) / servodutycycle /      7.80000 para directioncontroller(02)
Mensaje D / 00:01:50:592 / steerdriver(04) / 00:00:00:074 para directioncontroller(02)
Mensaje Y / 00:01:50:592 / directioncontroller(02) / servodutycycle /      7.80000 para top(01)
Mensaje D / 00:01:50:592 / directioncontroller(02) / 00:00:00:074 para top(01)
Mensaje Y / 00:01:50:592 / top(01) / servodutycycle /      7.80000 para Root(00)
Mensaje D / 00:01:50:592 / top(01) / 00:00:00:074 para Root(00)
Mensaje * / 00:01:50:666 / Root(00) para top(01)
Mensaje * / 00:01:50:666 / top(01) para directioncontroller(02)
Mensaje * / 00:01:50:666 / directioncontroller(02) para steerdriver(04)
Mensaje Y / 00:01:50:666 / steerdriver(04) / servodutycycle /      7.70000 para directioncontroller(02)
Mensaje D / 00:01:50:666 / steerdriver(04) / 00:00:00:074 para directioncontroller(02)
Mensaje Y / 00:01:50:666 / directioncontroller(02) / servodutycycle /      7.70000 para top(01)
Mensaje D / 00:01:50:666 / directioncontroller(02) / 00:00:00:074 para top(01)
Mensaje Y / 00:01:50:666 / top(01) / servodutycycle /      7.70000 para Root(00)
Mensaje D / 00:01:50:666 / top(01) / 00:00:00:074 para Root(00)
Mensaje * / 00:01:50:740 / Root(00) para top(01)
Mensaje * / 00:01:50:740 / top(01) para directioncontroller(02)
Mensaje * / 00:01:50:740 / directioncontroller(02) para steerdriver(04)
Mensaje Y / 00:01:50:740 / steerdriver(04) / servodutycycle /      7.60000 para directioncontroller(02)
Mensaje D / 00:01:50:740 / steerdriver(04) / 00:00:00:074 para directioncontroller(02)
Mensaje Y / 00:01:50:740 / directioncontroller(02) / servodutycycle /      7.60000 para top(01)
Mensaje D / 00:01:50:740 / directioncontroller(02) / 00:00:00:074 para top(01)
Mensaje Y / 00:01:50:740 / top(01) / servodutycycle /      7.60000 para Root(00)
Mensaje D / 00:01:50:740 / top(01) / 00:00:00:074 para Root(00)
Mensaje * / 00:01:50:814 / Root(00) para top(01)
Mensaje * / 00:01:50:814 / top(01) para directioncontroller(02)
Mensaje * / 00:01:50:814 / directioncontroller(02) para steerdriver(04)
Mensaje Y / 00:01:50:814 / steerdriver(04) / servodutycycle /      7.50000 para directioncontroller(02)
Mensaje D / 00:01:50:814 / steerdriver(04) / 00:00:00:074 para directioncontroller(02)
Mensaje Y / 00:01:50:814 / directioncontroller(02) / servodutycycle /      7.50000 para top(01)
Mensaje D / 00:01:50:814 / directioncontroller(02) / 00:00:00:074 para top(01)
Mensaje Y / 00:01:50:814 / top(01) / servodutycycle /      7.50000 para Root(00)
Mensaje D / 00:01:50:814 / top(01) / 00:00:00:074 para Root(00)
Mensaje * / 00:01:50:888 / Root(00) para top(01)
Mensaje * / 00:01:50:888 / top(01) para directioncontroller(02)
Mensaje * / 00:01:50:888 / directioncontroller(02) para steerdriver(04)
Mensaje Y / 00:01:50:888 / steerdriver(04) / servodutycycle /      7.40000 para directioncontroller(02)
Mensaje D / 00:01:50:888 / steerdriver(04) / 00:00:00:074 para directioncontroller(02)
Mensaje Y / 00:01:50:888 / directioncontroller(02) / servodutycycle /      7.40000 para top(01)
Mensaje D / 00:01:50:888 / directioncontroller(02) / 00:00:00:074 para top(01)
Mensaje Y / 00:01:50:888 / top(01) / servodutycycle /      7.40000 para Root(00)
Mensaje D / 00:01:50:888 / top(01) / 00:00:00:074 para Root(00)
Mensaje * / 00:01:50:962 / Root(00) para top(01)
Mensaje * / 00:01:50:962 / top(01) para directioncontroller(02)
Mensaje * / 00:01:50:962 / directioncontroller(02) para steerdriver(04)
Mensaje Y / 00:01:50:962 / steerdriver(04) / servodutycycle /      7.30000 para directioncontroller(02)
Mensaje D / 00:01:50:962 / steerdriver(04) / 00:00:00:074 para directioncontroller(02)
Mensaje Y / 00:01:50:962 / directioncontroller(02) / servodutycycle /      7.30000 para top(01)
Mensaje D / 00:01:50:962 / directioncontroller(02) / 00:00:00:074 para top(01)
Mensaje Y / 00:01:50:962 / top(01) / servodutycycle /      7.30000 para Root(00)
Mensaje D / 00:01:50:962 / top(01) / 00:00:00:074 para Root(00)
Mensaje * / 00:01:51:036 / Root(00) para top(01)
Mensaje * / 00:01:51:036 / top(01) para directioncontroller(02)
Mensaje * / 00:01:51:036 / directioncontroller(02) para steerdriver(04)
Mensaje Y / 00:01:51:036 / steerdriver(04) / servodutycycle /      7.20000 para directioncontroller(02)
Mensaje D / 00:01:51:036 / steerdriver(04) / 00:00:00:074 para directioncontroller(02)
Mensaje Y / 00:01:51:036 / directioncontroller(02) / servodutycycle /      7.20000 para top(01)
Mensaje D / 00:01:51:036 / directioncontroller(02) / 00:00:00:074 para top(01)
Mensaje Y / 00:01:51:036 / top(01) / servodutycycle /      7.20000 para Root(00)
Mensaje D / 00:01:51:036 / top(01) / 00:00:00:074 para Root(00)
Mensaje * / 00:01:51:110 / Root(00) para top(01)
Mensaje * / 00:01:51:110 / top(01) para directioncontroller(02)
Mensaje * / 00:01:51:110 / directioncontroller(02) para steerdriver(04)
Mensaje Y / 00:01:51:110 / steerdriver(04) / servodutycycle /      7.10000 para directioncontroller(02)
Mensaje D / 00:01:51:110 / steerdriver(04) / 00:00:00:074 para directioncontroller(02)
Mensaje Y / 00:01:51:110 / directioncontroller(02) / servodutycycle /      7.10000 para top(01)
Mensaje D / 00:01:51:110 / directioncontroller(02) / 00:00:00:074 para top(01)
Mensaje Y / 00:01:51:110 / top(01) / servodutycycle /      7.10000 para Root(00)
Mensaje D / 00:01:51:110 / top(01) / 00:00:00:074 para Root(00)
Mensaje * / 00:01:51:184 / Root(00) para top(01)
Mensaje * / 00:01:51:184 / top(01) para directioncontroller(02)
Mensaje * / 00:01:51:184 / directioncontroller(02) para steerdriver(04)
Mensaje Y / 00:01:51:184 / steerdriver(04) / servodutycycle /      7.00000 para directioncontroller(02)
Mensaje D / 00:01:51:184 / steerdriver(04) / 00:00:00:074 para directioncontroller(02)
Mensaje Y / 00:01:51:184 / directioncontroller(02) / servodutycycle /      7.00000 para top(01)
Mensaje D / 00:01:51:184 / directioncontroller(02) / 00:00:00:074 para top(01)
Mensaje Y / 00:01:51:184 / top(01) / servodutycycle /      7.00000 para Root(00)
Mensaje D / 00:01:51:184 / top(01) / 00:00:00:074 para Root(00)
Mensaje * / 00:01:51:258 / Root(00) para top(01)
Mensaje * / 00:01:51:258 / top(01) para directioncontroller(02)
Mensaje * / 00:01:51:258 / directioncontroller(02) para steerdriver(04)
Mensaje Y / 00:01:51:258 / steerdriver(04) / servodutycycle /      6.90000 para directioncontroller(02)
Mensaje D / 00:01:51:258 / steerdriver(04) / 00:00:00:074 para directioncontroller(02)
Mensaje Y / 00:01:51:258 / directioncontroller(02) / servodutycycle /      6.90000 para top(01)
Mensaje D / 00:01:51:258 / directioncontroller(02) / 00:00:00:074 para top(01)
Mensaje Y / 00:01:51:258 / top(01) / servodutycycle /      6.90000 para Root(00)
Mensaje D / 00:01:51:258 / top(01) / 00:00:00:074 para Root(00)
Mensaje * / 00:01:51:332 / Root(00) para top(01)
Mensaje * / 00:01:51:332 / top(01) para directioncontroller(02)
Mensaje * / 00:01:51:332 / directioncontroller(02) para steerdriver(04)
Mensaje Y / 00:01:51:332 / steerdriver(04) / servodutycycle /      6.80000 para directioncontroller(02)
Mensaje D / 00:01:51:332 / steerdriver(04) / 00:00:00:074 para directioncontroller(02)
Mensaje Y / 00:01:51:332 / directioncontroller(02) / servodutycycle /      6.80000 para top(01)
Mensaje D / 00:01:51:332 / directioncontroller(02) / 00:00:00:074 para top(01)
Mensaje Y / 00:01:51:332 / top(01) / servodutycycle /      6.80000 para Root(00)
Mensaje D / 00:01:51:332 / top(01) / 00:00:00:074 para Root(00)
Mensaje * / 00:01:51:406 / Root(00) para top(01)
Mensaje * / 00:01:51:406 / top(01) para directioncontroller(02)
Mensaje * / 00:01:51:406 / directioncontroller(02) para steerdriver(04)
Mensaje Y / 00:01:51:406 / steerdriver(04) / servodutycycle /      6.70000 para directioncontroller(02)
Mensaje D / 00:01:51:406 / steerdriver(04) / 00:00:00:074 para directioncontroller(02)
Mensaje Y / 00:01:51:406 / directioncontroller(02) / servodutycycle /      6.70000 para top(01)
Mensaje D / 00:01:51:406 / directioncontroller(02) / 00:00:00:074 para top(01)
Mensaje Y / 00:01:51:406 / top(01) / servodutycycle /      6.70000 para Root(00)
Mensaje D / 00:01:51:406 / top(01) / 00:00:00:074 para Root(00)
Mensaje * / 00:01:51:480 / Root(00) para top(01)
Mensaje * / 00:01:51:480 / top(01) para directioncontroller(02)
Mensaje * / 00:01:51:480 / directioncontroller(02) para steerdriver(04)
Mensaje Y / 00:01:51:480 / steerdriver(04) / servodutycycle /      6.60000 para directioncontroller(02)
Mensaje D / 00:01:51:480 / steerdriver(04) / 00:00:00:074 para directioncontroller(02)
Mensaje Y / 00:01:51:480 / directioncontroller(02) / servodutycycle /      6.60000 para top(01)
Mensaje D / 00:01:51:480 / directioncontroller(02) / 00:00:00:074 para top(01)
Mensaje Y / 00:01:51:480 / top(01) / servodutycycle /      6.60000 para Root(00)
Mensaje D / 00:01:51:480 / top(01) / 00:00:00:074 para Root(00)
Mensaje * / 00:01:51:554 / Root(00) para top(01)
Mensaje * / 00:01:51:554 / top(01) para directioncontroller(02)
Mensaje * / 00:01:51:554 / directioncontroller(02) para steerdriver(04)
Mensaje Y / 00:01:51:554 / steerdriver(04) / servodutycycle /      6.50000 para directioncontroller(02)
Mensaje D / 00:01:51:554 / steerdriver(04) / ... para directioncontroller(02)
Mensaje Y / 00:01:51:554 / directioncontroller(02) / servodutycycle /      6.50000 para top(01)
Mensaje D / 00:01:51:554 / directioncontroller(02) / ... para top(01)
Mensaje Y / 00:01:51:554 / top(01) / servodutycycle /      6.50000 para Root(00)
Mensaje D / 00:01:51:554 / top(01) / ... para Root(00)
Mensaje X / 00:05:00:000 / Root(00) / gps /  32969.00000 para top(01)
Mensaje X / 00:05:00:000 / top(01) / gps /  32969.00000 para directioncontroller(02)
Mensaje X / 00:05:00:000 / directioncontroller(02) / gpsinstructionin /  32969.00000 para gpsqueue(03)
Mensaje D / 00:05:00:000 / gpsqueue(03) / 00:00:07:000 para directioncontroller(02)
Mensaje D / 00:05:00:000 / directioncontroller(02) / 00:00:07:000 para top(01)
Mensaje D / 00:05:00:000 / top(01) / 00:00:07:000 para Root(00)
Mensaje * / 00:05:07:000 / Root(00) para top(01)
Mensaje * / 00:05:07:000 / top(01) para directioncontroller(02)
Mensaje * / 00:05:07:000 / directioncontroller(02) para gpsqueue(03)
Mensaje Y / 00:05:07:000 / gpsqueue(03) / turnrequest /      1.00000 para directioncontroller(02)
Mensaje D / 00:05:07:000 / gpsqueue(03) / ... para directioncontroller(02)
Mensaje Y / 00:05:07:000 / directioncontroller(02) / turnrequest /      1.00000 para top(01)
Mensaje D / 00:05:07:000 / directioncontroller(02) / ... para top(01)
Mensaje Y / 00:05:07:000 / top(01) / turnrequest /      1.00000 para Root(00)
Mensaje D / 00:05:07:000 / top(01) / ... para Root(00)
Mensaje X / 00:06:00:000 / Root(00) / gps /     50.00000 para top(01)
Mensaje X / 00:06:00:000 / top(01) / gps /     50.00000 para directioncontroller(02)
Mensaje X / 00:06:00:000 / directioncontroller(02) / gpsinstructionin /     50.00000 para gpsqueue(03)
Mensaje D / 00:06:00:000 / gpsqueue(03) / 00:00:01:000 para directioncontroller(02)
Mensaje D / 00:06:00:000 / directioncontroller(02) / 00:00:01:000 para top(01)
Mensaje D / 00:06:00:000 / top(01) / 00:00:01:000 para Root(00)
Mensaje * / 00:06:01:000 / Root(00) para top(01)
Mensaje * / 00:06:01:000 / top(01) para directioncontroller(02)
Mensaje * / 00:06:01:000 / directioncontroller(02) para gpsqueue(03)
Mensaje Y / 00:06:01:000 / gpsqueue(03) / turnrequest /      0.00000 para directioncontroller(02)
Mensaje D / 00:06:01:000 / gpsqueue(03) / ... para directioncontroller(02)
Mensaje Y / 00:06:01:000 / directioncontroller(02) / turnrequest /      0.00000 para top(01)
Mensaje D / 00:06:01:000 / directioncontroller(02) / ... para top(01)
Mensaje Y / 00:06:01:000 / top(01) / turnrequest /      0.00000 para Root(00)
Mensaje D / 00:06:01:000 / top(01) / ... para Root(00)
Mensaje X / 00:11:00:000 / Root(00) / speedin /      0.00000 para top(01)
Mensaje X / 00:11:00:000 / top(01) / speedin /      0.00000 para directioncontroller(02)
Mensaje X / 00:11:00:000 / directioncontroller(02) / speedin /      0.00000 para gpsqueue(03)
Mensaje X / 00:11:00:000 / directioncontroller(02) / speedin /      0.00000 para steerdriver(04)
Mensaje D / 00:11:00:000 / gpsqueue(03) / ... para directioncontroller(02)
Mensaje D / 00:11:00:000 / steerdriver(04) / ... para directioncontroller(02)
Mensaje D / 00:11:00:000 / directioncontroller(02) / ... para top(01)
Mensaje D / 00:11:00:000 / top(01) / ... para Root(00)
Mensaje X / 00:12:00:000 / Root(00) / gps /  32969.00000 para top(01)
Mensaje X / 00:12:00:000 / top(01) / gps /  32969.00000 para directioncontroller(02)
Mensaje X / 00:12:00:000 / directioncontroller(02) / gpsinstructionin /  32969.00000 para gpsqueue(03)
Mensaje D / 00:12:00:000 / gpsqueue(03) / ... para directioncontroller(02)
Mensaje D / 00:12:00:000 / directioncontroller(02) / ... para top(01)
Mensaje D / 00:12:00:000 / top(01) / ... para Root(00)
Mensaje X / 00:13:00:000 / Root(00) / speedin /     50.00000 para top(01)
Mensaje X / 00:13:00:000 / top(01) / speedin /     50.00000 para directioncontroller(02)
Mensaje X / 00:13:00:000 / directioncontroller(02) / speedin /     50.00000 para gpsqueue(03)
Mensaje X / 00:13:00:000 / directioncontroller(02) / speedin /     50.00000 para steerdriver(04)
Mensaje D / 00:13:00:000 / gpsqueue(03) / 00:00:14:471 para directioncontroller(02)
Mensaje D / 00:13:00:000 / steerdriver(04) / ... para directioncontroller(02)
Mensaje D / 00:13:00:000 / directioncontroller(02) / 00:00:14:471 para top(01)
Mensaje D / 00:13:00:000 / top(01) / 00:00:14:471 para Root(00)
Mensaje * / 00:13:14:471 / Root(00) para top(01)
Mensaje * / 00:13:14:471 / top(01) para directioncontroller(02)
Mensaje * / 00:13:14:471 / directioncontroller(02) para gpsqueue(03)
Mensaje Y / 00:13:14:471 / gpsqueue(03) / turnrequest /      1.00000 para directioncontroller(02)
Mensaje D / 00:13:14:471 / gpsqueue(03) / ... para directioncontroller(02)
Mensaje Y / 00:13:14:471 / directioncontroller(02) / turnrequest /      1.00000 para top(01)
Mensaje D / 00:13:14:471 / directioncontroller(02) / ... para top(01)
Mensaje Y / 00:13:14:471 / top(01) / turnrequest /      1.00000 para Root(00)
Mensaje D / 00:13:14:471 / top(01) / ... para Root(00)
Mensaje X / 00:15:00:000 / Root(00) / gps /    500.00000 para top(01)
Mensaje X / 00:15:00:000 / top(01) / gps /    500.00000 para directioncontroller(02)
Mensaje X / 00:15:00:000 / directioncontroller(02) / gpsinstructionin /    500.00000 para gpsqueue(03)
Mensaje D / 00:15:00:000 / gpsqueue(03) / 00:00:38:000 para directioncontroller(02)
Mensaje D / 00:15:00:000 / directioncontroller(02) / 00:00:38:000 para top(01)
Mensaje D / 00:15:00:000 / top(01) / 00:00:38:000 para Root(00)
Mensaje * / 00:15:38:000 / Root(00) para top(01)
Mensaje * / 00:15:38:000 / top(01) para directioncontroller(02)
Mensaje * / 00:15:38:000 / directioncontroller(02) para gpsqueue(03)
Mensaje Y / 00:15:38:000 / gpsqueue(03) / turnrequest /      0.00000 para directioncontroller(02)
Mensaje D / 00:15:38:000 / gpsqueue(03) / ... para directioncontroller(02)
Mensaje Y / 00:15:38:000 / directioncontroller(02) / turnrequest /      0.00000 para top(01)
Mensaje D / 00:15:38:000 / directioncontroller(02) / ... para top(01)
Mensaje Y / 00:15:38:000 / top(01) / turnrequest /      0.00000 para Root(00)
Mensaje D / 00:15:38:000 / top(01) / ... para Root(00)
