Mensaje I / 00:00:00:000 / Root(00) para top(01)
Mensaje I / 00:00:00:000 / top(01) para gpsqueue(02)
Mensaje D / 00:00:00:000 / gpsqueue(02) / ... para top(01)
Mensaje D / 00:00:00:000 / top(01) / ... para Root(00)
Mensaje X / 00:00:05:000 / Root(00) / speedin /     60.00000 para top(01)
Mensaje X / 00:00:05:000 / top(01) / speedin /     60.00000 para gpsqueue(02)
Mensaje D / 00:00:05:000 / gpsqueue(02) / ... para top(01)
Mensaje D / 00:00:05:000 / top(01) / ... para Root(00)
Mensaje X / 00:00:07:000 / Root(00) / gpsinstructionin /  33268.00000 para top(01)
Mensaje X / 00:00:07:000 / top(01) / gpsinstructionin /  33268.00000 para gpsqueue(02)
Mensaje D / 00:00:07:000 / gpsqueue(02) / 00:00:31:000 para top(01)
Mensaje D / 00:00:07:000 / top(01) / 00:00:31:000 para Root(00)
Mensaje X / 00:00:30:000 / Root(00) / gpsinstructionin /    200.00000 para top(01)
Mensaje X / 00:00:30:000 / top(01) / gpsinstructionin /    200.00000 para gpsqueue(02)
Mensaje D / 00:00:30:000 / gpsqueue(02) / 00:00:08:000 para top(01)
Mensaje D / 00:00:30:000 / top(01) / 00:00:08:000 para Root(00)
Mensaje * / 00:00:38:000 / Root(00) para top(01)
Mensaje * / 00:00:38:000 / top(01) para gpsqueue(02)
Mensaje Y / 00:00:38:000 / gpsqueue(02) / turnrequest /      1.00000 para top(01)
Mensaje D / 00:00:38:000 / gpsqueue(02) / 00:00:12:000 para top(01)
Mensaje Y / 00:00:38:000 / top(01) / turnrequest /      1.00000 para Root(00)
Mensaje D / 00:00:38:000 / top(01) / 00:00:12:000 para Root(00)
Mensaje * / 00:00:50:000 / Root(00) para top(01)
Mensaje * / 00:00:50:000 / top(01) para gpsqueue(02)
Mensaje Y / 00:00:50:000 / gpsqueue(02) / turnrequest /      0.00000 para top(01)
Mensaje D / 00:00:50:000 / gpsqueue(02) / ... para top(01)
Mensaje Y / 00:00:50:000 / top(01) / turnrequest /      0.00000 para Root(00)
Mensaje D / 00:00:50:000 / top(01) / ... para Root(00)
Mensaje X / 00:01:00:000 / Root(00) / speedin /    100.00000 para top(01)
Mensaje X / 00:01:00:000 / top(01) / speedin /    100.00000 para gpsqueue(02)
Mensaje D / 00:01:00:000 / gpsqueue(02) / ... para top(01)
Mensaje D / 00:01:00:000 / top(01) / ... para Root(00)
Mensaje X / 00:05:00:000 / Root(00) / gpsinstructionin /  32969.00000 para top(01)
Mensaje X / 00:05:00:000 / top(01) / gpsinstructionin /  32969.00000 para gpsqueue(02)
Mensaje D / 00:05:00:000 / gpsqueue(02) / 00:00:07:000 para top(01)
Mensaje D / 00:05:00:000 / top(01) / 00:00:07:000 para Root(00)
Mensaje * / 00:05:07:000 / Root(00) para top(01)
Mensaje * / 00:05:07:000 / top(01) para gpsqueue(02)
Mensaje Y / 00:05:07:000 / gpsqueue(02) / turnrequest /      1.00000 para top(01)
Mensaje D / 00:05:07:000 / gpsqueue(02) / ... para top(01)
Mensaje Y / 00:05:07:000 / top(01) / turnrequest /      1.00000 para Root(00)
Mensaje D / 00:05:07:000 / top(01) / ... para Root(00)
Mensaje X / 00:06:00:000 / Root(00) / gpsinstructionin /     50.00000 para top(01)
Mensaje X / 00:06:00:000 / top(01) / gpsinstructionin /     50.00000 para gpsqueue(02)
Mensaje D / 00:06:00:000 / gpsqueue(02) / 00:00:01:000 para top(01)
Mensaje D / 00:06:00:000 / top(01) / 00:00:01:000 para Root(00)
Mensaje * / 00:06:01:000 / Root(00) para top(01)
Mensaje * / 00:06:01:000 / top(01) para gpsqueue(02)
Mensaje Y / 00:06:01:000 / gpsqueue(02) / turnrequest /      0.00000 para top(01)
Mensaje D / 00:06:01:000 / gpsqueue(02) / ... para top(01)
Mensaje Y / 00:06:01:000 / top(01) / turnrequest /      0.00000 para Root(00)
Mensaje D / 00:06:01:000 / top(01) / ... para Root(00)
Mensaje X / 00:11:00:000 / Root(00) / speedin /      0.00000 para top(01)
Mensaje X / 00:11:00:000 / top(01) / speedin /      0.00000 para gpsqueue(02)
Mensaje D / 00:11:00:000 / gpsqueue(02) / ... para top(01)
Mensaje D / 00:11:00:000 / top(01) / ... para Root(00)
Mensaje X / 00:12:00:000 / Root(00) / gpsinstructionin /  32969.00000 para top(01)
Mensaje X / 00:12:00:000 / top(01) / gpsinstructionin /  32969.00000 para gpsqueue(02)
Mensaje D / 00:12:00:000 / gpsqueue(02) / ... para top(01)
Mensaje D / 00:12:00:000 / top(01) / ... para Root(00)
Mensaje X / 00:13:00:000 / Root(00) / speedin /     50.00000 para top(01)
Mensaje X / 00:13:00:000 / top(01) / speedin /     50.00000 para gpsqueue(02)
Mensaje D / 00:13:00:000 / gpsqueue(02) / 00:00:14:471 para top(01)
Mensaje D / 00:13:00:000 / top(01) / 00:00:14:471 para Root(00)
Mensaje * / 00:13:14:471 / Root(00) para top(01)
Mensaje * / 00:13:14:471 / top(01) para gpsqueue(02)
Mensaje Y / 00:13:14:471 / gpsqueue(02) / turnrequest /      1.00000 para top(01)
Mensaje D / 00:13:14:471 / gpsqueue(02) / ... para top(01)
Mensaje Y / 00:13:14:471 / top(01) / turnrequest /      1.00000 para Root(00)
Mensaje D / 00:13:14:471 / top(01) / ... para Root(00)
Mensaje X / 00:15:00:000 / Root(00) / gpsinstructionin /    500.00000 para top(01)
Mensaje X / 00:15:00:000 / top(01) / gpsinstructionin /    500.00000 para gpsqueue(02)
Mensaje D / 00:15:00:000 / gpsqueue(02) / 00:00:38:000 para top(01)
Mensaje D / 00:15:00:000 / top(01) / 00:00:38:000 para Root(00)
Mensaje * / 00:15:38:000 / Root(00) para top(01)
Mensaje * / 00:15:38:000 / top(01) para gpsqueue(02)
Mensaje Y / 00:15:38:000 / gpsqueue(02) / turnrequest /      0.00000 para top(01)
Mensaje D / 00:15:38:000 / gpsqueue(02) / ... para top(01)
Mensaje Y / 00:15:38:000 / top(01) / turnrequest /      0.00000 para Root(00)
Mensaje D / 00:15:38:000 / top(01) / ... para Root(00)
