Mensaje I / 00:00:00:000 / Root(00) para top(01)
Mensaje I / 00:00:00:000 / top(01) para pwm(02)
Mensaje D / 00:00:00:000 / pwm(02) / ... para top(01)
Mensaje D / 00:00:00:000 / top(01) / ... para Root(00)
Mensaje X / 00:00:05:000 / Root(00) / dutycyclein /     25.00000 para top(01)
Mensaje X / 00:00:05:000 / top(01) / dutycyclein /     25.00000 para pwm(02)
Mensaje D / 00:00:05:000 / pwm(02) / 00:00:00:000 para top(01)
Mensaje D / 00:00:05:000 / top(01) / 00:00:00:000 para Root(00)
Mensaje * / 00:00:05:000 / Root(00) para top(01)
Mensaje * / 00:00:05:000 / top(01) para pwm(02)
Mensaje Y / 00:00:05:000 / pwm(02) / pwmstateout /      1.00000 para top(01)
Mensaje D / 00:00:05:000 / pwm(02) / 00:00:02:500 para top(01)
Mensaje Y / 00:00:05:000 / top(01) / pwmstateout /      1.00000 para Root(00)
Mensaje D / 00:00:05:000 / top(01) / 00:00:02:500 para Root(00)
Mensaje * / 00:00:07:500 / Root(00) para top(01)
Mensaje * / 00:00:07:500 / top(01) para pwm(02)
Mensaje Y / 00:00:07:500 / pwm(02) / pwmstateout /      0.00000 para top(01)
Mensaje D / 00:00:07:500 / pwm(02) / 00:00:07:500 para top(01)
Mensaje Y / 00:00:07:500 / top(01) / pwmstateout /      0.00000 para Root(00)
Mensaje D / 00:00:07:500 / top(01) / 00:00:07:500 para Root(00)
Mensaje * / 00:00:15:000 / Root(00) para top(01)
Mensaje * / 00:00:15:000 / top(01) para pwm(02)
Mensaje Y / 00:00:15:000 / pwm(02) / pwmstateout /      1.00000 para top(01)
Mensaje D / 00:00:15:000 / pwm(02) / 00:00:02:500 para top(01)
Mensaje Y / 00:00:15:000 / top(01) / pwmstateout /      1.00000 para Root(00)
Mensaje D / 00:00:15:000 / top(01) / 00:00:02:500 para Root(00)
Mensaje * / 00:00:17:500 / Root(00) para top(01)
Mensaje * / 00:00:17:500 / top(01) para pwm(02)
Mensaje Y / 00:00:17:500 / pwm(02) / pwmstateout /      0.00000 para top(01)
Mensaje D / 00:00:17:500 / pwm(02) / 00:00:07:500 para top(01)
Mensaje Y / 00:00:17:500 / top(01) / pwmstateout /      0.00000 para Root(00)
Mensaje D / 00:00:17:500 / top(01) / 00:00:07:500 para Root(00)
Mensaje * / 00:00:25:000 / Root(00) para top(01)
Mensaje * / 00:00:25:000 / top(01) para pwm(02)
Mensaje Y / 00:00:25:000 / pwm(02) / pwmstateout /      1.00000 para top(01)
Mensaje D / 00:00:25:000 / pwm(02) / 00:00:02:500 para top(01)
Mensaje Y / 00:00:25:000 / top(01) / pwmstateout /      1.00000 para Root(00)
Mensaje D / 00:00:25:000 / top(01) / 00:00:02:500 para Root(00)
Mensaje * / 00:00:27:500 / Root(00) para top(01)
Mensaje * / 00:00:27:500 / top(01) para pwm(02)
Mensaje Y / 00:00:27:500 / pwm(02) / pwmstateout /      0.00000 para top(01)
Mensaje D / 00:00:27:500 / pwm(02) / 00:00:07:500 para top(01)
Mensaje Y / 00:00:27:500 / top(01) / pwmstateout /      0.00000 para Root(00)
Mensaje D / 00:00:27:500 / top(01) / 00:00:07:500 para Root(00)
Mensaje X / 00:00:30:000 / Root(00) / dutycyclein /     50.00000 para top(01)
Mensaje X / 00:00:30:000 / top(01) / dutycyclein /     50.00000 para pwm(02)
Mensaje D / 00:00:30:000 / pwm(02) / 00:00:02:500 para top(01)
Mensaje D / 00:00:30:000 / top(01) / 00:00:02:500 para Root(00)
Mensaje * / 00:00:32:500 / Root(00) para top(01)
Mensaje * / 00:00:32:500 / top(01) para pwm(02)
Mensaje Y / 00:00:32:500 / pwm(02) / pwmstateout /      1.00000 para top(01)
Mensaje D / 00:00:32:500 / pwm(02) / 00:00:05:000 para top(01)
Mensaje Y / 00:00:32:500 / top(01) / pwmstateout /      1.00000 para Root(00)
Mensaje D / 00:00:32:500 / top(01) / 00:00:05:000 para Root(00)
Mensaje * / 00:00:37:500 / Root(00) para top(01)
Mensaje * / 00:00:37:500 / top(01) para pwm(02)
Mensaje Y / 00:00:37:500 / pwm(02) / pwmstateout /      0.00000 para top(01)
Mensaje D / 00:00:37:500 / pwm(02) / 00:00:05:000 para top(01)
Mensaje Y / 00:00:37:500 / top(01) / pwmstateout /      0.00000 para Root(00)
Mensaje D / 00:00:37:500 / top(01) / 00:00:05:000 para Root(00)
Mensaje * / 00:00:42:500 / Root(00) para top(01)
Mensaje * / 00:00:42:500 / top(01) para pwm(02)
Mensaje Y / 00:00:42:500 / pwm(02) / pwmstateout /      1.00000 para top(01)
Mensaje D / 00:00:42:500 / pwm(02) / 00:00:05:000 para top(01)
Mensaje Y / 00:00:42:500 / top(01) / pwmstateout /      1.00000 para Root(00)
Mensaje D / 00:00:42:500 / top(01) / 00:00:05:000 para Root(00)
Mensaje * / 00:00:47:500 / Root(00) para top(01)
Mensaje * / 00:00:47:500 / top(01) para pwm(02)
Mensaje Y / 00:00:47:500 / pwm(02) / pwmstateout /      0.00000 para top(01)
Mensaje D / 00:00:47:500 / pwm(02) / 00:00:05:000 para top(01)
Mensaje Y / 00:00:47:500 / top(01) / pwmstateout /      0.00000 para Root(00)
Mensaje D / 00:00:47:500 / top(01) / 00:00:05:000 para Root(00)
Mensaje * / 00:00:52:500 / Root(00) para top(01)
Mensaje * / 00:00:52:500 / top(01) para pwm(02)
Mensaje Y / 00:00:52:500 / pwm(02) / pwmstateout /      1.00000 para top(01)
Mensaje D / 00:00:52:500 / pwm(02) / 00:00:05:000 para top(01)
Mensaje Y / 00:00:52:500 / top(01) / pwmstateout /      1.00000 para Root(00)
Mensaje D / 00:00:52:500 / top(01) / 00:00:05:000 para Root(00)
Mensaje * / 00:00:57:500 / Root(00) para top(01)
Mensaje * / 00:00:57:500 / top(01) para pwm(02)
Mensaje Y / 00:00:57:500 / pwm(02) / pwmstateout /      0.00000 para top(01)
Mensaje D / 00:00:57:500 / pwm(02) / 00:00:05:000 para top(01)
Mensaje Y / 00:00:57:500 / top(01) / pwmstateout /      0.00000 para Root(00)
Mensaje D / 00:00:57:500 / top(01) / 00:00:05:000 para Root(00)
Mensaje * / 00:01:02:500 / Root(00) para top(01)
Mensaje * / 00:01:02:500 / top(01) para pwm(02)
Mensaje Y / 00:01:02:500 / pwm(02) / pwmstateout /      1.00000 para top(01)
Mensaje D / 00:01:02:500 / pwm(02) / 00:00:05:000 para top(01)
Mensaje Y / 00:01:02:500 / top(01) / pwmstateout /      1.00000 para Root(00)
Mensaje D / 00:01:02:500 / top(01) / 00:00:05:000 para Root(00)
Mensaje * / 00:01:07:500 / Root(00) para top(01)
Mensaje * / 00:01:07:500 / top(01) para pwm(02)
Mensaje Y / 00:01:07:500 / pwm(02) / pwmstateout /      0.00000 para top(01)
Mensaje D / 00:01:07:500 / pwm(02) / 00:00:05:000 para top(01)
Mensaje Y / 00:01:07:500 / top(01) / pwmstateout /      0.00000 para Root(00)
Mensaje D / 00:01:07:500 / top(01) / 00:00:05:000 para Root(00)
Mensaje * / 00:01:12:500 / Root(00) para top(01)
Mensaje * / 00:01:12:500 / top(01) para pwm(02)
Mensaje Y / 00:01:12:500 / pwm(02) / pwmstateout /      1.00000 para top(01)
Mensaje D / 00:01:12:500 / pwm(02) / 00:00:05:000 para top(01)
Mensaje Y / 00:01:12:500 / top(01) / pwmstateout /      1.00000 para Root(00)
Mensaje D / 00:01:12:500 / top(01) / 00:00:05:000 para Root(00)
Mensaje * / 00:01:17:500 / Root(00) para top(01)
Mensaje * / 00:01:17:500 / top(01) para pwm(02)
Mensaje Y / 00:01:17:500 / pwm(02) / pwmstateout /      0.00000 para top(01)
Mensaje D / 00:01:17:500 / pwm(02) / 00:00:05:000 para top(01)
Mensaje Y / 00:01:17:500 / top(01) / pwmstateout /      0.00000 para Root(00)
Mensaje D / 00:01:17:500 / top(01) / 00:00:05:000 para Root(00)
Mensaje * / 00:01:22:500 / Root(00) para top(01)
Mensaje * / 00:01:22:500 / top(01) para pwm(02)
Mensaje Y / 00:01:22:500 / pwm(02) / pwmstateout /      1.00000 para top(01)
Mensaje D / 00:01:22:500 / pwm(02) / 00:00:05:000 para top(01)
Mensaje Y / 00:01:22:500 / top(01) / pwmstateout /      1.00000 para Root(00)
Mensaje D / 00:01:22:500 / top(01) / 00:00:05:000 para Root(00)
Mensaje * / 00:01:27:500 / Root(00) para top(01)
Mensaje * / 00:01:27:500 / top(01) para pwm(02)
Mensaje Y / 00:01:27:500 / pwm(02) / pwmstateout /      0.00000 para top(01)
Mensaje D / 00:01:27:500 / pwm(02) / 00:00:05:000 para top(01)
Mensaje Y / 00:01:27:500 / top(01) / pwmstateout /      0.00000 para Root(00)
Mensaje D / 00:01:27:500 / top(01) / 00:00:05:000 para Root(00)
Mensaje * / 00:01:32:500 / Root(00) para top(01)
Mensaje * / 00:01:32:500 / top(01) para pwm(02)
Mensaje Y / 00:01:32:500 / pwm(02) / pwmstateout /      1.00000 para top(01)
Mensaje D / 00:01:32:500 / pwm(02) / 00:00:05:000 para top(01)
Mensaje Y / 00:01:32:500 / top(01) / pwmstateout /      1.00000 para Root(00)
Mensaje D / 00:01:32:500 / top(01) / 00:00:05:000 para Root(00)
Mensaje * / 00:01:37:500 / Root(00) para top(01)
Mensaje * / 00:01:37:500 / top(01) para pwm(02)
Mensaje Y / 00:01:37:500 / pwm(02) / pwmstateout /      0.00000 para top(01)
Mensaje D / 00:01:37:500 / pwm(02) / 00:00:05:000 para top(01)
Mensaje Y / 00:01:37:500 / top(01) / pwmstateout /      0.00000 para Root(00)
Mensaje D / 00:01:37:500 / top(01) / 00:00:05:000 para Root(00)
Mensaje * / 00:01:42:500 / Root(00) para top(01)
Mensaje * / 00:01:42:500 / top(01) para pwm(02)
Mensaje Y / 00:01:42:500 / pwm(02) / pwmstateout /      1.00000 para top(01)
Mensaje D / 00:01:42:500 / pwm(02) / 00:00:05:000 para top(01)
Mensaje Y / 00:01:42:500 / top(01) / pwmstateout /      1.00000 para Root(00)
Mensaje D / 00:01:42:500 / top(01) / 00:00:05:000 para Root(00)
Mensaje * / 00:01:47:500 / Root(00) para top(01)
Mensaje * / 00:01:47:500 / top(01) para pwm(02)
Mensaje Y / 00:01:47:500 / pwm(02) / pwmstateout /      0.00000 para top(01)
Mensaje D / 00:01:47:500 / pwm(02) / 00:00:05:000 para top(01)
Mensaje Y / 00:01:47:500 / top(01) / pwmstateout /      0.00000 para Root(00)
Mensaje D / 00:01:47:500 / top(01) / 00:00:05:000 para Root(00)
Mensaje * / 00:01:52:500 / Root(00) para top(01)
Mensaje * / 00:01:52:500 / top(01) para pwm(02)
Mensaje Y / 00:01:52:500 / pwm(02) / pwmstateout /      1.00000 para top(01)
Mensaje D / 00:01:52:500 / pwm(02) / 00:00:05:000 para top(01)
Mensaje Y / 00:01:52:500 / top(01) / pwmstateout /      1.00000 para Root(00)
Mensaje D / 00:01:52:500 / top(01) / 00:00:05:000 para Root(00)
Mensaje * / 00:01:57:500 / Root(00) para top(01)
Mensaje * / 00:01:57:500 / top(01) para pwm(02)
Mensaje Y / 00:01:57:500 / pwm(02) / pwmstateout /      0.00000 para top(01)
Mensaje D / 00:01:57:500 / pwm(02) / 00:00:05:000 para top(01)
Mensaje Y / 00:01:57:500 / top(01) / pwmstateout /      0.00000 para Root(00)
Mensaje D / 00:01:57:500 / top(01) / 00:00:05:000 para Root(00)
Mensaje * / 00:02:02:500 / Root(00) para top(01)
Mensaje * / 00:02:02:500 / top(01) para pwm(02)
Mensaje Y / 00:02:02:500 / pwm(02) / pwmstateout /      1.00000 para top(01)
Mensaje D / 00:02:02:500 / pwm(02) / 00:00:05:000 para top(01)
Mensaje Y / 00:02:02:500 / top(01) / pwmstateout /      1.00000 para Root(00)
Mensaje D / 00:02:02:500 / top(01) / 00:00:05:000 para Root(00)
Mensaje * / 00:02:07:500 / Root(00) para top(01)
Mensaje * / 00:02:07:500 / top(01) para pwm(02)
Mensaje Y / 00:02:07:500 / pwm(02) / pwmstateout /      0.00000 para top(01)
Mensaje D / 00:02:07:500 / pwm(02) / 00:00:05:000 para top(01)
Mensaje Y / 00:02:07:500 / top(01) / pwmstateout /      0.00000 para Root(00)
Mensaje D / 00:02:07:500 / top(01) / 00:00:05:000 para Root(00)
Mensaje * / 00:02:12:500 / Root(00) para top(01)
Mensaje * / 00:02:12:500 / top(01) para pwm(02)
Mensaje Y / 00:02:12:500 / pwm(02) / pwmstateout /      1.00000 para top(01)
Mensaje D / 00:02:12:500 / pwm(02) / 00:00:05:000 para top(01)
Mensaje Y / 00:02:12:500 / top(01) / pwmstateout /      1.00000 para Root(00)
Mensaje D / 00:02:12:500 / top(01) / 00:00:05:000 para Root(00)
Mensaje * / 00:02:17:500 / Root(00) para top(01)
Mensaje * / 00:02:17:500 / top(01) para pwm(02)
Mensaje Y / 00:02:17:500 / pwm(02) / pwmstateout /      0.00000 para top(01)
Mensaje D / 00:02:17:500 / pwm(02) / 00:00:05:000 para top(01)
Mensaje Y / 00:02:17:500 / top(01) / pwmstateout /      0.00000 para Root(00)
Mensaje D / 00:02:17:500 / top(01) / 00:00:05:000 para Root(00)
Mensaje * / 00:02:22:500 / Root(00) para top(01)
Mensaje * / 00:02:22:500 / top(01) para pwm(02)
Mensaje Y / 00:02:22:500 / pwm(02) / pwmstateout /      1.00000 para top(01)
Mensaje D / 00:02:22:500 / pwm(02) / 00:00:05:000 para top(01)
Mensaje Y / 00:02:22:500 / top(01) / pwmstateout /      1.00000 para Root(00)
Mensaje D / 00:02:22:500 / top(01) / 00:00:05:000 para Root(00)
Mensaje * / 00:02:27:500 / Root(00) para top(01)
Mensaje * / 00:02:27:500 / top(01) para pwm(02)
Mensaje Y / 00:02:27:500 / pwm(02) / pwmstateout /      0.00000 para top(01)
Mensaje D / 00:02:27:500 / pwm(02) / 00:00:05:000 para top(01)
Mensaje Y / 00:02:27:500 / top(01) / pwmstateout /      0.00000 para Root(00)
Mensaje D / 00:02:27:500 / top(01) / 00:00:05:000 para Root(00)
Mensaje * / 00:02:32:500 / Root(00) para top(01)
Mensaje * / 00:02:32:500 / top(01) para pwm(02)
Mensaje Y / 00:02:32:500 / pwm(02) / pwmstateout /      1.00000 para top(01)
Mensaje D / 00:02:32:500 / pwm(02) / 00:00:05:000 para top(01)
Mensaje Y / 00:02:32:500 / top(01) / pwmstateout /      1.00000 para Root(00)
Mensaje D / 00:02:32:500 / top(01) / 00:00:05:000 para Root(00)
Mensaje * / 00:02:37:500 / Root(00) para top(01)
Mensaje * / 00:02:37:500 / top(01) para pwm(02)
Mensaje Y / 00:02:37:500 / pwm(02) / pwmstateout /      0.00000 para top(01)
Mensaje D / 00:02:37:500 / pwm(02) / 00:00:05:000 para top(01)
Mensaje Y / 00:02:37:500 / top(01) / pwmstateout /      0.00000 para Root(00)
Mensaje D / 00:02:37:500 / top(01) / 00:00:05:000 para Root(00)
Mensaje * / 00:02:42:500 / Root(00) para top(01)
Mensaje * / 00:02:42:500 / top(01) para pwm(02)
Mensaje Y / 00:02:42:500 / pwm(02) / pwmstateout /      1.00000 para top(01)
Mensaje D / 00:02:42:500 / pwm(02) / 00:00:05:000 para top(01)
Mensaje Y / 00:02:42:500 / top(01) / pwmstateout /      1.00000 para Root(00)
Mensaje D / 00:02:42:500 / top(01) / 00:00:05:000 para Root(00)
Mensaje * / 00:02:47:500 / Root(00) para top(01)
Mensaje * / 00:02:47:500 / top(01) para pwm(02)
Mensaje Y / 00:02:47:500 / pwm(02) / pwmstateout /      0.00000 para top(01)
Mensaje D / 00:02:47:500 / pwm(02) / 00:00:05:000 para top(01)
Mensaje Y / 00:02:47:500 / top(01) / pwmstateout /      0.00000 para Root(00)
Mensaje D / 00:02:47:500 / top(01) / 00:00:05:000 para Root(00)
Mensaje * / 00:02:52:500 / Root(00) para top(01)
Mensaje * / 00:02:52:500 / top(01) para pwm(02)
Mensaje Y / 00:02:52:500 / pwm(02) / pwmstateout /      1.00000 para top(01)
Mensaje D / 00:02:52:500 / pwm(02) / 00:00:05:000 para top(01)
Mensaje Y / 00:02:52:500 / top(01) / pwmstateout /      1.00000 para Root(00)
Mensaje D / 00:02:52:500 / top(01) / 00:00:05:000 para Root(00)
Mensaje * / 00:02:57:500 / Root(00) para top(01)
Mensaje * / 00:02:57:500 / top(01) para pwm(02)
Mensaje Y / 00:02:57:500 / pwm(02) / pwmstateout /      0.00000 para top(01)
Mensaje D / 00:02:57:500 / pwm(02) / 00:00:05:000 para top(01)
Mensaje Y / 00:02:57:500 / top(01) / pwmstateout /      0.00000 para Root(00)
Mensaje D / 00:02:57:500 / top(01) / 00:00:05:000 para Root(00)
Mensaje * / 00:03:02:500 / Root(00) para top(01)
Mensaje * / 00:03:02:500 / top(01) para pwm(02)
Mensaje Y / 00:03:02:500 / pwm(02) / pwmstateout /      1.00000 para top(01)
Mensaje D / 00:03:02:500 / pwm(02) / 00:00:05:000 para top(01)
Mensaje Y / 00:03:02:500 / top(01) / pwmstateout /      1.00000 para Root(00)
Mensaje D / 00:03:02:500 / top(01) / 00:00:05:000 para Root(00)
Mensaje * / 00:03:07:500 / Root(00) para top(01)
Mensaje * / 00:03:07:500 / top(01) para pwm(02)
Mensaje Y / 00:03:07:500 / pwm(02) / pwmstateout /      0.00000 para top(01)
Mensaje D / 00:03:07:500 / pwm(02) / 00:00:05:000 para top(01)
Mensaje Y / 00:03:07:500 / top(01) / pwmstateout /      0.00000 para Root(00)
Mensaje D / 00:03:07:500 / top(01) / 00:00:05:000 para Root(00)
Mensaje * / 00:03:12:500 / Root(00) para top(01)
Mensaje * / 00:03:12:500 / top(01) para pwm(02)
Mensaje Y / 00:03:12:500 / pwm(02) / pwmstateout /      1.00000 para top(01)
Mensaje D / 00:03:12:500 / pwm(02) / 00:00:05:000 para top(01)
Mensaje Y / 00:03:12:500 / top(01) / pwmstateout /      1.00000 para Root(00)
Mensaje D / 00:03:12:500 / top(01) / 00:00:05:000 para Root(00)
Mensaje * / 00:03:17:500 / Root(00) para top(01)
Mensaje * / 00:03:17:500 / top(01) para pwm(02)
Mensaje Y / 00:03:17:500 / pwm(02) / pwmstateout /      0.00000 para top(01)
Mensaje D / 00:03:17:500 / pwm(02) / 00:00:05:000 para top(01)
Mensaje Y / 00:03:17:500 / top(01) / pwmstateout /      0.00000 para Root(00)
Mensaje D / 00:03:17:500 / top(01) / 00:00:05:000 para Root(00)
Mensaje * / 00:03:22:500 / Root(00) para top(01)
Mensaje * / 00:03:22:500 / top(01) para pwm(02)
Mensaje Y / 00:03:22:500 / pwm(02) / pwmstateout /      1.00000 para top(01)
Mensaje D / 00:03:22:500 / pwm(02) / 00:00:05:000 para top(01)
Mensaje Y / 00:03:22:500 / top(01) / pwmstateout /      1.00000 para Root(00)
Mensaje D / 00:03:22:500 / top(01) / 00:00:05:000 para Root(00)
Mensaje * / 00:03:27:500 / Root(00) para top(01)
Mensaje * / 00:03:27:500 / top(01) para pwm(02)
Mensaje Y / 00:03:27:500 / pwm(02) / pwmstateout /      0.00000 para top(01)
Mensaje D / 00:03:27:500 / pwm(02) / 00:00:05:000 para top(01)
Mensaje Y / 00:03:27:500 / top(01) / pwmstateout /      0.00000 para Root(00)
Mensaje D / 00:03:27:500 / top(01) / 00:00:05:000 para Root(00)
Mensaje * / 00:03:32:500 / Root(00) para top(01)
Mensaje * / 00:03:32:500 / top(01) para pwm(02)
Mensaje Y / 00:03:32:500 / pwm(02) / pwmstateout /      1.00000 para top(01)
Mensaje D / 00:03:32:500 / pwm(02) / 00:00:05:000 para top(01)
Mensaje Y / 00:03:32:500 / top(01) / pwmstateout /      1.00000 para Root(00)
Mensaje D / 00:03:32:500 / top(01) / 00:00:05:000 para Root(00)
Mensaje * / 00:03:37:500 / Root(00) para top(01)
Mensaje * / 00:03:37:500 / top(01) para pwm(02)
Mensaje Y / 00:03:37:500 / pwm(02) / pwmstateout /      0.00000 para top(01)
Mensaje D / 00:03:37:500 / pwm(02) / 00:00:05:000 para top(01)
Mensaje Y / 00:03:37:500 / top(01) / pwmstateout /      0.00000 para Root(00)
Mensaje D / 00:03:37:500 / top(01) / 00:00:05:000 para Root(00)
Mensaje * / 00:03:42:500 / Root(00) para top(01)
Mensaje * / 00:03:42:500 / top(01) para pwm(02)
Mensaje Y / 00:03:42:500 / pwm(02) / pwmstateout /      1.00000 para top(01)
Mensaje D / 00:03:42:500 / pwm(02) / 00:00:05:000 para top(01)
Mensaje Y / 00:03:42:500 / top(01) / pwmstateout /      1.00000 para Root(00)
Mensaje D / 00:03:42:500 / top(01) / 00:00:05:000 para Root(00)
Mensaje * / 00:03:47:500 / Root(00) para top(01)
Mensaje * / 00:03:47:500 / top(01) para pwm(02)
Mensaje Y / 00:03:47:500 / pwm(02) / pwmstateout /      0.00000 para top(01)
Mensaje D / 00:03:47:500 / pwm(02) / 00:00:05:000 para top(01)
Mensaje Y / 00:03:47:500 / top(01) / pwmstateout /      0.00000 para Root(00)
Mensaje D / 00:03:47:500 / top(01) / 00:00:05:000 para Root(00)
Mensaje * / 00:03:52:500 / Root(00) para top(01)
Mensaje * / 00:03:52:500 / top(01) para pwm(02)
Mensaje Y / 00:03:52:500 / pwm(02) / pwmstateout /      1.00000 para top(01)
Mensaje D / 00:03:52:500 / pwm(02) / 00:00:05:000 para top(01)
Mensaje Y / 00:03:52:500 / top(01) / pwmstateout /      1.00000 para Root(00)
Mensaje D / 00:03:52:500 / top(01) / 00:00:05:000 para Root(00)
Mensaje * / 00:03:57:500 / Root(00) para top(01)
Mensaje * / 00:03:57:500 / top(01) para pwm(02)
Mensaje Y / 00:03:57:500 / pwm(02) / pwmstateout /      0.00000 para top(01)
Mensaje D / 00:03:57:500 / pwm(02) / 00:00:05:000 para top(01)
Mensaje Y / 00:03:57:500 / top(01) / pwmstateout /      0.00000 para Root(00)
Mensaje D / 00:03:57:500 / top(01) / 00:00:05:000 para Root(00)
Mensaje * / 00:04:02:500 / Root(00) para top(01)
Mensaje * / 00:04:02:500 / top(01) para pwm(02)
Mensaje Y / 00:04:02:500 / pwm(02) / pwmstateout /      1.00000 para top(01)
Mensaje D / 00:04:02:500 / pwm(02) / 00:00:05:000 para top(01)
Mensaje Y / 00:04:02:500 / top(01) / pwmstateout /      1.00000 para Root(00)
Mensaje D / 00:04:02:500 / top(01) / 00:00:05:000 para Root(00)
Mensaje * / 00:04:07:500 / Root(00) para top(01)
Mensaje * / 00:04:07:500 / top(01) para pwm(02)
Mensaje Y / 00:04:07:500 / pwm(02) / pwmstateout /      0.00000 para top(01)
Mensaje D / 00:04:07:500 / pwm(02) / 00:00:05:000 para top(01)
Mensaje Y / 00:04:07:500 / top(01) / pwmstateout /      0.00000 para Root(00)
Mensaje D / 00:04:07:500 / top(01) / 00:00:05:000 para Root(00)
Mensaje * / 00:04:12:500 / Root(00) para top(01)
Mensaje * / 00:04:12:500 / top(01) para pwm(02)
Mensaje Y / 00:04:12:500 / pwm(02) / pwmstateout /      1.00000 para top(01)
Mensaje D / 00:04:12:500 / pwm(02) / 00:00:05:000 para top(01)
Mensaje Y / 00:04:12:500 / top(01) / pwmstateout /      1.00000 para Root(00)
Mensaje D / 00:04:12:500 / top(01) / 00:00:05:000 para Root(00)
Mensaje * / 00:04:17:500 / Root(00) para top(01)
Mensaje * / 00:04:17:500 / top(01) para pwm(02)
Mensaje Y / 00:04:17:500 / pwm(02) / pwmstateout /      0.00000 para top(01)
Mensaje D / 00:04:17:500 / pwm(02) / 00:00:05:000 para top(01)
Mensaje Y / 00:04:17:500 / top(01) / pwmstateout /      0.00000 para Root(00)
Mensaje D / 00:04:17:500 / top(01) / 00:00:05:000 para Root(00)
Mensaje * / 00:04:22:500 / Root(00) para top(01)
Mensaje * / 00:04:22:500 / top(01) para pwm(02)
Mensaje Y / 00:04:22:500 / pwm(02) / pwmstateout /      1.00000 para top(01)
Mensaje D / 00:04:22:500 / pwm(02) / 00:00:05:000 para top(01)
Mensaje Y / 00:04:22:500 / top(01) / pwmstateout /      1.00000 para Root(00)
Mensaje D / 00:04:22:500 / top(01) / 00:00:05:000 para Root(00)
Mensaje * / 00:04:27:500 / Root(00) para top(01)
Mensaje * / 00:04:27:500 / top(01) para pwm(02)
Mensaje Y / 00:04:27:500 / pwm(02) / pwmstateout /      0.00000 para top(01)
Mensaje D / 00:04:27:500 / pwm(02) / 00:00:05:000 para top(01)
Mensaje Y / 00:04:27:500 / top(01) / pwmstateout /      0.00000 para Root(00)
Mensaje D / 00:04:27:500 / top(01) / 00:00:05:000 para Root(00)
Mensaje * / 00:04:32:500 / Root(00) para top(01)
Mensaje * / 00:04:32:500 / top(01) para pwm(02)
Mensaje Y / 00:04:32:500 / pwm(02) / pwmstateout /      1.00000 para top(01)
Mensaje D / 00:04:32:500 / pwm(02) / 00:00:05:000 para top(01)
Mensaje Y / 00:04:32:500 / top(01) / pwmstateout /      1.00000 para Root(00)
Mensaje D / 00:04:32:500 / top(01) / 00:00:05:000 para Root(00)
Mensaje * / 00:04:37:500 / Root(00) para top(01)
Mensaje * / 00:04:37:500 / top(01) para pwm(02)
Mensaje Y / 00:04:37:500 / pwm(02) / pwmstateout /      0.00000 para top(01)
Mensaje D / 00:04:37:500 / pwm(02) / 00:00:05:000 para top(01)
Mensaje Y / 00:04:37:500 / top(01) / pwmstateout /      0.00000 para Root(00)
Mensaje D / 00:04:37:500 / top(01) / 00:00:05:000 para Root(00)
Mensaje * / 00:04:42:500 / Root(00) para top(01)
Mensaje * / 00:04:42:500 / top(01) para pwm(02)
Mensaje Y / 00:04:42:500 / pwm(02) / pwmstateout /      1.00000 para top(01)
Mensaje D / 00:04:42:500 / pwm(02) / 00:00:05:000 para top(01)
Mensaje Y / 00:04:42:500 / top(01) / pwmstateout /      1.00000 para Root(00)
Mensaje D / 00:04:42:500 / top(01) / 00:00:05:000 para Root(00)
Mensaje * / 00:04:47:500 / Root(00) para top(01)
Mensaje * / 00:04:47:500 / top(01) para pwm(02)
Mensaje Y / 00:04:47:500 / pwm(02) / pwmstateout /      0.00000 para top(01)
Mensaje D / 00:04:47:500 / pwm(02) / 00:00:05:000 para top(01)
Mensaje Y / 00:04:47:500 / top(01) / pwmstateout /      0.00000 para Root(00)
Mensaje D / 00:04:47:500 / top(01) / 00:00:05:000 para Root(00)
Mensaje * / 00:04:52:500 / Root(00) para top(01)
Mensaje * / 00:04:52:500 / top(01) para pwm(02)
Mensaje Y / 00:04:52:500 / pwm(02) / pwmstateout /      1.00000 para top(01)
Mensaje D / 00:04:52:500 / pwm(02) / 00:00:05:000 para top(01)
Mensaje Y / 00:04:52:500 / top(01) / pwmstateout /      1.00000 para Root(00)
Mensaje D / 00:04:52:500 / top(01) / 00:00:05:000 para Root(00)
Mensaje * / 00:04:57:500 / Root(00) para top(01)
Mensaje * / 00:04:57:500 / top(01) para pwm(02)
Mensaje Y / 00:04:57:500 / pwm(02) / pwmstateout /      0.00000 para top(01)
Mensaje D / 00:04:57:500 / pwm(02) / 00:00:05:000 para top(01)
Mensaje Y / 00:04:57:500 / top(01) / pwmstateout /      0.00000 para Root(00)
Mensaje D / 00:04:57:500 / top(01) / 00:00:05:000 para Root(00)
Mensaje * / 00:05:02:500 / Root(00) para top(01)
Mensaje * / 00:05:02:500 / top(01) para pwm(02)
Mensaje Y / 00:05:02:500 / pwm(02) / pwmstateout /      1.00000 para top(01)
Mensaje D / 00:05:02:500 / pwm(02) / 00:00:05:000 para top(01)
Mensaje Y / 00:05:02:500 / top(01) / pwmstateout /      1.00000 para Root(00)
Mensaje D / 00:05:02:500 / top(01) / 00:00:05:000 para Root(00)
Mensaje * / 00:05:07:500 / Root(00) para top(01)
Mensaje * / 00:05:07:500 / top(01) para pwm(02)
Mensaje Y / 00:05:07:500 / pwm(02) / pwmstateout /      0.00000 para top(01)
Mensaje D / 00:05:07:500 / pwm(02) / 00:00:05:000 para top(01)
Mensaje Y / 00:05:07:500 / top(01) / pwmstateout /      0.00000 para Root(00)
Mensaje D / 00:05:07:500 / top(01) / 00:00:05:000 para Root(00)
Mensaje * / 00:05:12:500 / Root(00) para top(01)
Mensaje * / 00:05:12:500 / top(01) para pwm(02)
Mensaje Y / 00:05:12:500 / pwm(02) / pwmstateout /      1.00000 para top(01)
Mensaje D / 00:05:12:500 / pwm(02) / 00:00:05:000 para top(01)
Mensaje Y / 00:05:12:500 / top(01) / pwmstateout /      1.00000 para Root(00)
Mensaje D / 00:05:12:500 / top(01) / 00:00:05:000 para Root(00)
Mensaje * / 00:05:17:500 / Root(00) para top(01)
Mensaje * / 00:05:17:500 / top(01) para pwm(02)
Mensaje Y / 00:05:17:500 / pwm(02) / pwmstateout /      0.00000 para top(01)
Mensaje D / 00:05:17:500 / pwm(02) / 00:00:05:000 para top(01)
Mensaje Y / 00:05:17:500 / top(01) / pwmstateout /      0.00000 para Root(00)
Mensaje D / 00:05:17:500 / top(01) / 00:00:05:000 para Root(00)
Mensaje * / 00:05:22:500 / Root(00) para top(01)
Mensaje * / 00:05:22:500 / top(01) para pwm(02)
Mensaje Y / 00:05:22:500 / pwm(02) / pwmstateout /      1.00000 para top(01)
Mensaje D / 00:05:22:500 / pwm(02) / 00:00:05:000 para top(01)
Mensaje Y / 00:05:22:500 / top(01) / pwmstateout /      1.00000 para Root(00)
Mensaje D / 00:05:22:500 / top(01) / 00:00:05:000 para Root(00)
Mensaje * / 00:05:27:500 / Root(00) para top(01)
Mensaje * / 00:05:27:500 / top(01) para pwm(02)
Mensaje Y / 00:05:27:500 / pwm(02) / pwmstateout /      0.00000 para top(01)
Mensaje D / 00:05:27:500 / pwm(02) / 00:00:05:000 para top(01)
Mensaje Y / 00:05:27:500 / top(01) / pwmstateout /      0.00000 para Root(00)
Mensaje D / 00:05:27:500 / top(01) / 00:00:05:000 para Root(00)
Mensaje * / 00:05:32:500 / Root(00) para top(01)
Mensaje * / 00:05:32:500 / top(01) para pwm(02)
Mensaje Y / 00:05:32:500 / pwm(02) / pwmstateout /      1.00000 para top(01)
Mensaje D / 00:05:32:500 / pwm(02) / 00:00:05:000 para top(01)
Mensaje Y / 00:05:32:500 / top(01) / pwmstateout /      1.00000 para Root(00)
Mensaje D / 00:05:32:500 / top(01) / 00:00:05:000 para Root(00)
Mensaje * / 00:05:37:500 / Root(00) para top(01)
Mensaje * / 00:05:37:500 / top(01) para pwm(02)
Mensaje Y / 00:05:37:500 / pwm(02) / pwmstateout /      0.00000 para top(01)
Mensaje D / 00:05:37:500 / pwm(02) / 00:00:05:000 para top(01)
Mensaje Y / 00:05:37:500 / top(01) / pwmstateout /      0.00000 para Root(00)
Mensaje D / 00:05:37:500 / top(01) / 00:00:05:000 para Root(00)
Mensaje * / 00:05:42:500 / Root(00) para top(01)
Mensaje * / 00:05:42:500 / top(01) para pwm(02)
Mensaje Y / 00:05:42:500 / pwm(02) / pwmstateout /      1.00000 para top(01)
Mensaje D / 00:05:42:500 / pwm(02) / 00:00:05:000 para top(01)
Mensaje Y / 00:05:42:500 / top(01) / pwmstateout /      1.00000 para Root(00)
Mensaje D / 00:05:42:500 / top(01) / 00:00:05:000 para Root(00)
Mensaje * / 00:05:47:500 / Root(00) para top(01)
Mensaje * / 00:05:47:500 / top(01) para pwm(02)
Mensaje Y / 00:05:47:500 / pwm(02) / pwmstateout /      0.00000 para top(01)
Mensaje D / 00:05:47:500 / pwm(02) / 00:00:05:000 para top(01)
Mensaje Y / 00:05:47:500 / top(01) / pwmstateout /      0.00000 para Root(00)
Mensaje D / 00:05:47:500 / top(01) / 00:00:05:000 para Root(00)
Mensaje * / 00:05:52:500 / Root(00) para top(01)
Mensaje * / 00:05:52:500 / top(01) para pwm(02)
Mensaje Y / 00:05:52:500 / pwm(02) / pwmstateout /      1.00000 para top(01)
Mensaje D / 00:05:52:500 / pwm(02) / 00:00:05:000 para top(01)
Mensaje Y / 00:05:52:500 / top(01) / pwmstateout /      1.00000 para Root(00)
Mensaje D / 00:05:52:500 / top(01) / 00:00:05:000 para Root(00)
Mensaje * / 00:05:57:500 / Root(00) para top(01)
Mensaje * / 00:05:57:500 / top(01) para pwm(02)
Mensaje Y / 00:05:57:500 / pwm(02) / pwmstateout /      0.00000 para top(01)
Mensaje D / 00:05:57:500 / pwm(02) / 00:00:05:000 para top(01)
Mensaje Y / 00:05:57:500 / top(01) / pwmstateout /      0.00000 para Root(00)
Mensaje D / 00:05:57:500 / top(01) / 00:00:05:000 para Root(00)
Mensaje * / 00:06:02:500 / Root(00) para top(01)
Mensaje * / 00:06:02:500 / top(01) para pwm(02)
Mensaje Y / 00:06:02:500 / pwm(02) / pwmstateout /      1.00000 para top(01)
Mensaje D / 00:06:02:500 / pwm(02) / 00:00:05:000 para top(01)
Mensaje Y / 00:06:02:500 / top(01) / pwmstateout /      1.00000 para Root(00)
Mensaje D / 00:06:02:500 / top(01) / 00:00:05:000 para Root(00)
Mensaje * / 00:06:07:500 / Root(00) para top(01)
Mensaje * / 00:06:07:500 / top(01) para pwm(02)
Mensaje Y / 00:06:07:500 / pwm(02) / pwmstateout /      0.00000 para top(01)
Mensaje D / 00:06:07:500 / pwm(02) / 00:00:05:000 para top(01)
Mensaje Y / 00:06:07:500 / top(01) / pwmstateout /      0.00000 para Root(00)
Mensaje D / 00:06:07:500 / top(01) / 00:00:05:000 para Root(00)
Mensaje * / 00:06:12:500 / Root(00) para top(01)
Mensaje * / 00:06:12:500 / top(01) para pwm(02)
Mensaje Y / 00:06:12:500 / pwm(02) / pwmstateout /      1.00000 para top(01)
Mensaje D / 00:06:12:500 / pwm(02) / 00:00:05:000 para top(01)
Mensaje Y / 00:06:12:500 / top(01) / pwmstateout /      1.00000 para Root(00)
Mensaje D / 00:06:12:500 / top(01) / 00:00:05:000 para Root(00)
Mensaje * / 00:06:17:500 / Root(00) para top(01)
Mensaje * / 00:06:17:500 / top(01) para pwm(02)
Mensaje Y / 00:06:17:500 / pwm(02) / pwmstateout /      0.00000 para top(01)
Mensaje D / 00:06:17:500 / pwm(02) / 00:00:05:000 para top(01)
Mensaje Y / 00:06:17:500 / top(01) / pwmstateout /      0.00000 para Root(00)
Mensaje D / 00:06:17:500 / top(01) / 00:00:05:000 para Root(00)
Mensaje * / 00:06:22:500 / Root(00) para top(01)
Mensaje * / 00:06:22:500 / top(01) para pwm(02)
Mensaje Y / 00:06:22:500 / pwm(02) / pwmstateout /      1.00000 para top(01)
Mensaje D / 00:06:22:500 / pwm(02) / 00:00:05:000 para top(01)
Mensaje Y / 00:06:22:500 / top(01) / pwmstateout /      1.00000 para Root(00)
Mensaje D / 00:06:22:500 / top(01) / 00:00:05:000 para Root(00)
Mensaje * / 00:06:27:500 / Root(00) para top(01)
Mensaje * / 00:06:27:500 / top(01) para pwm(02)
Mensaje Y / 00:06:27:500 / pwm(02) / pwmstateout /      0.00000 para top(01)
Mensaje D / 00:06:27:500 / pwm(02) / 00:00:05:000 para top(01)
Mensaje Y / 00:06:27:500 / top(01) / pwmstateout /      0.00000 para Root(00)
Mensaje D / 00:06:27:500 / top(01) / 00:00:05:000 para Root(00)
Mensaje * / 00:06:32:500 / Root(00) para top(01)
Mensaje * / 00:06:32:500 / top(01) para pwm(02)
Mensaje Y / 00:06:32:500 / pwm(02) / pwmstateout /      1.00000 para top(01)
Mensaje D / 00:06:32:500 / pwm(02) / 00:00:05:000 para top(01)
Mensaje Y / 00:06:32:500 / top(01) / pwmstateout /      1.00000 para Root(00)
Mensaje D / 00:06:32:500 / top(01) / 00:00:05:000 para Root(00)
Mensaje * / 00:06:37:500 / Root(00) para top(01)
Mensaje * / 00:06:37:500 / top(01) para pwm(02)
Mensaje Y / 00:06:37:500 / pwm(02) / pwmstateout /      0.00000 para top(01)
Mensaje D / 00:06:37:500 / pwm(02) / 00:00:05:000 para top(01)
Mensaje Y / 00:06:37:500 / top(01) / pwmstateout /      0.00000 para Root(00)
Mensaje D / 00:06:37:500 / top(01) / 00:00:05:000 para Root(00)
Mensaje * / 00:06:42:500 / Root(00) para top(01)
Mensaje * / 00:06:42:500 / top(01) para pwm(02)
Mensaje Y / 00:06:42:500 / pwm(02) / pwmstateout /      1.00000 para top(01)
Mensaje D / 00:06:42:500 / pwm(02) / 00:00:05:000 para top(01)
Mensaje Y / 00:06:42:500 / top(01) / pwmstateout /      1.00000 para Root(00)
Mensaje D / 00:06:42:500 / top(01) / 00:00:05:000 para Root(00)
Mensaje * / 00:06:47:500 / Root(00) para top(01)
Mensaje * / 00:06:47:500 / top(01) para pwm(02)
Mensaje Y / 00:06:47:500 / pwm(02) / pwmstateout /      0.00000 para top(01)
Mensaje D / 00:06:47:500 / pwm(02) / 00:00:05:000 para top(01)
Mensaje Y / 00:06:47:500 / top(01) / pwmstateout /      0.00000 para Root(00)
Mensaje D / 00:06:47:500 / top(01) / 00:00:05:000 para Root(00)
Mensaje * / 00:06:52:500 / Root(00) para top(01)
Mensaje * / 00:06:52:500 / top(01) para pwm(02)
Mensaje Y / 00:06:52:500 / pwm(02) / pwmstateout /      1.00000 para top(01)
Mensaje D / 00:06:52:500 / pwm(02) / 00:00:05:000 para top(01)
Mensaje Y / 00:06:52:500 / top(01) / pwmstateout /      1.00000 para Root(00)
Mensaje D / 00:06:52:500 / top(01) / 00:00:05:000 para Root(00)
Mensaje * / 00:06:57:500 / Root(00) para top(01)
Mensaje * / 00:06:57:500 / top(01) para pwm(02)
Mensaje Y / 00:06:57:500 / pwm(02) / pwmstateout /      0.00000 para top(01)
Mensaje D / 00:06:57:500 / pwm(02) / 00:00:05:000 para top(01)
Mensaje Y / 00:06:57:500 / top(01) / pwmstateout /      0.00000 para Root(00)
Mensaje D / 00:06:57:500 / top(01) / 00:00:05:000 para Root(00)
Mensaje * / 00:07:02:500 / Root(00) para top(01)
Mensaje * / 00:07:02:500 / top(01) para pwm(02)
Mensaje Y / 00:07:02:500 / pwm(02) / pwmstateout /      1.00000 para top(01)
Mensaje D / 00:07:02:500 / pwm(02) / 00:00:05:000 para top(01)
Mensaje Y / 00:07:02:500 / top(01) / pwmstateout /      1.00000 para Root(00)
Mensaje D / 00:07:02:500 / top(01) / 00:00:05:000 para Root(00)
Mensaje * / 00:07:07:500 / Root(00) para top(01)
Mensaje * / 00:07:07:500 / top(01) para pwm(02)
Mensaje Y / 00:07:07:500 / pwm(02) / pwmstateout /      0.00000 para top(01)
Mensaje D / 00:07:07:500 / pwm(02) / 00:00:05:000 para top(01)
Mensaje Y / 00:07:07:500 / top(01) / pwmstateout /      0.00000 para Root(00)
Mensaje D / 00:07:07:500 / top(01) / 00:00:05:000 para Root(00)
Mensaje * / 00:07:12:500 / Root(00) para top(01)
Mensaje * / 00:07:12:500 / top(01) para pwm(02)
Mensaje Y / 00:07:12:500 / pwm(02) / pwmstateout /      1.00000 para top(01)
Mensaje D / 00:07:12:500 / pwm(02) / 00:00:05:000 para top(01)
Mensaje Y / 00:07:12:500 / top(01) / pwmstateout /      1.00000 para Root(00)
Mensaje D / 00:07:12:500 / top(01) / 00:00:05:000 para Root(00)
Mensaje * / 00:07:17:500 / Root(00) para top(01)
Mensaje * / 00:07:17:500 / top(01) para pwm(02)
Mensaje Y / 00:07:17:500 / pwm(02) / pwmstateout /      0.00000 para top(01)
Mensaje D / 00:07:17:500 / pwm(02) / 00:00:05:000 para top(01)
Mensaje Y / 00:07:17:500 / top(01) / pwmstateout /      0.00000 para Root(00)
Mensaje D / 00:07:17:500 / top(01) / 00:00:05:000 para Root(00)
Mensaje * / 00:07:22:500 / Root(00) para top(01)
Mensaje * / 00:07:22:500 / top(01) para pwm(02)
Mensaje Y / 00:07:22:500 / pwm(02) / pwmstateout /      1.00000 para top(01)
Mensaje D / 00:07:22:500 / pwm(02) / 00:00:05:000 para top(01)
Mensaje Y / 00:07:22:500 / top(01) / pwmstateout /      1.00000 para Root(00)
Mensaje D / 00:07:22:500 / top(01) / 00:00:05:000 para Root(00)
Mensaje * / 00:07:27:500 / Root(00) para top(01)
Mensaje * / 00:07:27:500 / top(01) para pwm(02)
Mensaje Y / 00:07:27:500 / pwm(02) / pwmstateout /      0.00000 para top(01)
Mensaje D / 00:07:27:500 / pwm(02) / 00:00:05:000 para top(01)
Mensaje Y / 00:07:27:500 / top(01) / pwmstateout /      0.00000 para Root(00)
Mensaje D / 00:07:27:500 / top(01) / 00:00:05:000 para Root(00)
Mensaje * / 00:07:32:500 / Root(00) para top(01)
Mensaje * / 00:07:32:500 / top(01) para pwm(02)
Mensaje Y / 00:07:32:500 / pwm(02) / pwmstateout /      1.00000 para top(01)
Mensaje D / 00:07:32:500 / pwm(02) / 00:00:05:000 para top(01)
Mensaje Y / 00:07:32:500 / top(01) / pwmstateout /      1.00000 para Root(00)
Mensaje D / 00:07:32:500 / top(01) / 00:00:05:000 para Root(00)
Mensaje * / 00:07:37:500 / Root(00) para top(01)
Mensaje * / 00:07:37:500 / top(01) para pwm(02)
Mensaje Y / 00:07:37:500 / pwm(02) / pwmstateout /      0.00000 para top(01)
Mensaje D / 00:07:37:500 / pwm(02) / 00:00:05:000 para top(01)
Mensaje Y / 00:07:37:500 / top(01) / pwmstateout /      0.00000 para Root(00)
Mensaje D / 00:07:37:500 / top(01) / 00:00:05:000 para Root(00)
Mensaje * / 00:07:42:500 / Root(00) para top(01)
Mensaje * / 00:07:42:500 / top(01) para pwm(02)
Mensaje Y / 00:07:42:500 / pwm(02) / pwmstateout /      1.00000 para top(01)
Mensaje D / 00:07:42:500 / pwm(02) / 00:00:05:000 para top(01)
Mensaje Y / 00:07:42:500 / top(01) / pwmstateout /      1.00000 para Root(00)
Mensaje D / 00:07:42:500 / top(01) / 00:00:05:000 para Root(00)
Mensaje * / 00:07:47:500 / Root(00) para top(01)
Mensaje * / 00:07:47:500 / top(01) para pwm(02)
Mensaje Y / 00:07:47:500 / pwm(02) / pwmstateout /      0.00000 para top(01)
Mensaje D / 00:07:47:500 / pwm(02) / 00:00:05:000 para top(01)
Mensaje Y / 00:07:47:500 / top(01) / pwmstateout /      0.00000 para Root(00)
Mensaje D / 00:07:47:500 / top(01) / 00:00:05:000 para Root(00)
Mensaje * / 00:07:52:500 / Root(00) para top(01)
Mensaje * / 00:07:52:500 / top(01) para pwm(02)
Mensaje Y / 00:07:52:500 / pwm(02) / pwmstateout /      1.00000 para top(01)
Mensaje D / 00:07:52:500 / pwm(02) / 00:00:05:000 para top(01)
Mensaje Y / 00:07:52:500 / top(01) / pwmstateout /      1.00000 para Root(00)
Mensaje D / 00:07:52:500 / top(01) / 00:00:05:000 para Root(00)
Mensaje * / 00:07:57:500 / Root(00) para top(01)
Mensaje * / 00:07:57:500 / top(01) para pwm(02)
Mensaje Y / 00:07:57:500 / pwm(02) / pwmstateout /      0.00000 para top(01)
Mensaje D / 00:07:57:500 / pwm(02) / 00:00:05:000 para top(01)
Mensaje Y / 00:07:57:500 / top(01) / pwmstateout /      0.00000 para Root(00)
Mensaje D / 00:07:57:500 / top(01) / 00:00:05:000 para Root(00)
Mensaje * / 00:08:02:500 / Root(00) para top(01)
Mensaje * / 00:08:02:500 / top(01) para pwm(02)
Mensaje Y / 00:08:02:500 / pwm(02) / pwmstateout /      1.00000 para top(01)
Mensaje D / 00:08:02:500 / pwm(02) / 00:00:05:000 para top(01)
Mensaje Y / 00:08:02:500 / top(01) / pwmstateout /      1.00000 para Root(00)
Mensaje D / 00:08:02:500 / top(01) / 00:00:05:000 para Root(00)
Mensaje * / 00:08:07:500 / Root(00) para top(01)
Mensaje * / 00:08:07:500 / top(01) para pwm(02)
Mensaje Y / 00:08:07:500 / pwm(02) / pwmstateout /      0.00000 para top(01)
Mensaje D / 00:08:07:500 / pwm(02) / 00:00:05:000 para top(01)
Mensaje Y / 00:08:07:500 / top(01) / pwmstateout /      0.00000 para Root(00)
Mensaje D / 00:08:07:500 / top(01) / 00:00:05:000 para Root(00)
Mensaje * / 00:08:12:500 / Root(00) para top(01)
Mensaje * / 00:08:12:500 / top(01) para pwm(02)
Mensaje Y / 00:08:12:500 / pwm(02) / pwmstateout /      1.00000 para top(01)
Mensaje D / 00:08:12:500 / pwm(02) / 00:00:05:000 para top(01)
Mensaje Y / 00:08:12:500 / top(01) / pwmstateout /      1.00000 para Root(00)
Mensaje D / 00:08:12:500 / top(01) / 00:00:05:000 para Root(00)
Mensaje * / 00:08:17:500 / Root(00) para top(01)
Mensaje * / 00:08:17:500 / top(01) para pwm(02)
Mensaje Y / 00:08:17:500 / pwm(02) / pwmstateout /      0.00000 para top(01)
Mensaje D / 00:08:17:500 / pwm(02) / 00:00:05:000 para top(01)
Mensaje Y / 00:08:17:500 / top(01) / pwmstateout /      0.00000 para Root(00)
Mensaje D / 00:08:17:500 / top(01) / 00:00:05:000 para Root(00)
Mensaje * / 00:08:22:500 / Root(00) para top(01)
Mensaje * / 00:08:22:500 / top(01) para pwm(02)
Mensaje Y / 00:08:22:500 / pwm(02) / pwmstateout /      1.00000 para top(01)
Mensaje D / 00:08:22:500 / pwm(02) / 00:00:05:000 para top(01)
Mensaje Y / 00:08:22:500 / top(01) / pwmstateout /      1.00000 para Root(00)
Mensaje D / 00:08:22:500 / top(01) / 00:00:05:000 para Root(00)
Mensaje * / 00:08:27:500 / Root(00) para top(01)
Mensaje * / 00:08:27:500 / top(01) para pwm(02)
Mensaje Y / 00:08:27:500 / pwm(02) / pwmstateout /      0.00000 para top(01)
Mensaje D / 00:08:27:500 / pwm(02) / 00:00:05:000 para top(01)
Mensaje Y / 00:08:27:500 / top(01) / pwmstateout /      0.00000 para Root(00)
Mensaje D / 00:08:27:500 / top(01) / 00:00:05:000 para Root(00)
Mensaje * / 00:08:32:500 / Root(00) para top(01)
Mensaje * / 00:08:32:500 / top(01) para pwm(02)
Mensaje Y / 00:08:32:500 / pwm(02) / pwmstateout /      1.00000 para top(01)
Mensaje D / 00:08:32:500 / pwm(02) / 00:00:05:000 para top(01)
Mensaje Y / 00:08:32:500 / top(01) / pwmstateout /      1.00000 para Root(00)
Mensaje D / 00:08:32:500 / top(01) / 00:00:05:000 para Root(00)
Mensaje * / 00:08:37:500 / Root(00) para top(01)
Mensaje * / 00:08:37:500 / top(01) para pwm(02)
Mensaje Y / 00:08:37:500 / pwm(02) / pwmstateout /      0.00000 para top(01)
Mensaje D / 00:08:37:500 / pwm(02) / 00:00:05:000 para top(01)
Mensaje Y / 00:08:37:500 / top(01) / pwmstateout /      0.00000 para Root(00)
Mensaje D / 00:08:37:500 / top(01) / 00:00:05:000 para Root(00)
Mensaje * / 00:08:42:500 / Root(00) para top(01)
Mensaje * / 00:08:42:500 / top(01) para pwm(02)
Mensaje Y / 00:08:42:500 / pwm(02) / pwmstateout /      1.00000 para top(01)
Mensaje D / 00:08:42:500 / pwm(02) / 00:00:05:000 para top(01)
Mensaje Y / 00:08:42:500 / top(01) / pwmstateout /      1.00000 para Root(00)
Mensaje D / 00:08:42:500 / top(01) / 00:00:05:000 para Root(00)
Mensaje * / 00:08:47:500 / Root(00) para top(01)
Mensaje * / 00:08:47:500 / top(01) para pwm(02)
Mensaje Y / 00:08:47:500 / pwm(02) / pwmstateout /      0.00000 para top(01)
Mensaje D / 00:08:47:500 / pwm(02) / 00:00:05:000 para top(01)
Mensaje Y / 00:08:47:500 / top(01) / pwmstateout /      0.00000 para Root(00)
Mensaje D / 00:08:47:500 / top(01) / 00:00:05:000 para Root(00)
Mensaje * / 00:08:52:500 / Root(00) para top(01)
Mensaje * / 00:08:52:500 / top(01) para pwm(02)
Mensaje Y / 00:08:52:500 / pwm(02) / pwmstateout /      1.00000 para top(01)
Mensaje D / 00:08:52:500 / pwm(02) / 00:00:05:000 para top(01)
Mensaje Y / 00:08:52:500 / top(01) / pwmstateout /      1.00000 para Root(00)
Mensaje D / 00:08:52:500 / top(01) / 00:00:05:000 para Root(00)
Mensaje * / 00:08:57:500 / Root(00) para top(01)
Mensaje * / 00:08:57:500 / top(01) para pwm(02)
Mensaje Y / 00:08:57:500 / pwm(02) / pwmstateout /      0.00000 para top(01)
Mensaje D / 00:08:57:500 / pwm(02) / 00:00:05:000 para top(01)
Mensaje Y / 00:08:57:500 / top(01) / pwmstateout /      0.00000 para Root(00)
Mensaje D / 00:08:57:500 / top(01) / 00:00:05:000 para Root(00)
Mensaje * / 00:09:02:500 / Root(00) para top(01)
Mensaje * / 00:09:02:500 / top(01) para pwm(02)
Mensaje Y / 00:09:02:500 / pwm(02) / pwmstateout /      1.00000 para top(01)
Mensaje D / 00:09:02:500 / pwm(02) / 00:00:05:000 para top(01)
Mensaje Y / 00:09:02:500 / top(01) / pwmstateout /      1.00000 para Root(00)
Mensaje D / 00:09:02:500 / top(01) / 00:00:05:000 para Root(00)
Mensaje * / 00:09:07:500 / Root(00) para top(01)
Mensaje * / 00:09:07:500 / top(01) para pwm(02)
Mensaje Y / 00:09:07:500 / pwm(02) / pwmstateout /      0.00000 para top(01)
Mensaje D / 00:09:07:500 / pwm(02) / 00:00:05:000 para top(01)
Mensaje Y / 00:09:07:500 / top(01) / pwmstateout /      0.00000 para Root(00)
Mensaje D / 00:09:07:500 / top(01) / 00:00:05:000 para Root(00)
Mensaje * / 00:09:12:500 / Root(00) para top(01)
Mensaje * / 00:09:12:500 / top(01) para pwm(02)
Mensaje Y / 00:09:12:500 / pwm(02) / pwmstateout /      1.00000 para top(01)
Mensaje D / 00:09:12:500 / pwm(02) / 00:00:05:000 para top(01)
Mensaje Y / 00:09:12:500 / top(01) / pwmstateout /      1.00000 para Root(00)
Mensaje D / 00:09:12:500 / top(01) / 00:00:05:000 para Root(00)
Mensaje * / 00:09:17:500 / Root(00) para top(01)
Mensaje * / 00:09:17:500 / top(01) para pwm(02)
Mensaje Y / 00:09:17:500 / pwm(02) / pwmstateout /      0.00000 para top(01)
Mensaje D / 00:09:17:500 / pwm(02) / 00:00:05:000 para top(01)
Mensaje Y / 00:09:17:500 / top(01) / pwmstateout /      0.00000 para Root(00)
Mensaje D / 00:09:17:500 / top(01) / 00:00:05:000 para Root(00)
Mensaje * / 00:09:22:500 / Root(00) para top(01)
Mensaje * / 00:09:22:500 / top(01) para pwm(02)
Mensaje Y / 00:09:22:500 / pwm(02) / pwmstateout /      1.00000 para top(01)
Mensaje D / 00:09:22:500 / pwm(02) / 00:00:05:000 para top(01)
Mensaje Y / 00:09:22:500 / top(01) / pwmstateout /      1.00000 para Root(00)
Mensaje D / 00:09:22:500 / top(01) / 00:00:05:000 para Root(00)
Mensaje * / 00:09:27:500 / Root(00) para top(01)
Mensaje * / 00:09:27:500 / top(01) para pwm(02)
Mensaje Y / 00:09:27:500 / pwm(02) / pwmstateout /      0.00000 para top(01)
Mensaje D / 00:09:27:500 / pwm(02) / 00:00:05:000 para top(01)
Mensaje Y / 00:09:27:500 / top(01) / pwmstateout /      0.00000 para Root(00)
Mensaje D / 00:09:27:500 / top(01) / 00:00:05:000 para Root(00)
Mensaje * / 00:09:32:500 / Root(00) para top(01)
Mensaje * / 00:09:32:500 / top(01) para pwm(02)
Mensaje Y / 00:09:32:500 / pwm(02) / pwmstateout /      1.00000 para top(01)
Mensaje D / 00:09:32:500 / pwm(02) / 00:00:05:000 para top(01)
Mensaje Y / 00:09:32:500 / top(01) / pwmstateout /      1.00000 para Root(00)
Mensaje D / 00:09:32:500 / top(01) / 00:00:05:000 para Root(00)
Mensaje * / 00:09:37:500 / Root(00) para top(01)
Mensaje * / 00:09:37:500 / top(01) para pwm(02)
Mensaje Y / 00:09:37:500 / pwm(02) / pwmstateout /      0.00000 para top(01)
Mensaje D / 00:09:37:500 / pwm(02) / 00:00:05:000 para top(01)
Mensaje Y / 00:09:37:500 / top(01) / pwmstateout /      0.00000 para Root(00)
Mensaje D / 00:09:37:500 / top(01) / 00:00:05:000 para Root(00)
Mensaje * / 00:09:42:500 / Root(00) para top(01)
Mensaje * / 00:09:42:500 / top(01) para pwm(02)
Mensaje Y / 00:09:42:500 / pwm(02) / pwmstateout /      1.00000 para top(01)
Mensaje D / 00:09:42:500 / pwm(02) / 00:00:05:000 para top(01)
Mensaje Y / 00:09:42:500 / top(01) / pwmstateout /      1.00000 para Root(00)
Mensaje D / 00:09:42:500 / top(01) / 00:00:05:000 para Root(00)
Mensaje * / 00:09:47:500 / Root(00) para top(01)
Mensaje * / 00:09:47:500 / top(01) para pwm(02)
Mensaje Y / 00:09:47:500 / pwm(02) / pwmstateout /      0.00000 para top(01)
Mensaje D / 00:09:47:500 / pwm(02) / 00:00:05:000 para top(01)
Mensaje Y / 00:09:47:500 / top(01) / pwmstateout /      0.00000 para Root(00)
Mensaje D / 00:09:47:500 / top(01) / 00:00:05:000 para Root(00)
Mensaje * / 00:09:52:500 / Root(00) para top(01)
Mensaje * / 00:09:52:500 / top(01) para pwm(02)
Mensaje Y / 00:09:52:500 / pwm(02) / pwmstateout /      1.00000 para top(01)
Mensaje D / 00:09:52:500 / pwm(02) / 00:00:05:000 para top(01)
Mensaje Y / 00:09:52:500 / top(01) / pwmstateout /      1.00000 para Root(00)
Mensaje D / 00:09:52:500 / top(01) / 00:00:05:000 para Root(00)
Mensaje * / 00:09:57:500 / Root(00) para top(01)
Mensaje * / 00:09:57:500 / top(01) para pwm(02)
Mensaje Y / 00:09:57:500 / pwm(02) / pwmstateout /      0.00000 para top(01)
Mensaje D / 00:09:57:500 / pwm(02) / 00:00:05:000 para top(01)
Mensaje Y / 00:09:57:500 / top(01) / pwmstateout /      0.00000 para Root(00)
Mensaje D / 00:09:57:500 / top(01) / 00:00:05:000 para Root(00)
Mensaje * / 00:10:02:500 / Root(00) para top(01)
Mensaje * / 00:10:02:500 / top(01) para pwm(02)
Mensaje Y / 00:10:02:500 / pwm(02) / pwmstateout /      1.00000 para top(01)
Mensaje D / 00:10:02:500 / pwm(02) / 00:00:05:000 para top(01)
Mensaje Y / 00:10:02:500 / top(01) / pwmstateout /      1.00000 para Root(00)
Mensaje D / 00:10:02:500 / top(01) / 00:00:05:000 para Root(00)
Mensaje * / 00:10:07:500 / Root(00) para top(01)
Mensaje * / 00:10:07:500 / top(01) para pwm(02)
Mensaje Y / 00:10:07:500 / pwm(02) / pwmstateout /      0.00000 para top(01)
Mensaje D / 00:10:07:500 / pwm(02) / 00:00:05:000 para top(01)
Mensaje Y / 00:10:07:500 / top(01) / pwmstateout /      0.00000 para Root(00)
Mensaje D / 00:10:07:500 / top(01) / 00:00:05:000 para Root(00)
Mensaje * / 00:10:12:500 / Root(00) para top(01)
Mensaje * / 00:10:12:500 / top(01) para pwm(02)
Mensaje Y / 00:10:12:500 / pwm(02) / pwmstateout /      1.00000 para top(01)
Mensaje D / 00:10:12:500 / pwm(02) / 00:00:05:000 para top(01)
Mensaje Y / 00:10:12:500 / top(01) / pwmstateout /      1.00000 para Root(00)
Mensaje D / 00:10:12:500 / top(01) / 00:00:05:000 para Root(00)
Mensaje * / 00:10:17:500 / Root(00) para top(01)
Mensaje * / 00:10:17:500 / top(01) para pwm(02)
Mensaje Y / 00:10:17:500 / pwm(02) / pwmstateout /      0.00000 para top(01)
Mensaje D / 00:10:17:500 / pwm(02) / 00:00:05:000 para top(01)
Mensaje Y / 00:10:17:500 / top(01) / pwmstateout /      0.00000 para Root(00)
Mensaje D / 00:10:17:500 / top(01) / 00:00:05:000 para Root(00)
Mensaje * / 00:10:22:500 / Root(00) para top(01)
Mensaje * / 00:10:22:500 / top(01) para pwm(02)
Mensaje Y / 00:10:22:500 / pwm(02) / pwmstateout /      1.00000 para top(01)
Mensaje D / 00:10:22:500 / pwm(02) / 00:00:05:000 para top(01)
Mensaje Y / 00:10:22:500 / top(01) / pwmstateout /      1.00000 para Root(00)
Mensaje D / 00:10:22:500 / top(01) / 00:00:05:000 para Root(00)
Mensaje * / 00:10:27:500 / Root(00) para top(01)
Mensaje * / 00:10:27:500 / top(01) para pwm(02)
Mensaje Y / 00:10:27:500 / pwm(02) / pwmstateout /      0.00000 para top(01)
Mensaje D / 00:10:27:500 / pwm(02) / 00:00:05:000 para top(01)
Mensaje Y / 00:10:27:500 / top(01) / pwmstateout /      0.00000 para Root(00)
Mensaje D / 00:10:27:500 / top(01) / 00:00:05:000 para Root(00)
Mensaje * / 00:10:32:500 / Root(00) para top(01)
Mensaje * / 00:10:32:500 / top(01) para pwm(02)
Mensaje Y / 00:10:32:500 / pwm(02) / pwmstateout /      1.00000 para top(01)
Mensaje D / 00:10:32:500 / pwm(02) / 00:00:05:000 para top(01)
Mensaje Y / 00:10:32:500 / top(01) / pwmstateout /      1.00000 para Root(00)
Mensaje D / 00:10:32:500 / top(01) / 00:00:05:000 para Root(00)
Mensaje * / 00:10:37:500 / Root(00) para top(01)
Mensaje * / 00:10:37:500 / top(01) para pwm(02)
Mensaje Y / 00:10:37:500 / pwm(02) / pwmstateout /      0.00000 para top(01)
Mensaje D / 00:10:37:500 / pwm(02) / 00:00:05:000 para top(01)
Mensaje Y / 00:10:37:500 / top(01) / pwmstateout /      0.00000 para Root(00)
Mensaje D / 00:10:37:500 / top(01) / 00:00:05:000 para Root(00)
Mensaje * / 00:10:42:500 / Root(00) para top(01)
Mensaje * / 00:10:42:500 / top(01) para pwm(02)
Mensaje Y / 00:10:42:500 / pwm(02) / pwmstateout /      1.00000 para top(01)
Mensaje D / 00:10:42:500 / pwm(02) / 00:00:05:000 para top(01)
Mensaje Y / 00:10:42:500 / top(01) / pwmstateout /      1.00000 para Root(00)
Mensaje D / 00:10:42:500 / top(01) / 00:00:05:000 para Root(00)
Mensaje * / 00:10:47:500 / Root(00) para top(01)
Mensaje * / 00:10:47:500 / top(01) para pwm(02)
Mensaje Y / 00:10:47:500 / pwm(02) / pwmstateout /      0.00000 para top(01)
Mensaje D / 00:10:47:500 / pwm(02) / 00:00:05:000 para top(01)
Mensaje Y / 00:10:47:500 / top(01) / pwmstateout /      0.00000 para Root(00)
Mensaje D / 00:10:47:500 / top(01) / 00:00:05:000 para Root(00)
Mensaje * / 00:10:52:500 / Root(00) para top(01)
Mensaje * / 00:10:52:500 / top(01) para pwm(02)
Mensaje Y / 00:10:52:500 / pwm(02) / pwmstateout /      1.00000 para top(01)
Mensaje D / 00:10:52:500 / pwm(02) / 00:00:05:000 para top(01)
Mensaje Y / 00:10:52:500 / top(01) / pwmstateout /      1.00000 para Root(00)
Mensaje D / 00:10:52:500 / top(01) / 00:00:05:000 para Root(00)
Mensaje * / 00:10:57:500 / Root(00) para top(01)
Mensaje * / 00:10:57:500 / top(01) para pwm(02)
Mensaje Y / 00:10:57:500 / pwm(02) / pwmstateout /      0.00000 para top(01)
Mensaje D / 00:10:57:500 / pwm(02) / 00:00:05:000 para top(01)
Mensaje Y / 00:10:57:500 / top(01) / pwmstateout /      0.00000 para Root(00)
Mensaje D / 00:10:57:500 / top(01) / 00:00:05:000 para Root(00)
Mensaje * / 00:11:02:500 / Root(00) para top(01)
Mensaje * / 00:11:02:500 / top(01) para pwm(02)
Mensaje Y / 00:11:02:500 / pwm(02) / pwmstateout /      1.00000 para top(01)
Mensaje D / 00:11:02:500 / pwm(02) / 00:00:05:000 para top(01)
Mensaje Y / 00:11:02:500 / top(01) / pwmstateout /      1.00000 para Root(00)
Mensaje D / 00:11:02:500 / top(01) / 00:00:05:000 para Root(00)
Mensaje * / 00:11:07:500 / Root(00) para top(01)
Mensaje * / 00:11:07:500 / top(01) para pwm(02)
Mensaje Y / 00:11:07:500 / pwm(02) / pwmstateout /      0.00000 para top(01)
Mensaje D / 00:11:07:500 / pwm(02) / 00:00:05:000 para top(01)
Mensaje Y / 00:11:07:500 / top(01) / pwmstateout /      0.00000 para Root(00)
Mensaje D / 00:11:07:500 / top(01) / 00:00:05:000 para Root(00)
Mensaje * / 00:11:12:500 / Root(00) para top(01)
Mensaje * / 00:11:12:500 / top(01) para pwm(02)
Mensaje Y / 00:11:12:500 / pwm(02) / pwmstateout /      1.00000 para top(01)
Mensaje D / 00:11:12:500 / pwm(02) / 00:00:05:000 para top(01)
Mensaje Y / 00:11:12:500 / top(01) / pwmstateout /      1.00000 para Root(00)
Mensaje D / 00:11:12:500 / top(01) / 00:00:05:000 para Root(00)
Mensaje * / 00:11:17:500 / Root(00) para top(01)
Mensaje * / 00:11:17:500 / top(01) para pwm(02)
Mensaje Y / 00:11:17:500 / pwm(02) / pwmstateout /      0.00000 para top(01)
Mensaje D / 00:11:17:500 / pwm(02) / 00:00:05:000 para top(01)
Mensaje Y / 00:11:17:500 / top(01) / pwmstateout /      0.00000 para Root(00)
Mensaje D / 00:11:17:500 / top(01) / 00:00:05:000 para Root(00)
Mensaje * / 00:11:22:500 / Root(00) para top(01)
Mensaje * / 00:11:22:500 / top(01) para pwm(02)
Mensaje Y / 00:11:22:500 / pwm(02) / pwmstateout /      1.00000 para top(01)
Mensaje D / 00:11:22:500 / pwm(02) / 00:00:05:000 para top(01)
Mensaje Y / 00:11:22:500 / top(01) / pwmstateout /      1.00000 para Root(00)
Mensaje D / 00:11:22:500 / top(01) / 00:00:05:000 para Root(00)
Mensaje * / 00:11:27:500 / Root(00) para top(01)
Mensaje * / 00:11:27:500 / top(01) para pwm(02)
Mensaje Y / 00:11:27:500 / pwm(02) / pwmstateout /      0.00000 para top(01)
Mensaje D / 00:11:27:500 / pwm(02) / 00:00:05:000 para top(01)
Mensaje Y / 00:11:27:500 / top(01) / pwmstateout /      0.00000 para Root(00)
Mensaje D / 00:11:27:500 / top(01) / 00:00:05:000 para Root(00)
Mensaje * / 00:11:32:500 / Root(00) para top(01)
Mensaje * / 00:11:32:500 / top(01) para pwm(02)
Mensaje Y / 00:11:32:500 / pwm(02) / pwmstateout /      1.00000 para top(01)
Mensaje D / 00:11:32:500 / pwm(02) / 00:00:05:000 para top(01)
Mensaje Y / 00:11:32:500 / top(01) / pwmstateout /      1.00000 para Root(00)
Mensaje D / 00:11:32:500 / top(01) / 00:00:05:000 para Root(00)
Mensaje * / 00:11:37:500 / Root(00) para top(01)
Mensaje * / 00:11:37:500 / top(01) para pwm(02)
Mensaje Y / 00:11:37:500 / pwm(02) / pwmstateout /      0.00000 para top(01)
Mensaje D / 00:11:37:500 / pwm(02) / 00:00:05:000 para top(01)
Mensaje Y / 00:11:37:500 / top(01) / pwmstateout /      0.00000 para Root(00)
Mensaje D / 00:11:37:500 / top(01) / 00:00:05:000 para Root(00)
Mensaje * / 00:11:42:500 / Root(00) para top(01)
Mensaje * / 00:11:42:500 / top(01) para pwm(02)
Mensaje Y / 00:11:42:500 / pwm(02) / pwmstateout /      1.00000 para top(01)
Mensaje D / 00:11:42:500 / pwm(02) / 00:00:05:000 para top(01)
Mensaje Y / 00:11:42:500 / top(01) / pwmstateout /      1.00000 para Root(00)
Mensaje D / 00:11:42:500 / top(01) / 00:00:05:000 para Root(00)
Mensaje * / 00:11:47:500 / Root(00) para top(01)
Mensaje * / 00:11:47:500 / top(01) para pwm(02)
Mensaje Y / 00:11:47:500 / pwm(02) / pwmstateout /      0.00000 para top(01)
Mensaje D / 00:11:47:500 / pwm(02) / 00:00:05:000 para top(01)
Mensaje Y / 00:11:47:500 / top(01) / pwmstateout /      0.00000 para Root(00)
Mensaje D / 00:11:47:500 / top(01) / 00:00:05:000 para Root(00)
Mensaje * / 00:11:52:500 / Root(00) para top(01)
Mensaje * / 00:11:52:500 / top(01) para pwm(02)
Mensaje Y / 00:11:52:500 / pwm(02) / pwmstateout /      1.00000 para top(01)
Mensaje D / 00:11:52:500 / pwm(02) / 00:00:05:000 para top(01)
Mensaje Y / 00:11:52:500 / top(01) / pwmstateout /      1.00000 para Root(00)
Mensaje D / 00:11:52:500 / top(01) / 00:00:05:000 para Root(00)
Mensaje * / 00:11:57:500 / Root(00) para top(01)
Mensaje * / 00:11:57:500 / top(01) para pwm(02)
Mensaje Y / 00:11:57:500 / pwm(02) / pwmstateout /      0.00000 para top(01)
Mensaje D / 00:11:57:500 / pwm(02) / 00:00:05:000 para top(01)
Mensaje Y / 00:11:57:500 / top(01) / pwmstateout /      0.00000 para Root(00)
Mensaje D / 00:11:57:500 / top(01) / 00:00:05:000 para Root(00)
Mensaje * / 00:12:02:500 / Root(00) para top(01)
Mensaje * / 00:12:02:500 / top(01) para pwm(02)
Mensaje Y / 00:12:02:500 / pwm(02) / pwmstateout /      1.00000 para top(01)
Mensaje D / 00:12:02:500 / pwm(02) / 00:00:05:000 para top(01)
Mensaje Y / 00:12:02:500 / top(01) / pwmstateout /      1.00000 para Root(00)
Mensaje D / 00:12:02:500 / top(01) / 00:00:05:000 para Root(00)
Mensaje * / 00:12:07:500 / Root(00) para top(01)
Mensaje * / 00:12:07:500 / top(01) para pwm(02)
Mensaje Y / 00:12:07:500 / pwm(02) / pwmstateout /      0.00000 para top(01)
Mensaje D / 00:12:07:500 / pwm(02) / 00:00:05:000 para top(01)
Mensaje Y / 00:12:07:500 / top(01) / pwmstateout /      0.00000 para Root(00)
Mensaje D / 00:12:07:500 / top(01) / 00:00:05:000 para Root(00)
Mensaje * / 00:12:12:500 / Root(00) para top(01)
Mensaje * / 00:12:12:500 / top(01) para pwm(02)
Mensaje Y / 00:12:12:500 / pwm(02) / pwmstateout /      1.00000 para top(01)
Mensaje D / 00:12:12:500 / pwm(02) / 00:00:05:000 para top(01)
Mensaje Y / 00:12:12:500 / top(01) / pwmstateout /      1.00000 para Root(00)
Mensaje D / 00:12:12:500 / top(01) / 00:00:05:000 para Root(00)
Mensaje * / 00:12:17:500 / Root(00) para top(01)
Mensaje * / 00:12:17:500 / top(01) para pwm(02)
Mensaje Y / 00:12:17:500 / pwm(02) / pwmstateout /      0.00000 para top(01)
Mensaje D / 00:12:17:500 / pwm(02) / 00:00:05:000 para top(01)
Mensaje Y / 00:12:17:500 / top(01) / pwmstateout /      0.00000 para Root(00)
Mensaje D / 00:12:17:500 / top(01) / 00:00:05:000 para Root(00)
Mensaje * / 00:12:22:500 / Root(00) para top(01)
Mensaje * / 00:12:22:500 / top(01) para pwm(02)
Mensaje Y / 00:12:22:500 / pwm(02) / pwmstateout /      1.00000 para top(01)
Mensaje D / 00:12:22:500 / pwm(02) / 00:00:05:000 para top(01)
Mensaje Y / 00:12:22:500 / top(01) / pwmstateout /      1.00000 para Root(00)
Mensaje D / 00:12:22:500 / top(01) / 00:00:05:000 para Root(00)
Mensaje * / 00:12:27:500 / Root(00) para top(01)
Mensaje * / 00:12:27:500 / top(01) para pwm(02)
Mensaje Y / 00:12:27:500 / pwm(02) / pwmstateout /      0.00000 para top(01)
Mensaje D / 00:12:27:500 / pwm(02) / 00:00:05:000 para top(01)
Mensaje Y / 00:12:27:500 / top(01) / pwmstateout /      0.00000 para Root(00)
Mensaje D / 00:12:27:500 / top(01) / 00:00:05:000 para Root(00)
Mensaje * / 00:12:32:500 / Root(00) para top(01)
Mensaje * / 00:12:32:500 / top(01) para pwm(02)
Mensaje Y / 00:12:32:500 / pwm(02) / pwmstateout /      1.00000 para top(01)
Mensaje D / 00:12:32:500 / pwm(02) / 00:00:05:000 para top(01)
Mensaje Y / 00:12:32:500 / top(01) / pwmstateout /      1.00000 para Root(00)
Mensaje D / 00:12:32:500 / top(01) / 00:00:05:000 para Root(00)
Mensaje * / 00:12:37:500 / Root(00) para top(01)
Mensaje * / 00:12:37:500 / top(01) para pwm(02)
Mensaje Y / 00:12:37:500 / pwm(02) / pwmstateout /      0.00000 para top(01)
Mensaje D / 00:12:37:500 / pwm(02) / 00:00:05:000 para top(01)
Mensaje Y / 00:12:37:500 / top(01) / pwmstateout /      0.00000 para Root(00)
Mensaje D / 00:12:37:500 / top(01) / 00:00:05:000 para Root(00)
Mensaje * / 00:12:42:500 / Root(00) para top(01)
Mensaje * / 00:12:42:500 / top(01) para pwm(02)
Mensaje Y / 00:12:42:500 / pwm(02) / pwmstateout /      1.00000 para top(01)
Mensaje D / 00:12:42:500 / pwm(02) / 00:00:05:000 para top(01)
Mensaje Y / 00:12:42:500 / top(01) / pwmstateout /      1.00000 para Root(00)
Mensaje D / 00:12:42:500 / top(01) / 00:00:05:000 para Root(00)
Mensaje * / 00:12:47:500 / Root(00) para top(01)
Mensaje * / 00:12:47:500 / top(01) para pwm(02)
Mensaje Y / 00:12:47:500 / pwm(02) / pwmstateout /      0.00000 para top(01)
Mensaje D / 00:12:47:500 / pwm(02) / 00:00:05:000 para top(01)
Mensaje Y / 00:12:47:500 / top(01) / pwmstateout /      0.00000 para Root(00)
Mensaje D / 00:12:47:500 / top(01) / 00:00:05:000 para Root(00)
Mensaje * / 00:12:52:500 / Root(00) para top(01)
Mensaje * / 00:12:52:500 / top(01) para pwm(02)
Mensaje Y / 00:12:52:500 / pwm(02) / pwmstateout /      1.00000 para top(01)
Mensaje D / 00:12:52:500 / pwm(02) / 00:00:05:000 para top(01)
Mensaje Y / 00:12:52:500 / top(01) / pwmstateout /      1.00000 para Root(00)
Mensaje D / 00:12:52:500 / top(01) / 00:00:05:000 para Root(00)
Mensaje * / 00:12:57:500 / Root(00) para top(01)
Mensaje * / 00:12:57:500 / top(01) para pwm(02)
Mensaje Y / 00:12:57:500 / pwm(02) / pwmstateout /      0.00000 para top(01)
Mensaje D / 00:12:57:500 / pwm(02) / 00:00:05:000 para top(01)
Mensaje Y / 00:12:57:500 / top(01) / pwmstateout /      0.00000 para Root(00)
Mensaje D / 00:12:57:500 / top(01) / 00:00:05:000 para Root(00)
Mensaje * / 00:13:02:500 / Root(00) para top(01)
Mensaje * / 00:13:02:500 / top(01) para pwm(02)
Mensaje Y / 00:13:02:500 / pwm(02) / pwmstateout /      1.00000 para top(01)
Mensaje D / 00:13:02:500 / pwm(02) / 00:00:05:000 para top(01)
Mensaje Y / 00:13:02:500 / top(01) / pwmstateout /      1.00000 para Root(00)
Mensaje D / 00:13:02:500 / top(01) / 00:00:05:000 para Root(00)
Mensaje * / 00:13:07:500 / Root(00) para top(01)
Mensaje * / 00:13:07:500 / top(01) para pwm(02)
Mensaje Y / 00:13:07:500 / pwm(02) / pwmstateout /      0.00000 para top(01)
Mensaje D / 00:13:07:500 / pwm(02) / 00:00:05:000 para top(01)
Mensaje Y / 00:13:07:500 / top(01) / pwmstateout /      0.00000 para Root(00)
Mensaje D / 00:13:07:500 / top(01) / 00:00:05:000 para Root(00)
Mensaje * / 00:13:12:500 / Root(00) para top(01)
Mensaje * / 00:13:12:500 / top(01) para pwm(02)
Mensaje Y / 00:13:12:500 / pwm(02) / pwmstateout /      1.00000 para top(01)
Mensaje D / 00:13:12:500 / pwm(02) / 00:00:05:000 para top(01)
Mensaje Y / 00:13:12:500 / top(01) / pwmstateout /      1.00000 para Root(00)
Mensaje D / 00:13:12:500 / top(01) / 00:00:05:000 para Root(00)
Mensaje * / 00:13:17:500 / Root(00) para top(01)
Mensaje * / 00:13:17:500 / top(01) para pwm(02)
Mensaje Y / 00:13:17:500 / pwm(02) / pwmstateout /      0.00000 para top(01)
Mensaje D / 00:13:17:500 / pwm(02) / 00:00:05:000 para top(01)
Mensaje Y / 00:13:17:500 / top(01) / pwmstateout /      0.00000 para Root(00)
Mensaje D / 00:13:17:500 / top(01) / 00:00:05:000 para Root(00)
Mensaje * / 00:13:22:500 / Root(00) para top(01)
Mensaje * / 00:13:22:500 / top(01) para pwm(02)
Mensaje Y / 00:13:22:500 / pwm(02) / pwmstateout /      1.00000 para top(01)
Mensaje D / 00:13:22:500 / pwm(02) / 00:00:05:000 para top(01)
Mensaje Y / 00:13:22:500 / top(01) / pwmstateout /      1.00000 para Root(00)
Mensaje D / 00:13:22:500 / top(01) / 00:00:05:000 para Root(00)
Mensaje * / 00:13:27:500 / Root(00) para top(01)
Mensaje * / 00:13:27:500 / top(01) para pwm(02)
Mensaje Y / 00:13:27:500 / pwm(02) / pwmstateout /      0.00000 para top(01)
Mensaje D / 00:13:27:500 / pwm(02) / 00:00:05:000 para top(01)
Mensaje Y / 00:13:27:500 / top(01) / pwmstateout /      0.00000 para Root(00)
Mensaje D / 00:13:27:500 / top(01) / 00:00:05:000 para Root(00)
Mensaje * / 00:13:32:500 / Root(00) para top(01)
Mensaje * / 00:13:32:500 / top(01) para pwm(02)
Mensaje Y / 00:13:32:500 / pwm(02) / pwmstateout /      1.00000 para top(01)
Mensaje D / 00:13:32:500 / pwm(02) / 00:00:05:000 para top(01)
Mensaje Y / 00:13:32:500 / top(01) / pwmstateout /      1.00000 para Root(00)
Mensaje D / 00:13:32:500 / top(01) / 00:00:05:000 para Root(00)
Mensaje * / 00:13:37:500 / Root(00) para top(01)
Mensaje * / 00:13:37:500 / top(01) para pwm(02)
Mensaje Y / 00:13:37:500 / pwm(02) / pwmstateout /      0.00000 para top(01)
Mensaje D / 00:13:37:500 / pwm(02) / 00:00:05:000 para top(01)
Mensaje Y / 00:13:37:500 / top(01) / pwmstateout /      0.00000 para Root(00)
Mensaje D / 00:13:37:500 / top(01) / 00:00:05:000 para Root(00)
Mensaje * / 00:13:42:500 / Root(00) para top(01)
Mensaje * / 00:13:42:500 / top(01) para pwm(02)
Mensaje Y / 00:13:42:500 / pwm(02) / pwmstateout /      1.00000 para top(01)
Mensaje D / 00:13:42:500 / pwm(02) / 00:00:05:000 para top(01)
Mensaje Y / 00:13:42:500 / top(01) / pwmstateout /      1.00000 para Root(00)
Mensaje D / 00:13:42:500 / top(01) / 00:00:05:000 para Root(00)
Mensaje * / 00:13:47:500 / Root(00) para top(01)
Mensaje * / 00:13:47:500 / top(01) para pwm(02)
Mensaje Y / 00:13:47:500 / pwm(02) / pwmstateout /      0.00000 para top(01)
Mensaje D / 00:13:47:500 / pwm(02) / 00:00:05:000 para top(01)
Mensaje Y / 00:13:47:500 / top(01) / pwmstateout /      0.00000 para Root(00)
Mensaje D / 00:13:47:500 / top(01) / 00:00:05:000 para Root(00)
Mensaje * / 00:13:52:500 / Root(00) para top(01)
Mensaje * / 00:13:52:500 / top(01) para pwm(02)
Mensaje Y / 00:13:52:500 / pwm(02) / pwmstateout /      1.00000 para top(01)
Mensaje D / 00:13:52:500 / pwm(02) / 00:00:05:000 para top(01)
Mensaje Y / 00:13:52:500 / top(01) / pwmstateout /      1.00000 para Root(00)
Mensaje D / 00:13:52:500 / top(01) / 00:00:05:000 para Root(00)
Mensaje * / 00:13:57:500 / Root(00) para top(01)
Mensaje * / 00:13:57:500 / top(01) para pwm(02)
Mensaje Y / 00:13:57:500 / pwm(02) / pwmstateout /      0.00000 para top(01)
Mensaje D / 00:13:57:500 / pwm(02) / 00:00:05:000 para top(01)
Mensaje Y / 00:13:57:500 / top(01) / pwmstateout /      0.00000 para Root(00)
Mensaje D / 00:13:57:500 / top(01) / 00:00:05:000 para Root(00)
Mensaje * / 00:14:02:500 / Root(00) para top(01)
Mensaje * / 00:14:02:500 / top(01) para pwm(02)
Mensaje Y / 00:14:02:500 / pwm(02) / pwmstateout /      1.00000 para top(01)
Mensaje D / 00:14:02:500 / pwm(02) / 00:00:05:000 para top(01)
Mensaje Y / 00:14:02:500 / top(01) / pwmstateout /      1.00000 para Root(00)
Mensaje D / 00:14:02:500 / top(01) / 00:00:05:000 para Root(00)
Mensaje * / 00:14:07:500 / Root(00) para top(01)
Mensaje * / 00:14:07:500 / top(01) para pwm(02)
Mensaje Y / 00:14:07:500 / pwm(02) / pwmstateout /      0.00000 para top(01)
Mensaje D / 00:14:07:500 / pwm(02) / 00:00:05:000 para top(01)
Mensaje Y / 00:14:07:500 / top(01) / pwmstateout /      0.00000 para Root(00)
Mensaje D / 00:14:07:500 / top(01) / 00:00:05:000 para Root(00)
Mensaje * / 00:14:12:500 / Root(00) para top(01)
Mensaje * / 00:14:12:500 / top(01) para pwm(02)
Mensaje Y / 00:14:12:500 / pwm(02) / pwmstateout /      1.00000 para top(01)
Mensaje D / 00:14:12:500 / pwm(02) / 00:00:05:000 para top(01)
Mensaje Y / 00:14:12:500 / top(01) / pwmstateout /      1.00000 para Root(00)
Mensaje D / 00:14:12:500 / top(01) / 00:00:05:000 para Root(00)
Mensaje * / 00:14:17:500 / Root(00) para top(01)
Mensaje * / 00:14:17:500 / top(01) para pwm(02)
Mensaje Y / 00:14:17:500 / pwm(02) / pwmstateout /      0.00000 para top(01)
Mensaje D / 00:14:17:500 / pwm(02) / 00:00:05:000 para top(01)
Mensaje Y / 00:14:17:500 / top(01) / pwmstateout /      0.00000 para Root(00)
Mensaje D / 00:14:17:500 / top(01) / 00:00:05:000 para Root(00)
Mensaje * / 00:14:22:500 / Root(00) para top(01)
Mensaje * / 00:14:22:500 / top(01) para pwm(02)
Mensaje Y / 00:14:22:500 / pwm(02) / pwmstateout /      1.00000 para top(01)
Mensaje D / 00:14:22:500 / pwm(02) / 00:00:05:000 para top(01)
Mensaje Y / 00:14:22:500 / top(01) / pwmstateout /      1.00000 para Root(00)
Mensaje D / 00:14:22:500 / top(01) / 00:00:05:000 para Root(00)
Mensaje * / 00:14:27:500 / Root(00) para top(01)
Mensaje * / 00:14:27:500 / top(01) para pwm(02)
Mensaje Y / 00:14:27:500 / pwm(02) / pwmstateout /      0.00000 para top(01)
Mensaje D / 00:14:27:500 / pwm(02) / 00:00:05:000 para top(01)
Mensaje Y / 00:14:27:500 / top(01) / pwmstateout /      0.00000 para Root(00)
Mensaje D / 00:14:27:500 / top(01) / 00:00:05:000 para Root(00)
Mensaje * / 00:14:32:500 / Root(00) para top(01)
Mensaje * / 00:14:32:500 / top(01) para pwm(02)
Mensaje Y / 00:14:32:500 / pwm(02) / pwmstateout /      1.00000 para top(01)
Mensaje D / 00:14:32:500 / pwm(02) / 00:00:05:000 para top(01)
Mensaje Y / 00:14:32:500 / top(01) / pwmstateout /      1.00000 para Root(00)
Mensaje D / 00:14:32:500 / top(01) / 00:00:05:000 para Root(00)
Mensaje * / 00:14:37:500 / Root(00) para top(01)
Mensaje * / 00:14:37:500 / top(01) para pwm(02)
Mensaje Y / 00:14:37:500 / pwm(02) / pwmstateout /      0.00000 para top(01)
Mensaje D / 00:14:37:500 / pwm(02) / 00:00:05:000 para top(01)
Mensaje Y / 00:14:37:500 / top(01) / pwmstateout /      0.00000 para Root(00)
Mensaje D / 00:14:37:500 / top(01) / 00:00:05:000 para Root(00)
Mensaje * / 00:14:42:500 / Root(00) para top(01)
Mensaje * / 00:14:42:500 / top(01) para pwm(02)
Mensaje Y / 00:14:42:500 / pwm(02) / pwmstateout /      1.00000 para top(01)
Mensaje D / 00:14:42:500 / pwm(02) / 00:00:05:000 para top(01)
Mensaje Y / 00:14:42:500 / top(01) / pwmstateout /      1.00000 para Root(00)
Mensaje D / 00:14:42:500 / top(01) / 00:00:05:000 para Root(00)
Mensaje * / 00:14:47:500 / Root(00) para top(01)
Mensaje * / 00:14:47:500 / top(01) para pwm(02)
Mensaje Y / 00:14:47:500 / pwm(02) / pwmstateout /      0.00000 para top(01)
Mensaje D / 00:14:47:500 / pwm(02) / 00:00:05:000 para top(01)
Mensaje Y / 00:14:47:500 / top(01) / pwmstateout /      0.00000 para Root(00)
Mensaje D / 00:14:47:500 / top(01) / 00:00:05:000 para Root(00)
Mensaje * / 00:14:52:500 / Root(00) para top(01)
Mensaje * / 00:14:52:500 / top(01) para pwm(02)
Mensaje Y / 00:14:52:500 / pwm(02) / pwmstateout /      1.00000 para top(01)
Mensaje D / 00:14:52:500 / pwm(02) / 00:00:05:000 para top(01)
Mensaje Y / 00:14:52:500 / top(01) / pwmstateout /      1.00000 para Root(00)
Mensaje D / 00:14:52:500 / top(01) / 00:00:05:000 para Root(00)
Mensaje * / 00:14:57:500 / Root(00) para top(01)
Mensaje * / 00:14:57:500 / top(01) para pwm(02)
Mensaje Y / 00:14:57:500 / pwm(02) / pwmstateout /      0.00000 para top(01)
Mensaje D / 00:14:57:500 / pwm(02) / 00:00:05:000 para top(01)
Mensaje Y / 00:14:57:500 / top(01) / pwmstateout /      0.00000 para Root(00)
Mensaje D / 00:14:57:500 / top(01) / 00:00:05:000 para Root(00)
Mensaje * / 00:15:02:500 / Root(00) para top(01)
Mensaje * / 00:15:02:500 / top(01) para pwm(02)
Mensaje Y / 00:15:02:500 / pwm(02) / pwmstateout /      1.00000 para top(01)
Mensaje D / 00:15:02:500 / pwm(02) / 00:00:05:000 para top(01)
Mensaje Y / 00:15:02:500 / top(01) / pwmstateout /      1.00000 para Root(00)
Mensaje D / 00:15:02:500 / top(01) / 00:00:05:000 para Root(00)
Mensaje * / 00:15:07:500 / Root(00) para top(01)
Mensaje * / 00:15:07:500 / top(01) para pwm(02)
Mensaje Y / 00:15:07:500 / pwm(02) / pwmstateout /      0.00000 para top(01)
Mensaje D / 00:15:07:500 / pwm(02) / 00:00:05:000 para top(01)
Mensaje Y / 00:15:07:500 / top(01) / pwmstateout /      0.00000 para Root(00)
Mensaje D / 00:15:07:500 / top(01) / 00:00:05:000 para Root(00)
Mensaje * / 00:15:12:500 / Root(00) para top(01)
Mensaje * / 00:15:12:500 / top(01) para pwm(02)
Mensaje Y / 00:15:12:500 / pwm(02) / pwmstateout /      1.00000 para top(01)
Mensaje D / 00:15:12:500 / pwm(02) / 00:00:05:000 para top(01)
Mensaje Y / 00:15:12:500 / top(01) / pwmstateout /      1.00000 para Root(00)
Mensaje D / 00:15:12:500 / top(01) / 00:00:05:000 para Root(00)
Mensaje * / 00:15:17:500 / Root(00) para top(01)
Mensaje * / 00:15:17:500 / top(01) para pwm(02)
Mensaje Y / 00:15:17:500 / pwm(02) / pwmstateout /      0.00000 para top(01)
Mensaje D / 00:15:17:500 / pwm(02) / 00:00:05:000 para top(01)
Mensaje Y / 00:15:17:500 / top(01) / pwmstateout /      0.00000 para Root(00)
Mensaje D / 00:15:17:500 / top(01) / 00:00:05:000 para Root(00)
Mensaje * / 00:15:22:500 / Root(00) para top(01)
Mensaje * / 00:15:22:500 / top(01) para pwm(02)
Mensaje Y / 00:15:22:500 / pwm(02) / pwmstateout /      1.00000 para top(01)
Mensaje D / 00:15:22:500 / pwm(02) / 00:00:05:000 para top(01)
Mensaje Y / 00:15:22:500 / top(01) / pwmstateout /      1.00000 para Root(00)
Mensaje D / 00:15:22:500 / top(01) / 00:00:05:000 para Root(00)
Mensaje * / 00:15:27:500 / Root(00) para top(01)
Mensaje * / 00:15:27:500 / top(01) para pwm(02)
Mensaje Y / 00:15:27:500 / pwm(02) / pwmstateout /      0.00000 para top(01)
Mensaje D / 00:15:27:500 / pwm(02) / 00:00:05:000 para top(01)
Mensaje Y / 00:15:27:500 / top(01) / pwmstateout /      0.00000 para Root(00)
Mensaje D / 00:15:27:500 / top(01) / 00:00:05:000 para Root(00)
Mensaje * / 00:15:32:500 / Root(00) para top(01)
Mensaje * / 00:15:32:500 / top(01) para pwm(02)
Mensaje Y / 00:15:32:500 / pwm(02) / pwmstateout /      1.00000 para top(01)
Mensaje D / 00:15:32:500 / pwm(02) / 00:00:05:000 para top(01)
Mensaje Y / 00:15:32:500 / top(01) / pwmstateout /      1.00000 para Root(00)
Mensaje D / 00:15:32:500 / top(01) / 00:00:05:000 para Root(00)
Mensaje * / 00:15:37:500 / Root(00) para top(01)
Mensaje * / 00:15:37:500 / top(01) para pwm(02)
Mensaje Y / 00:15:37:500 / pwm(02) / pwmstateout /      0.00000 para top(01)
Mensaje D / 00:15:37:500 / pwm(02) / 00:00:05:000 para top(01)
Mensaje Y / 00:15:37:500 / top(01) / pwmstateout /      0.00000 para Root(00)
Mensaje D / 00:15:37:500 / top(01) / 00:00:05:000 para Root(00)
Mensaje * / 00:15:42:500 / Root(00) para top(01)
Mensaje * / 00:15:42:500 / top(01) para pwm(02)
Mensaje Y / 00:15:42:500 / pwm(02) / pwmstateout /      1.00000 para top(01)
Mensaje D / 00:15:42:500 / pwm(02) / 00:00:05:000 para top(01)
Mensaje Y / 00:15:42:500 / top(01) / pwmstateout /      1.00000 para Root(00)
Mensaje D / 00:15:42:500 / top(01) / 00:00:05:000 para Root(00)
Mensaje * / 00:15:47:500 / Root(00) para top(01)
Mensaje * / 00:15:47:500 / top(01) para pwm(02)
Mensaje Y / 00:15:47:500 / pwm(02) / pwmstateout /      0.00000 para top(01)
Mensaje D / 00:15:47:500 / pwm(02) / 00:00:05:000 para top(01)
Mensaje Y / 00:15:47:500 / top(01) / pwmstateout /      0.00000 para Root(00)
Mensaje D / 00:15:47:500 / top(01) / 00:00:05:000 para Root(00)
Mensaje * / 00:15:52:500 / Root(00) para top(01)
Mensaje * / 00:15:52:500 / top(01) para pwm(02)
Mensaje Y / 00:15:52:500 / pwm(02) / pwmstateout /      1.00000 para top(01)
Mensaje D / 00:15:52:500 / pwm(02) / 00:00:05:000 para top(01)
Mensaje Y / 00:15:52:500 / top(01) / pwmstateout /      1.00000 para Root(00)
Mensaje D / 00:15:52:500 / top(01) / 00:00:05:000 para Root(00)
Mensaje * / 00:15:57:500 / Root(00) para top(01)
Mensaje * / 00:15:57:500 / top(01) para pwm(02)
Mensaje Y / 00:15:57:500 / pwm(02) / pwmstateout /      0.00000 para top(01)
Mensaje D / 00:15:57:500 / pwm(02) / 00:00:05:000 para top(01)
Mensaje Y / 00:15:57:500 / top(01) / pwmstateout /      0.00000 para Root(00)
Mensaje D / 00:15:57:500 / top(01) / 00:00:05:000 para Root(00)
Mensaje * / 00:16:02:500 / Root(00) para top(01)
Mensaje * / 00:16:02:500 / top(01) para pwm(02)
Mensaje Y / 00:16:02:500 / pwm(02) / pwmstateout /      1.00000 para top(01)
Mensaje D / 00:16:02:500 / pwm(02) / 00:00:05:000 para top(01)
Mensaje Y / 00:16:02:500 / top(01) / pwmstateout /      1.00000 para Root(00)
Mensaje D / 00:16:02:500 / top(01) / 00:00:05:000 para Root(00)
Mensaje * / 00:16:07:500 / Root(00) para top(01)
Mensaje * / 00:16:07:500 / top(01) para pwm(02)
Mensaje Y / 00:16:07:500 / pwm(02) / pwmstateout /      0.00000 para top(01)
Mensaje D / 00:16:07:500 / pwm(02) / 00:00:05:000 para top(01)
Mensaje Y / 00:16:07:500 / top(01) / pwmstateout /      0.00000 para Root(00)
Mensaje D / 00:16:07:500 / top(01) / 00:00:05:000 para Root(00)
Mensaje * / 00:16:12:500 / Root(00) para top(01)
Mensaje * / 00:16:12:500 / top(01) para pwm(02)
Mensaje Y / 00:16:12:500 / pwm(02) / pwmstateout /      1.00000 para top(01)
Mensaje D / 00:16:12:500 / pwm(02) / 00:00:05:000 para top(01)
Mensaje Y / 00:16:12:500 / top(01) / pwmstateout /      1.00000 para Root(00)
Mensaje D / 00:16:12:500 / top(01) / 00:00:05:000 para Root(00)
Mensaje * / 00:16:17:500 / Root(00) para top(01)
Mensaje * / 00:16:17:500 / top(01) para pwm(02)
Mensaje Y / 00:16:17:500 / pwm(02) / pwmstateout /      0.00000 para top(01)
Mensaje D / 00:16:17:500 / pwm(02) / 00:00:05:000 para top(01)
Mensaje Y / 00:16:17:500 / top(01) / pwmstateout /      0.00000 para Root(00)
Mensaje D / 00:16:17:500 / top(01) / 00:00:05:000 para Root(00)
Mensaje * / 00:16:22:500 / Root(00) para top(01)
Mensaje * / 00:16:22:500 / top(01) para pwm(02)
Mensaje Y / 00:16:22:500 / pwm(02) / pwmstateout /      1.00000 para top(01)
Mensaje D / 00:16:22:500 / pwm(02) / 00:00:05:000 para top(01)
Mensaje Y / 00:16:22:500 / top(01) / pwmstateout /      1.00000 para Root(00)
Mensaje D / 00:16:22:500 / top(01) / 00:00:05:000 para Root(00)
Mensaje * / 00:16:27:500 / Root(00) para top(01)
Mensaje * / 00:16:27:500 / top(01) para pwm(02)
Mensaje Y / 00:16:27:500 / pwm(02) / pwmstateout /      0.00000 para top(01)
Mensaje D / 00:16:27:500 / pwm(02) / 00:00:05:000 para top(01)
Mensaje Y / 00:16:27:500 / top(01) / pwmstateout /      0.00000 para Root(00)
Mensaje D / 00:16:27:500 / top(01) / 00:00:05:000 para Root(00)
Mensaje * / 00:16:32:500 / Root(00) para top(01)
Mensaje * / 00:16:32:500 / top(01) para pwm(02)
Mensaje Y / 00:16:32:500 / pwm(02) / pwmstateout /      1.00000 para top(01)
Mensaje D / 00:16:32:500 / pwm(02) / 00:00:05:000 para top(01)
Mensaje Y / 00:16:32:500 / top(01) / pwmstateout /      1.00000 para Root(00)
Mensaje D / 00:16:32:500 / top(01) / 00:00:05:000 para Root(00)
Mensaje * / 00:16:37:500 / Root(00) para top(01)
Mensaje * / 00:16:37:500 / top(01) para pwm(02)
Mensaje Y / 00:16:37:500 / pwm(02) / pwmstateout /      0.00000 para top(01)
Mensaje D / 00:16:37:500 / pwm(02) / 00:00:05:000 para top(01)
Mensaje Y / 00:16:37:500 / top(01) / pwmstateout /      0.00000 para Root(00)
Mensaje D / 00:16:37:500 / top(01) / 00:00:05:000 para Root(00)
Mensaje * / 00:16:42:500 / Root(00) para top(01)
Mensaje * / 00:16:42:500 / top(01) para pwm(02)
Mensaje Y / 00:16:42:500 / pwm(02) / pwmstateout /      1.00000 para top(01)
Mensaje D / 00:16:42:500 / pwm(02) / 00:00:05:000 para top(01)
Mensaje Y / 00:16:42:500 / top(01) / pwmstateout /      1.00000 para Root(00)
Mensaje D / 00:16:42:500 / top(01) / 00:00:05:000 para Root(00)
Mensaje * / 00:16:47:500 / Root(00) para top(01)
Mensaje * / 00:16:47:500 / top(01) para pwm(02)
Mensaje Y / 00:16:47:500 / pwm(02) / pwmstateout /      0.00000 para top(01)
Mensaje D / 00:16:47:500 / pwm(02) / 00:00:05:000 para top(01)
Mensaje Y / 00:16:47:500 / top(01) / pwmstateout /      0.00000 para Root(00)
Mensaje D / 00:16:47:500 / top(01) / 00:00:05:000 para Root(00)
Mensaje * / 00:16:52:500 / Root(00) para top(01)
Mensaje * / 00:16:52:500 / top(01) para pwm(02)
Mensaje Y / 00:16:52:500 / pwm(02) / pwmstateout /      1.00000 para top(01)
Mensaje D / 00:16:52:500 / pwm(02) / 00:00:05:000 para top(01)
Mensaje Y / 00:16:52:500 / top(01) / pwmstateout /      1.00000 para Root(00)
Mensaje D / 00:16:52:500 / top(01) / 00:00:05:000 para Root(00)
Mensaje * / 00:16:57:500 / Root(00) para top(01)
Mensaje * / 00:16:57:500 / top(01) para pwm(02)
Mensaje Y / 00:16:57:500 / pwm(02) / pwmstateout /      0.00000 para top(01)
Mensaje D / 00:16:57:500 / pwm(02) / 00:00:05:000 para top(01)
Mensaje Y / 00:16:57:500 / top(01) / pwmstateout /      0.00000 para Root(00)
Mensaje D / 00:16:57:500 / top(01) / 00:00:05:000 para Root(00)
Mensaje * / 00:17:02:500 / Root(00) para top(01)
Mensaje * / 00:17:02:500 / top(01) para pwm(02)
Mensaje Y / 00:17:02:500 / pwm(02) / pwmstateout /      1.00000 para top(01)
Mensaje D / 00:17:02:500 / pwm(02) / 00:00:05:000 para top(01)
Mensaje Y / 00:17:02:500 / top(01) / pwmstateout /      1.00000 para Root(00)
Mensaje D / 00:17:02:500 / top(01) / 00:00:05:000 para Root(00)
Mensaje * / 00:17:07:500 / Root(00) para top(01)
Mensaje * / 00:17:07:500 / top(01) para pwm(02)
Mensaje Y / 00:17:07:500 / pwm(02) / pwmstateout /      0.00000 para top(01)
Mensaje D / 00:17:07:500 / pwm(02) / 00:00:05:000 para top(01)
Mensaje Y / 00:17:07:500 / top(01) / pwmstateout /      0.00000 para Root(00)
Mensaje D / 00:17:07:500 / top(01) / 00:00:05:000 para Root(00)
Mensaje * / 00:17:12:500 / Root(00) para top(01)
Mensaje * / 00:17:12:500 / top(01) para pwm(02)
Mensaje Y / 00:17:12:500 / pwm(02) / pwmstateout /      1.00000 para top(01)
Mensaje D / 00:17:12:500 / pwm(02) / 00:00:05:000 para top(01)
Mensaje Y / 00:17:12:500 / top(01) / pwmstateout /      1.00000 para Root(00)
Mensaje D / 00:17:12:500 / top(01) / 00:00:05:000 para Root(00)
Mensaje * / 00:17:17:500 / Root(00) para top(01)
Mensaje * / 00:17:17:500 / top(01) para pwm(02)
Mensaje Y / 00:17:17:500 / pwm(02) / pwmstateout /      0.00000 para top(01)
Mensaje D / 00:17:17:500 / pwm(02) / 00:00:05:000 para top(01)
Mensaje Y / 00:17:17:500 / top(01) / pwmstateout /      0.00000 para Root(00)
Mensaje D / 00:17:17:500 / top(01) / 00:00:05:000 para Root(00)
Mensaje * / 00:17:22:500 / Root(00) para top(01)
Mensaje * / 00:17:22:500 / top(01) para pwm(02)
Mensaje Y / 00:17:22:500 / pwm(02) / pwmstateout /      1.00000 para top(01)
Mensaje D / 00:17:22:500 / pwm(02) / 00:00:05:000 para top(01)
Mensaje Y / 00:17:22:500 / top(01) / pwmstateout /      1.00000 para Root(00)
Mensaje D / 00:17:22:500 / top(01) / 00:00:05:000 para Root(00)
Mensaje * / 00:17:27:500 / Root(00) para top(01)
Mensaje * / 00:17:27:500 / top(01) para pwm(02)
Mensaje Y / 00:17:27:500 / pwm(02) / pwmstateout /      0.00000 para top(01)
Mensaje D / 00:17:27:500 / pwm(02) / 00:00:05:000 para top(01)
Mensaje Y / 00:17:27:500 / top(01) / pwmstateout /      0.00000 para Root(00)
Mensaje D / 00:17:27:500 / top(01) / 00:00:05:000 para Root(00)
Mensaje * / 00:17:32:500 / Root(00) para top(01)
Mensaje * / 00:17:32:500 / top(01) para pwm(02)
Mensaje Y / 00:17:32:500 / pwm(02) / pwmstateout /      1.00000 para top(01)
Mensaje D / 00:17:32:500 / pwm(02) / 00:00:05:000 para top(01)
Mensaje Y / 00:17:32:500 / top(01) / pwmstateout /      1.00000 para Root(00)
Mensaje D / 00:17:32:500 / top(01) / 00:00:05:000 para Root(00)
Mensaje * / 00:17:37:500 / Root(00) para top(01)
Mensaje * / 00:17:37:500 / top(01) para pwm(02)
Mensaje Y / 00:17:37:500 / pwm(02) / pwmstateout /      0.00000 para top(01)
Mensaje D / 00:17:37:500 / pwm(02) / 00:00:05:000 para top(01)
Mensaje Y / 00:17:37:500 / top(01) / pwmstateout /      0.00000 para Root(00)
Mensaje D / 00:17:37:500 / top(01) / 00:00:05:000 para Root(00)
Mensaje * / 00:17:42:500 / Root(00) para top(01)
Mensaje * / 00:17:42:500 / top(01) para pwm(02)
Mensaje Y / 00:17:42:500 / pwm(02) / pwmstateout /      1.00000 para top(01)
Mensaje D / 00:17:42:500 / pwm(02) / 00:00:05:000 para top(01)
Mensaje Y / 00:17:42:500 / top(01) / pwmstateout /      1.00000 para Root(00)
Mensaje D / 00:17:42:500 / top(01) / 00:00:05:000 para Root(00)
Mensaje * / 00:17:47:500 / Root(00) para top(01)
Mensaje * / 00:17:47:500 / top(01) para pwm(02)
Mensaje Y / 00:17:47:500 / pwm(02) / pwmstateout /      0.00000 para top(01)
Mensaje D / 00:17:47:500 / pwm(02) / 00:00:05:000 para top(01)
Mensaje Y / 00:17:47:500 / top(01) / pwmstateout /      0.00000 para Root(00)
Mensaje D / 00:17:47:500 / top(01) / 00:00:05:000 para Root(00)
Mensaje * / 00:17:52:500 / Root(00) para top(01)
Mensaje * / 00:17:52:500 / top(01) para pwm(02)
Mensaje Y / 00:17:52:500 / pwm(02) / pwmstateout /      1.00000 para top(01)
Mensaje D / 00:17:52:500 / pwm(02) / 00:00:05:000 para top(01)
Mensaje Y / 00:17:52:500 / top(01) / pwmstateout /      1.00000 para Root(00)
Mensaje D / 00:17:52:500 / top(01) / 00:00:05:000 para Root(00)
Mensaje * / 00:17:57:500 / Root(00) para top(01)
Mensaje * / 00:17:57:500 / top(01) para pwm(02)
Mensaje Y / 00:17:57:500 / pwm(02) / pwmstateout /      0.00000 para top(01)
Mensaje D / 00:17:57:500 / pwm(02) / 00:00:05:000 para top(01)
Mensaje Y / 00:17:57:500 / top(01) / pwmstateout /      0.00000 para Root(00)
Mensaje D / 00:17:57:500 / top(01) / 00:00:05:000 para Root(00)
Mensaje * / 00:18:02:500 / Root(00) para top(01)
Mensaje * / 00:18:02:500 / top(01) para pwm(02)
Mensaje Y / 00:18:02:500 / pwm(02) / pwmstateout /      1.00000 para top(01)
Mensaje D / 00:18:02:500 / pwm(02) / 00:00:05:000 para top(01)
Mensaje Y / 00:18:02:500 / top(01) / pwmstateout /      1.00000 para Root(00)
Mensaje D / 00:18:02:500 / top(01) / 00:00:05:000 para Root(00)
Mensaje * / 00:18:07:500 / Root(00) para top(01)
Mensaje * / 00:18:07:500 / top(01) para pwm(02)
Mensaje Y / 00:18:07:500 / pwm(02) / pwmstateout /      0.00000 para top(01)
Mensaje D / 00:18:07:500 / pwm(02) / 00:00:05:000 para top(01)
Mensaje Y / 00:18:07:500 / top(01) / pwmstateout /      0.00000 para Root(00)
Mensaje D / 00:18:07:500 / top(01) / 00:00:05:000 para Root(00)
Mensaje * / 00:18:12:500 / Root(00) para top(01)
Mensaje * / 00:18:12:500 / top(01) para pwm(02)
Mensaje Y / 00:18:12:500 / pwm(02) / pwmstateout /      1.00000 para top(01)
Mensaje D / 00:18:12:500 / pwm(02) / 00:00:05:000 para top(01)
Mensaje Y / 00:18:12:500 / top(01) / pwmstateout /      1.00000 para Root(00)
Mensaje D / 00:18:12:500 / top(01) / 00:00:05:000 para Root(00)
Mensaje * / 00:18:17:500 / Root(00) para top(01)
Mensaje * / 00:18:17:500 / top(01) para pwm(02)
Mensaje Y / 00:18:17:500 / pwm(02) / pwmstateout /      0.00000 para top(01)
Mensaje D / 00:18:17:500 / pwm(02) / 00:00:05:000 para top(01)
Mensaje Y / 00:18:17:500 / top(01) / pwmstateout /      0.00000 para Root(00)
Mensaje D / 00:18:17:500 / top(01) / 00:00:05:000 para Root(00)
Mensaje * / 00:18:22:500 / Root(00) para top(01)
Mensaje * / 00:18:22:500 / top(01) para pwm(02)
Mensaje Y / 00:18:22:500 / pwm(02) / pwmstateout /      1.00000 para top(01)
Mensaje D / 00:18:22:500 / pwm(02) / 00:00:05:000 para top(01)
Mensaje Y / 00:18:22:500 / top(01) / pwmstateout /      1.00000 para Root(00)
Mensaje D / 00:18:22:500 / top(01) / 00:00:05:000 para Root(00)
Mensaje * / 00:18:27:500 / Root(00) para top(01)
Mensaje * / 00:18:27:500 / top(01) para pwm(02)
Mensaje Y / 00:18:27:500 / pwm(02) / pwmstateout /      0.00000 para top(01)
Mensaje D / 00:18:27:500 / pwm(02) / 00:00:05:000 para top(01)
Mensaje Y / 00:18:27:500 / top(01) / pwmstateout /      0.00000 para Root(00)
Mensaje D / 00:18:27:500 / top(01) / 00:00:05:000 para Root(00)
Mensaje * / 00:18:32:500 / Root(00) para top(01)
Mensaje * / 00:18:32:500 / top(01) para pwm(02)
Mensaje Y / 00:18:32:500 / pwm(02) / pwmstateout /      1.00000 para top(01)
Mensaje D / 00:18:32:500 / pwm(02) / 00:00:05:000 para top(01)
Mensaje Y / 00:18:32:500 / top(01) / pwmstateout /      1.00000 para Root(00)
Mensaje D / 00:18:32:500 / top(01) / 00:00:05:000 para Root(00)
Mensaje * / 00:18:37:500 / Root(00) para top(01)
Mensaje * / 00:18:37:500 / top(01) para pwm(02)
Mensaje Y / 00:18:37:500 / pwm(02) / pwmstateout /      0.00000 para top(01)
Mensaje D / 00:18:37:500 / pwm(02) / 00:00:05:000 para top(01)
Mensaje Y / 00:18:37:500 / top(01) / pwmstateout /      0.00000 para Root(00)
Mensaje D / 00:18:37:500 / top(01) / 00:00:05:000 para Root(00)
Mensaje * / 00:18:42:500 / Root(00) para top(01)
Mensaje * / 00:18:42:500 / top(01) para pwm(02)
Mensaje Y / 00:18:42:500 / pwm(02) / pwmstateout /      1.00000 para top(01)
Mensaje D / 00:18:42:500 / pwm(02) / 00:00:05:000 para top(01)
Mensaje Y / 00:18:42:500 / top(01) / pwmstateout /      1.00000 para Root(00)
Mensaje D / 00:18:42:500 / top(01) / 00:00:05:000 para Root(00)
Mensaje * / 00:18:47:500 / Root(00) para top(01)
Mensaje * / 00:18:47:500 / top(01) para pwm(02)
Mensaje Y / 00:18:47:500 / pwm(02) / pwmstateout /      0.00000 para top(01)
Mensaje D / 00:18:47:500 / pwm(02) / 00:00:05:000 para top(01)
Mensaje Y / 00:18:47:500 / top(01) / pwmstateout /      0.00000 para Root(00)
Mensaje D / 00:18:47:500 / top(01) / 00:00:05:000 para Root(00)
Mensaje * / 00:18:52:500 / Root(00) para top(01)
Mensaje * / 00:18:52:500 / top(01) para pwm(02)
Mensaje Y / 00:18:52:500 / pwm(02) / pwmstateout /      1.00000 para top(01)
Mensaje D / 00:18:52:500 / pwm(02) / 00:00:05:000 para top(01)
Mensaje Y / 00:18:52:500 / top(01) / pwmstateout /      1.00000 para Root(00)
Mensaje D / 00:18:52:500 / top(01) / 00:00:05:000 para Root(00)
Mensaje * / 00:18:57:500 / Root(00) para top(01)
Mensaje * / 00:18:57:500 / top(01) para pwm(02)
Mensaje Y / 00:18:57:500 / pwm(02) / pwmstateout /      0.00000 para top(01)
Mensaje D / 00:18:57:500 / pwm(02) / 00:00:05:000 para top(01)
Mensaje Y / 00:18:57:500 / top(01) / pwmstateout /      0.00000 para Root(00)
Mensaje D / 00:18:57:500 / top(01) / 00:00:05:000 para Root(00)
Mensaje * / 00:19:02:500 / Root(00) para top(01)
Mensaje * / 00:19:02:500 / top(01) para pwm(02)
Mensaje Y / 00:19:02:500 / pwm(02) / pwmstateout /      1.00000 para top(01)
Mensaje D / 00:19:02:500 / pwm(02) / 00:00:05:000 para top(01)
Mensaje Y / 00:19:02:500 / top(01) / pwmstateout /      1.00000 para Root(00)
Mensaje D / 00:19:02:500 / top(01) / 00:00:05:000 para Root(00)
Mensaje * / 00:19:07:500 / Root(00) para top(01)
Mensaje * / 00:19:07:500 / top(01) para pwm(02)
Mensaje Y / 00:19:07:500 / pwm(02) / pwmstateout /      0.00000 para top(01)
Mensaje D / 00:19:07:500 / pwm(02) / 00:00:05:000 para top(01)
Mensaje Y / 00:19:07:500 / top(01) / pwmstateout /      0.00000 para Root(00)
Mensaje D / 00:19:07:500 / top(01) / 00:00:05:000 para Root(00)
Mensaje * / 00:19:12:500 / Root(00) para top(01)
Mensaje * / 00:19:12:500 / top(01) para pwm(02)
Mensaje Y / 00:19:12:500 / pwm(02) / pwmstateout /      1.00000 para top(01)
Mensaje D / 00:19:12:500 / pwm(02) / 00:00:05:000 para top(01)
Mensaje Y / 00:19:12:500 / top(01) / pwmstateout /      1.00000 para Root(00)
Mensaje D / 00:19:12:500 / top(01) / 00:00:05:000 para Root(00)
Mensaje * / 00:19:17:500 / Root(00) para top(01)
Mensaje * / 00:19:17:500 / top(01) para pwm(02)
Mensaje Y / 00:19:17:500 / pwm(02) / pwmstateout /      0.00000 para top(01)
Mensaje D / 00:19:17:500 / pwm(02) / 00:00:05:000 para top(01)
Mensaje Y / 00:19:17:500 / top(01) / pwmstateout /      0.00000 para Root(00)
Mensaje D / 00:19:17:500 / top(01) / 00:00:05:000 para Root(00)
Mensaje * / 00:19:22:500 / Root(00) para top(01)
Mensaje * / 00:19:22:500 / top(01) para pwm(02)
Mensaje Y / 00:19:22:500 / pwm(02) / pwmstateout /      1.00000 para top(01)
Mensaje D / 00:19:22:500 / pwm(02) / 00:00:05:000 para top(01)
Mensaje Y / 00:19:22:500 / top(01) / pwmstateout /      1.00000 para Root(00)
Mensaje D / 00:19:22:500 / top(01) / 00:00:05:000 para Root(00)
Mensaje * / 00:19:27:500 / Root(00) para top(01)
Mensaje * / 00:19:27:500 / top(01) para pwm(02)
Mensaje Y / 00:19:27:500 / pwm(02) / pwmstateout /      0.00000 para top(01)
Mensaje D / 00:19:27:500 / pwm(02) / 00:00:05:000 para top(01)
Mensaje Y / 00:19:27:500 / top(01) / pwmstateout /      0.00000 para Root(00)
Mensaje D / 00:19:27:500 / top(01) / 00:00:05:000 para Root(00)
Mensaje * / 00:19:32:500 / Root(00) para top(01)
Mensaje * / 00:19:32:500 / top(01) para pwm(02)
Mensaje Y / 00:19:32:500 / pwm(02) / pwmstateout /      1.00000 para top(01)
Mensaje D / 00:19:32:500 / pwm(02) / 00:00:05:000 para top(01)
Mensaje Y / 00:19:32:500 / top(01) / pwmstateout /      1.00000 para Root(00)
Mensaje D / 00:19:32:500 / top(01) / 00:00:05:000 para Root(00)
Mensaje * / 00:19:37:500 / Root(00) para top(01)
Mensaje * / 00:19:37:500 / top(01) para pwm(02)
Mensaje Y / 00:19:37:500 / pwm(02) / pwmstateout /      0.00000 para top(01)
Mensaje D / 00:19:37:500 / pwm(02) / 00:00:05:000 para top(01)
Mensaje Y / 00:19:37:500 / top(01) / pwmstateout /      0.00000 para Root(00)
Mensaje D / 00:19:37:500 / top(01) / 00:00:05:000 para Root(00)
Mensaje * / 00:19:42:500 / Root(00) para top(01)
Mensaje * / 00:19:42:500 / top(01) para pwm(02)
Mensaje Y / 00:19:42:500 / pwm(02) / pwmstateout /      1.00000 para top(01)
Mensaje D / 00:19:42:500 / pwm(02) / 00:00:05:000 para top(01)
Mensaje Y / 00:19:42:500 / top(01) / pwmstateout /      1.00000 para Root(00)
Mensaje D / 00:19:42:500 / top(01) / 00:00:05:000 para Root(00)
Mensaje * / 00:19:47:500 / Root(00) para top(01)
Mensaje * / 00:19:47:500 / top(01) para pwm(02)
Mensaje Y / 00:19:47:500 / pwm(02) / pwmstateout /      0.00000 para top(01)
Mensaje D / 00:19:47:500 / pwm(02) / 00:00:05:000 para top(01)
Mensaje Y / 00:19:47:500 / top(01) / pwmstateout /      0.00000 para Root(00)
Mensaje D / 00:19:47:500 / top(01) / 00:00:05:000 para Root(00)
Mensaje * / 00:19:52:500 / Root(00) para top(01)
Mensaje * / 00:19:52:500 / top(01) para pwm(02)
Mensaje Y / 00:19:52:500 / pwm(02) / pwmstateout /      1.00000 para top(01)
Mensaje D / 00:19:52:500 / pwm(02) / 00:00:05:000 para top(01)
Mensaje Y / 00:19:52:500 / top(01) / pwmstateout /      1.00000 para Root(00)
Mensaje D / 00:19:52:500 / top(01) / 00:00:05:000 para Root(00)
Mensaje * / 00:19:57:500 / Root(00) para top(01)
Mensaje * / 00:19:57:500 / top(01) para pwm(02)
Mensaje Y / 00:19:57:500 / pwm(02) / pwmstateout /      0.00000 para top(01)
Mensaje D / 00:19:57:500 / pwm(02) / 00:00:05:000 para top(01)
Mensaje Y / 00:19:57:500 / top(01) / pwmstateout /      0.00000 para Root(00)
Mensaje D / 00:19:57:500 / top(01) / 00:00:05:000 para Root(00)
