Mensaje I / 00:00:00:000 / Root(00) para top(01)
Mensaje I / 00:00:00:000 / top(01) para speeddriver(02)
Mensaje D / 00:00:00:000 / speeddriver(02) / ... para top(01)
Mensaje D / 00:00:00:000 / top(01) / ... para Root(00)
Mensaje X / 00:00:05:000 / Root(00) / desiredspeedin / 335545312.00000 para top(01)
Mensaje X / 00:00:05:000 / top(01) / desiredspeedin / 335545312.00000 para speeddriver(02)
Mensaje D / 00:00:05:000 / speeddriver(02) / 00:00:00:000 para top(01)
Mensaje D / 00:00:05:000 / top(01) / 00:00:00:000 para Root(00)
Mensaje * / 00:00:05:000 / Root(00) para top(01)
Mensaje * / 00:00:05:000 / top(01) para speeddriver(02)
Mensaje D / 00:00:05:000 / speeddriver(02) / 00:04:13:333 para top(01)
Mensaje D / 00:00:05:000 / top(01) / 00:04:13:333 para Root(00)
Mensaje X / 00:00:06:000 / Root(00) / currentspeedin /      1.00000 para top(01)
Mensaje X / 00:00:06:000 / top(01) / currentspeedin /      1.00000 para speeddriver(02)
Mensaje D / 00:00:06:000 / speeddriver(02) / 00:04:12:333 para top(01)
Mensaje D / 00:00:06:000 / top(01) / 00:04:12:333 para Root(00)
Mensaje X / 00:00:07:000 / Root(00) / currentspeedin /      2.00000 para top(01)
Mensaje X / 00:00:07:000 / top(01) / currentspeedin /      2.00000 para speeddriver(02)
Mensaje D / 00:00:07:000 / speeddriver(02) / 00:04:11:333 para top(01)
Mensaje D / 00:00:07:000 / top(01) / 00:04:11:333 para Root(00)
Mensaje X / 00:00:08:000 / Root(00) / currentspeedin /      3.00000 para top(01)
Mensaje X / 00:00:08:000 / top(01) / currentspeedin /      3.00000 para speeddriver(02)
Mensaje D / 00:00:08:000 / speeddriver(02) / 00:04:10:333 para top(01)
Mensaje D / 00:00:08:000 / top(01) / 00:04:10:333 para Root(00)
Mensaje X / 00:00:09:000 / Root(00) / currentspeedin /      4.00000 para top(01)
Mensaje X / 00:00:09:000 / top(01) / currentspeedin /      4.00000 para speeddriver(02)
Mensaje D / 00:00:09:000 / speeddriver(02) / 00:04:09:333 para top(01)
Mensaje D / 00:00:09:000 / top(01) / 00:04:09:333 para Root(00)
Mensaje X / 00:00:10:000 / Root(00) / currentspeedin /      5.00000 para top(01)
Mensaje X / 00:00:10:000 / top(01) / currentspeedin /      5.00000 para speeddriver(02)
Mensaje D / 00:00:10:000 / speeddriver(02) / 00:04:08:333 para top(01)
Mensaje D / 00:00:10:000 / top(01) / 00:04:08:333 para Root(00)
Mensaje X / 00:00:11:000 / Root(00) / currentspeedin /      6.00000 para top(01)
Mensaje X / 00:00:11:000 / top(01) / currentspeedin /      6.00000 para speeddriver(02)
Mensaje D / 00:00:11:000 / speeddriver(02) / 00:04:07:333 para top(01)
Mensaje D / 00:00:11:000 / top(01) / 00:04:07:333 para Root(00)
Mensaje X / 00:00:12:000 / Root(00) / currentspeedin /      7.00000 para top(01)
Mensaje X / 00:00:12:000 / top(01) / currentspeedin /      7.00000 para speeddriver(02)
Mensaje D / 00:00:12:000 / speeddriver(02) / 00:04:06:333 para top(01)
Mensaje D / 00:00:12:000 / top(01) / 00:04:06:333 para Root(00)
Mensaje X / 00:00:13:000 / Root(00) / currentspeedin /      8.00000 para top(01)
Mensaje X / 00:00:13:000 / top(01) / currentspeedin /      8.00000 para speeddriver(02)
Mensaje D / 00:00:13:000 / speeddriver(02) / 00:04:05:333 para top(01)
Mensaje D / 00:00:13:000 / top(01) / 00:04:05:333 para Root(00)
Mensaje X / 00:00:14:000 / Root(00) / currentspeedin /      9.00000 para top(01)
Mensaje X / 00:00:14:000 / top(01) / currentspeedin /      9.00000 para speeddriver(02)
Mensaje D / 00:00:14:000 / speeddriver(02) / 00:04:04:333 para top(01)
Mensaje D / 00:00:14:000 / top(01) / 00:04:04:333 para Root(00)
Mensaje X / 00:00:15:000 / Root(00) / currentspeedin /     10.00000 para top(01)
Mensaje X / 00:00:15:000 / top(01) / currentspeedin /     10.00000 para speeddriver(02)
Mensaje D / 00:00:15:000 / speeddriver(02) / 00:04:03:333 para top(01)
Mensaje D / 00:00:15:000 / top(01) / 00:04:03:333 para Root(00)
Mensaje X / 00:00:16:000 / Root(00) / currentspeedin /     11.00000 para top(01)
Mensaje X / 00:00:16:000 / top(01) / currentspeedin /     11.00000 para speeddriver(02)
Mensaje D / 00:00:16:000 / speeddriver(02) / 00:04:02:333 para top(01)
Mensaje D / 00:00:16:000 / top(01) / 00:04:02:333 para Root(00)
Mensaje X / 00:00:17:000 / Root(00) / currentspeedin /     12.00000 para top(01)
Mensaje X / 00:00:17:000 / top(01) / currentspeedin /     12.00000 para speeddriver(02)
Mensaje D / 00:00:17:000 / speeddriver(02) / 00:04:01:333 para top(01)
Mensaje D / 00:00:17:000 / top(01) / 00:04:01:333 para Root(00)
Mensaje X / 00:00:18:000 / Root(00) / currentspeedin /     13.00000 para top(01)
Mensaje X / 00:00:18:000 / top(01) / currentspeedin /     13.00000 para speeddriver(02)
Mensaje D / 00:00:18:000 / speeddriver(02) / 00:04:00:333 para top(01)
Mensaje D / 00:00:18:000 / top(01) / 00:04:00:333 para Root(00)
Mensaje X / 00:00:19:000 / Root(00) / currentspeedin /     14.00000 para top(01)
Mensaje X / 00:00:19:000 / top(01) / currentspeedin /     14.00000 para speeddriver(02)
Mensaje D / 00:00:19:000 / speeddriver(02) / 00:03:59:333 para top(01)
Mensaje D / 00:00:19:000 / top(01) / 00:03:59:333 para Root(00)
Mensaje X / 00:00:20:000 / Root(00) / currentspeedin /     15.00000 para top(01)
Mensaje X / 00:00:20:000 / top(01) / currentspeedin /     15.00000 para speeddriver(02)
Mensaje D / 00:00:20:000 / speeddriver(02) / 00:03:58:333 para top(01)
Mensaje D / 00:00:20:000 / top(01) / 00:03:58:333 para Root(00)
Mensaje X / 00:00:21:000 / Root(00) / currentspeedin /     16.00000 para top(01)
Mensaje X / 00:00:21:000 / top(01) / currentspeedin /     16.00000 para speeddriver(02)
Mensaje D / 00:00:21:000 / speeddriver(02) / 00:03:57:333 para top(01)
Mensaje D / 00:00:21:000 / top(01) / 00:03:57:333 para Root(00)
Mensaje X / 00:00:22:000 / Root(00) / currentspeedin /     17.00000 para top(01)
Mensaje X / 00:00:22:000 / top(01) / currentspeedin /     17.00000 para speeddriver(02)
Mensaje D / 00:00:22:000 / speeddriver(02) / 00:03:56:333 para top(01)
Mensaje D / 00:00:22:000 / top(01) / 00:03:56:333 para Root(00)
Mensaje X / 00:00:23:000 / Root(00) / currentspeedin /     18.00000 para top(01)
Mensaje X / 00:00:23:000 / top(01) / currentspeedin /     18.00000 para speeddriver(02)
Mensaje D / 00:00:23:000 / speeddriver(02) / 00:03:55:333 para top(01)
Mensaje D / 00:00:23:000 / top(01) / 00:03:55:333 para Root(00)
Mensaje X / 00:00:24:000 / Root(00) / currentspeedin /     19.00000 para top(01)
Mensaje X / 00:00:24:000 / top(01) / currentspeedin /     19.00000 para speeddriver(02)
Mensaje D / 00:00:24:000 / speeddriver(02) / 00:03:54:333 para top(01)
Mensaje D / 00:00:24:000 / top(01) / 00:03:54:333 para Root(00)
Mensaje X / 00:00:25:000 / Root(00) / currentspeedin /     20.00000 para top(01)
Mensaje X / 00:00:25:000 / top(01) / currentspeedin /     20.00000 para speeddriver(02)
Mensaje D / 00:00:25:000 / speeddriver(02) / 00:03:53:333 para top(01)
Mensaje D / 00:00:25:000 / top(01) / 00:03:53:333 para Root(00)
Mensaje * / 00:04:18:333 / Root(00) para top(01)
Mensaje * / 00:04:18:333 / top(01) para speeddriver(02)
Mensaje Y / 00:04:18:333 / speeddriver(02) / motorspeedout /      1.00000 para top(01)
Mensaje D / 00:04:18:333 / speeddriver(02) / ... para top(01)
Mensaje Y / 00:04:18:333 / top(01) / motorspeedout /      1.00000 para Root(00)
Mensaje D / 00:04:18:333 / top(01) / ... para Root(00)
