Mensaje I / 00:00:00:000 / Root(00) para top(01)
Mensaje I / 00:00:00:000 / top(01) para steerdriver(02)
Mensaje D / 00:00:00:000 / steerdriver(02) / ... para top(01)
Mensaje D / 00:00:00:000 / top(01) / ... para Root(00)
Mensaje X / 00:00:05:000 / Root(00) / speedin /    100.00000 para top(01)
Mensaje X / 00:00:05:000 / top(01) / speedin /    100.00000 para steerdriver(02)
Mensaje D / 00:00:05:000 / steerdriver(02) / ... para top(01)
Mensaje D / 00:00:05:000 / top(01) / ... para Root(00)
Mensaje X / 00:00:10:000 / Root(00) / wheeldirectionin /     10.00000 para top(01)
Mensaje X / 00:00:10:000 / top(01) / wheeldirectionin /     10.00000 para steerdriver(02)
Mensaje D / 00:00:10:000 / steerdriver(02) / 00:00:00:074 para top(01)
Mensaje D / 00:00:10:000 / top(01) / 00:00:00:074 para Root(00)
Mensaje * / 00:00:10:074 / Root(00) para top(01)
Mensaje * / 00:00:10:074 / top(01) para steerdriver(02)
Mensaje Y / 00:00:10:074 / steerdriver(02) / servodutycycle /      7.50000 para top(01)
Mensaje D / 00:00:10:074 / steerdriver(02) / 00:00:00:074 para top(01)
Mensaje Y / 00:00:10:074 / top(01) / servodutycycle /      7.50000 para Root(00)
Mensaje D / 00:00:10:074 / top(01) / 00:00:00:074 para Root(00)
Mensaje * / 00:00:10:148 / Root(00) para top(01)
Mensaje * / 00:00:10:148 / top(01) para steerdriver(02)
Mensaje Y / 00:00:10:148 / steerdriver(02) / servodutycycle /      7.60000 para top(01)
Mensaje D / 00:00:10:148 / steerdriver(02) / 00:00:00:074 para top(01)
Mensaje Y / 00:00:10:148 / top(01) / servodutycycle /      7.60000 para Root(00)
Mensaje D / 00:00:10:148 / top(01) / 00:00:00:074 para Root(00)
Mensaje * / 00:00:10:222 / Root(00) para top(01)
Mensaje * / 00:00:10:222 / top(01) para steerdriver(02)
Mensaje Y / 00:00:10:222 / steerdriver(02) / servodutycycle /      7.70000 para top(01)
Mensaje D / 00:00:10:222 / steerdriver(02) / 00:00:00:074 para top(01)
Mensaje Y / 00:00:10:222 / top(01) / servodutycycle /      7.70000 para Root(00)
Mensaje D / 00:00:10:222 / top(01) / 00:00:00:074 para Root(00)
Mensaje * / 00:00:10:296 / Root(00) para top(01)
Mensaje * / 00:00:10:296 / top(01) para steerdriver(02)
Mensaje Y / 00:00:10:296 / steerdriver(02) / servodutycycle /      7.80000 para top(01)
Mensaje D / 00:00:10:296 / steerdriver(02) / 00:00:00:074 para top(01)
Mensaje Y / 00:00:10:296 / top(01) / servodutycycle /      7.80000 para Root(00)
Mensaje D / 00:00:10:296 / top(01) / 00:00:00:074 para Root(00)
Mensaje * / 00:00:10:370 / Root(00) para top(01)
Mensaje * / 00:00:10:370 / top(01) para steerdriver(02)
Mensaje Y / 00:00:10:370 / steerdriver(02) / servodutycycle /      7.90000 para top(01)
Mensaje D / 00:00:10:370 / steerdriver(02) / 00:00:00:074 para top(01)
Mensaje Y / 00:00:10:370 / top(01) / servodutycycle /      7.90000 para Root(00)
Mensaje D / 00:00:10:370 / top(01) / 00:00:00:074 para Root(00)
Mensaje * / 00:00:10:444 / Root(00) para top(01)
Mensaje * / 00:00:10:444 / top(01) para steerdriver(02)
Mensaje Y / 00:00:10:444 / steerdriver(02) / servodutycycle /      8.00000 para top(01)
Mensaje D / 00:00:10:444 / steerdriver(02) / 00:00:00:074 para top(01)
Mensaje Y / 00:00:10:444 / top(01) / servodutycycle /      8.00000 para Root(00)
Mensaje D / 00:00:10:444 / top(01) / 00:00:00:074 para Root(00)
Mensaje * / 00:00:10:518 / Root(00) para top(01)
Mensaje * / 00:00:10:518 / top(01) para steerdriver(02)
Mensaje Y / 00:00:10:518 / steerdriver(02) / servodutycycle /      8.10000 para top(01)
Mensaje D / 00:00:10:518 / steerdriver(02) / 00:00:00:074 para top(01)
Mensaje Y / 00:00:10:518 / top(01) / servodutycycle /      8.10000 para Root(00)
Mensaje D / 00:00:10:518 / top(01) / 00:00:00:074 para Root(00)
Mensaje * / 00:00:10:592 / Root(00) para top(01)
Mensaje * / 00:00:10:592 / top(01) para steerdriver(02)
Mensaje Y / 00:00:10:592 / steerdriver(02) / servodutycycle /      8.20000 para top(01)
Mensaje D / 00:00:10:592 / steerdriver(02) / 00:00:00:074 para top(01)
Mensaje Y / 00:00:10:592 / top(01) / servodutycycle /      8.20000 para Root(00)
Mensaje D / 00:00:10:592 / top(01) / 00:00:00:074 para Root(00)
Mensaje * / 00:00:10:666 / Root(00) para top(01)
Mensaje * / 00:00:10:666 / top(01) para steerdriver(02)
Mensaje Y / 00:00:10:666 / steerdriver(02) / servodutycycle /      8.30000 para top(01)
Mensaje D / 00:00:10:666 / steerdriver(02) / 00:00:00:074 para top(01)
Mensaje Y / 00:00:10:666 / top(01) / servodutycycle /      8.30000 para Root(00)
Mensaje D / 00:00:10:666 / top(01) / 00:00:00:074 para Root(00)
Mensaje * / 00:00:10:740 / Root(00) para top(01)
Mensaje * / 00:00:10:740 / top(01) para steerdriver(02)
Mensaje Y / 00:00:10:740 / steerdriver(02) / servodutycycle /      8.40000 para top(01)
Mensaje D / 00:00:10:740 / steerdriver(02) / 00:00:00:074 para top(01)
Mensaje Y / 00:00:10:740 / top(01) / servodutycycle /      8.40000 para Root(00)
Mensaje D / 00:00:10:740 / top(01) / 00:00:00:074 para Root(00)
Mensaje * / 00:00:10:814 / Root(00) para top(01)
Mensaje * / 00:00:10:814 / top(01) para steerdriver(02)
Mensaje Y / 00:00:10:814 / steerdriver(02) / servodutycycle /      8.50000 para top(01)
Mensaje D / 00:00:10:814 / steerdriver(02) / ... para top(01)
Mensaje Y / 00:00:10:814 / top(01) / servodutycycle /      8.50000 para Root(00)
Mensaje D / 00:00:10:814 / top(01) / ... para Root(00)
Mensaje X / 00:00:25:000 / Root(00) / speedin /     10.00000 para top(01)
Mensaje X / 00:00:25:000 / top(01) / speedin /     10.00000 para steerdriver(02)
Mensaje D / 00:00:25:000 / steerdriver(02) / ... para top(01)
Mensaje D / 00:00:25:000 / top(01) / ... para Root(00)
Mensaje X / 00:00:30:000 / Root(00) / wheeldirectionin /      0.00000 para top(01)
Mensaje X / 00:00:30:000 / top(01) / wheeldirectionin /      0.00000 para steerdriver(02)
Mensaje D / 00:00:30:000 / steerdriver(02) / 00:00:00:007 para top(01)
Mensaje D / 00:00:30:000 / top(01) / 00:00:00:007 para Root(00)
Mensaje * / 00:00:30:007 / Root(00) para top(01)
Mensaje * / 00:00:30:007 / top(01) para steerdriver(02)
Mensaje Y / 00:00:30:007 / steerdriver(02) / servodutycycle /      8.50000 para top(01)
Mensaje D / 00:00:30:007 / steerdriver(02) / 00:00:00:007 para top(01)
Mensaje Y / 00:00:30:007 / top(01) / servodutycycle /      8.50000 para Root(00)
Mensaje D / 00:00:30:007 / top(01) / 00:00:00:007 para Root(00)
Mensaje * / 00:00:30:014 / Root(00) para top(01)
Mensaje * / 00:00:30:014 / top(01) para steerdriver(02)
Mensaje Y / 00:00:30:014 / steerdriver(02) / servodutycycle /      8.40000 para top(01)
Mensaje D / 00:00:30:014 / steerdriver(02) / 00:00:00:007 para top(01)
Mensaje Y / 00:00:30:014 / top(01) / servodutycycle /      8.40000 para Root(00)
Mensaje D / 00:00:30:014 / top(01) / 00:00:00:007 para Root(00)
Mensaje * / 00:00:30:021 / Root(00) para top(01)
Mensaje * / 00:00:30:021 / top(01) para steerdriver(02)
Mensaje Y / 00:00:30:021 / steerdriver(02) / servodutycycle /      8.30000 para top(01)
Mensaje D / 00:00:30:021 / steerdriver(02) / 00:00:00:007 para top(01)
Mensaje Y / 00:00:30:021 / top(01) / servodutycycle /      8.30000 para Root(00)
Mensaje D / 00:00:30:021 / top(01) / 00:00:00:007 para Root(00)
Mensaje * / 00:00:30:028 / Root(00) para top(01)
Mensaje * / 00:00:30:028 / top(01) para steerdriver(02)
Mensaje Y / 00:00:30:028 / steerdriver(02) / servodutycycle /      8.20000 para top(01)
Mensaje D / 00:00:30:028 / steerdriver(02) / 00:00:00:007 para top(01)
Mensaje Y / 00:00:30:028 / top(01) / servodutycycle /      8.20000 para Root(00)
Mensaje D / 00:00:30:028 / top(01) / 00:00:00:007 para Root(00)
Mensaje * / 00:00:30:035 / Root(00) para top(01)
Mensaje * / 00:00:30:035 / top(01) para steerdriver(02)
Mensaje Y / 00:00:30:035 / steerdriver(02) / servodutycycle /      8.10000 para top(01)
Mensaje D / 00:00:30:035 / steerdriver(02) / 00:00:00:007 para top(01)
Mensaje Y / 00:00:30:035 / top(01) / servodutycycle /      8.10000 para Root(00)
Mensaje D / 00:00:30:035 / top(01) / 00:00:00:007 para Root(00)
Mensaje * / 00:00:30:042 / Root(00) para top(01)
Mensaje * / 00:00:30:042 / top(01) para steerdriver(02)
Mensaje Y / 00:00:30:042 / steerdriver(02) / servodutycycle /      8.00000 para top(01)
Mensaje D / 00:00:30:042 / steerdriver(02) / 00:00:00:007 para top(01)
Mensaje Y / 00:00:30:042 / top(01) / servodutycycle /      8.00000 para Root(00)
Mensaje D / 00:00:30:042 / top(01) / 00:00:00:007 para Root(00)
Mensaje * / 00:00:30:049 / Root(00) para top(01)
Mensaje * / 00:00:30:049 / top(01) para steerdriver(02)
Mensaje Y / 00:00:30:049 / steerdriver(02) / servodutycycle /      7.90000 para top(01)
Mensaje D / 00:00:30:049 / steerdriver(02) / 00:00:00:007 para top(01)
Mensaje Y / 00:00:30:049 / top(01) / servodutycycle /      7.90000 para Root(00)
Mensaje D / 00:00:30:049 / top(01) / 00:00:00:007 para Root(00)
Mensaje * / 00:00:30:056 / Root(00) para top(01)
Mensaje * / 00:00:30:056 / top(01) para steerdriver(02)
Mensaje Y / 00:00:30:056 / steerdriver(02) / servodutycycle /      7.80000 para top(01)
Mensaje D / 00:00:30:056 / steerdriver(02) / 00:00:00:007 para top(01)
Mensaje Y / 00:00:30:056 / top(01) / servodutycycle /      7.80000 para Root(00)
Mensaje D / 00:00:30:056 / top(01) / 00:00:00:007 para Root(00)
Mensaje * / 00:00:30:063 / Root(00) para top(01)
Mensaje * / 00:00:30:063 / top(01) para steerdriver(02)
Mensaje Y / 00:00:30:063 / steerdriver(02) / servodutycycle /      7.70000 para top(01)
Mensaje D / 00:00:30:063 / steerdriver(02) / 00:00:00:007 para top(01)
Mensaje Y / 00:00:30:063 / top(01) / servodutycycle /      7.70000 para Root(00)
Mensaje D / 00:00:30:063 / top(01) / 00:00:00:007 para Root(00)
Mensaje * / 00:00:30:070 / Root(00) para top(01)
Mensaje * / 00:00:30:070 / top(01) para steerdriver(02)
Mensaje Y / 00:00:30:070 / steerdriver(02) / servodutycycle /      7.60000 para top(01)
Mensaje D / 00:00:30:070 / steerdriver(02) / 00:00:00:007 para top(01)
Mensaje Y / 00:00:30:070 / top(01) / servodutycycle /      7.60000 para Root(00)
Mensaje D / 00:00:30:070 / top(01) / 00:00:00:007 para Root(00)
Mensaje * / 00:00:30:077 / Root(00) para top(01)
Mensaje * / 00:00:30:077 / top(01) para steerdriver(02)
Mensaje Y / 00:00:30:077 / steerdriver(02) / servodutycycle /      7.50000 para top(01)
Mensaje D / 00:00:30:077 / steerdriver(02) / ... para top(01)
Mensaje Y / 00:00:30:077 / top(01) / servodutycycle /      7.50000 para Root(00)
Mensaje D / 00:00:30:077 / top(01) / ... para Root(00)
Mensaje X / 00:01:10:000 / Root(00) / wheeldirectionin /     10.00000 para top(01)
Mensaje X / 00:01:10:000 / top(01) / wheeldirectionin /     10.00000 para steerdriver(02)
Mensaje D / 00:01:10:000 / steerdriver(02) / 00:00:00:007 para top(01)
Mensaje D / 00:01:10:000 / top(01) / 00:00:00:007 para Root(00)
Mensaje * / 00:01:10:007 / Root(00) para top(01)
Mensaje * / 00:01:10:007 / top(01) para steerdriver(02)
Mensaje Y / 00:01:10:007 / steerdriver(02) / servodutycycle /      7.50000 para top(01)
Mensaje D / 00:01:10:007 / steerdriver(02) / 00:00:00:007 para top(01)
Mensaje Y / 00:01:10:007 / top(01) / servodutycycle /      7.50000 para Root(00)
Mensaje D / 00:01:10:007 / top(01) / 00:00:00:007 para Root(00)
Mensaje * / 00:01:10:014 / Root(00) para top(01)
Mensaje * / 00:01:10:014 / top(01) para steerdriver(02)
Mensaje Y / 00:01:10:014 / steerdriver(02) / servodutycycle /      7.60000 para top(01)
Mensaje D / 00:01:10:014 / steerdriver(02) / 00:00:00:007 para top(01)
Mensaje Y / 00:01:10:014 / top(01) / servodutycycle /      7.60000 para Root(00)
Mensaje D / 00:01:10:014 / top(01) / 00:00:00:007 para Root(00)
Mensaje * / 00:01:10:021 / Root(00) para top(01)
Mensaje * / 00:01:10:021 / top(01) para steerdriver(02)
Mensaje Y / 00:01:10:021 / steerdriver(02) / servodutycycle /      7.70000 para top(01)
Mensaje D / 00:01:10:021 / steerdriver(02) / 00:00:00:007 para top(01)
Mensaje Y / 00:01:10:021 / top(01) / servodutycycle /      7.70000 para Root(00)
Mensaje D / 00:01:10:021 / top(01) / 00:00:00:007 para Root(00)
Mensaje * / 00:01:10:028 / Root(00) para top(01)
Mensaje * / 00:01:10:028 / top(01) para steerdriver(02)
Mensaje Y / 00:01:10:028 / steerdriver(02) / servodutycycle /      7.80000 para top(01)
Mensaje D / 00:01:10:028 / steerdriver(02) / 00:00:00:007 para top(01)
Mensaje Y / 00:01:10:028 / top(01) / servodutycycle /      7.80000 para Root(00)
Mensaje D / 00:01:10:028 / top(01) / 00:00:00:007 para Root(00)
Mensaje * / 00:01:10:035 / Root(00) para top(01)
Mensaje * / 00:01:10:035 / top(01) para steerdriver(02)
Mensaje Y / 00:01:10:035 / steerdriver(02) / servodutycycle /      7.90000 para top(01)
Mensaje D / 00:01:10:035 / steerdriver(02) / 00:00:00:007 para top(01)
Mensaje Y / 00:01:10:035 / top(01) / servodutycycle /      7.90000 para Root(00)
Mensaje D / 00:01:10:035 / top(01) / 00:00:00:007 para Root(00)
Mensaje * / 00:01:10:042 / Root(00) para top(01)
Mensaje * / 00:01:10:042 / top(01) para steerdriver(02)
Mensaje Y / 00:01:10:042 / steerdriver(02) / servodutycycle /      8.00000 para top(01)
Mensaje D / 00:01:10:042 / steerdriver(02) / 00:00:00:007 para top(01)
Mensaje Y / 00:01:10:042 / top(01) / servodutycycle /      8.00000 para Root(00)
Mensaje D / 00:01:10:042 / top(01) / 00:00:00:007 para Root(00)
Mensaje * / 00:01:10:049 / Root(00) para top(01)
Mensaje * / 00:01:10:049 / top(01) para steerdriver(02)
Mensaje Y / 00:01:10:049 / steerdriver(02) / servodutycycle /      8.10000 para top(01)
Mensaje D / 00:01:10:049 / steerdriver(02) / 00:00:00:007 para top(01)
Mensaje Y / 00:01:10:049 / top(01) / servodutycycle /      8.10000 para Root(00)
Mensaje D / 00:01:10:049 / top(01) / 00:00:00:007 para Root(00)
Mensaje * / 00:01:10:056 / Root(00) para top(01)
Mensaje * / 00:01:10:056 / top(01) para steerdriver(02)
Mensaje Y / 00:01:10:056 / steerdriver(02) / servodutycycle /      8.20000 para top(01)
Mensaje D / 00:01:10:056 / steerdriver(02) / 00:00:00:007 para top(01)
Mensaje Y / 00:01:10:056 / top(01) / servodutycycle /      8.20000 para Root(00)
Mensaje D / 00:01:10:056 / top(01) / 00:00:00:007 para Root(00)
Mensaje * / 00:01:10:063 / Root(00) para top(01)
Mensaje * / 00:01:10:063 / top(01) para steerdriver(02)
Mensaje Y / 00:01:10:063 / steerdriver(02) / servodutycycle /      8.30000 para top(01)
Mensaje D / 00:01:10:063 / steerdriver(02) / 00:00:00:007 para top(01)
Mensaje Y / 00:01:10:063 / top(01) / servodutycycle /      8.30000 para Root(00)
Mensaje D / 00:01:10:063 / top(01) / 00:00:00:007 para Root(00)
Mensaje * / 00:01:10:070 / Root(00) para top(01)
Mensaje * / 00:01:10:070 / top(01) para steerdriver(02)
Mensaje Y / 00:01:10:070 / steerdriver(02) / servodutycycle /      8.40000 para top(01)
Mensaje D / 00:01:10:070 / steerdriver(02) / 00:00:00:007 para top(01)
Mensaje Y / 00:01:10:070 / top(01) / servodutycycle /      8.40000 para Root(00)
Mensaje D / 00:01:10:070 / top(01) / 00:00:00:007 para Root(00)
Mensaje * / 00:01:10:077 / Root(00) para top(01)
Mensaje * / 00:01:10:077 / top(01) para steerdriver(02)
Mensaje Y / 00:01:10:077 / steerdriver(02) / servodutycycle /      8.50000 para top(01)
Mensaje D / 00:01:10:077 / steerdriver(02) / ... para top(01)
Mensaje Y / 00:01:10:077 / top(01) / servodutycycle /      8.50000 para Root(00)
Mensaje D / 00:01:10:077 / top(01) / ... para Root(00)
Mensaje X / 00:01:50:000 / Root(00) / wheeldirectionin /    -10.00000 para top(01)
Mensaje X / 00:01:50:000 / top(01) / wheeldirectionin /    -10.00000 para steerdriver(02)
Mensaje D / 00:01:50:000 / steerdriver(02) / 00:00:00:007 para top(01)
Mensaje D / 00:01:50:000 / top(01) / 00:00:00:007 para Root(00)
Mensaje * / 00:01:50:007 / Root(00) para top(01)
Mensaje * / 00:01:50:007 / top(01) para steerdriver(02)
Mensaje Y / 00:01:50:007 / steerdriver(02) / servodutycycle /      8.50000 para top(01)
Mensaje D / 00:01:50:007 / steerdriver(02) / 00:00:00:007 para top(01)
Mensaje Y / 00:01:50:007 / top(01) / servodutycycle /      8.50000 para Root(00)
Mensaje D / 00:01:50:007 / top(01) / 00:00:00:007 para Root(00)
Mensaje * / 00:01:50:014 / Root(00) para top(01)
Mensaje * / 00:01:50:014 / top(01) para steerdriver(02)
Mensaje Y / 00:01:50:014 / steerdriver(02) / servodutycycle /      8.40000 para top(01)
Mensaje D / 00:01:50:014 / steerdriver(02) / 00:00:00:007 para top(01)
Mensaje Y / 00:01:50:014 / top(01) / servodutycycle /      8.40000 para Root(00)
Mensaje D / 00:01:50:014 / top(01) / 00:00:00:007 para Root(00)
Mensaje * / 00:01:50:021 / Root(00) para top(01)
Mensaje * / 00:01:50:021 / top(01) para steerdriver(02)
Mensaje Y / 00:01:50:021 / steerdriver(02) / servodutycycle /      8.30000 para top(01)
Mensaje D / 00:01:50:021 / steerdriver(02) / 00:00:00:007 para top(01)
Mensaje Y / 00:01:50:021 / top(01) / servodutycycle /      8.30000 para Root(00)
Mensaje D / 00:01:50:021 / top(01) / 00:00:00:007 para Root(00)
Mensaje * / 00:01:50:028 / Root(00) para top(01)
Mensaje * / 00:01:50:028 / top(01) para steerdriver(02)
Mensaje Y / 00:01:50:028 / steerdriver(02) / servodutycycle /      8.20000 para top(01)
Mensaje D / 00:01:50:028 / steerdriver(02) / 00:00:00:007 para top(01)
Mensaje Y / 00:01:50:028 / top(01) / servodutycycle /      8.20000 para Root(00)
Mensaje D / 00:01:50:028 / top(01) / 00:00:00:007 para Root(00)
Mensaje * / 00:01:50:035 / Root(00) para top(01)
Mensaje * / 00:01:50:035 / top(01) para steerdriver(02)
Mensaje Y / 00:01:50:035 / steerdriver(02) / servodutycycle /      8.10000 para top(01)
Mensaje D / 00:01:50:035 / steerdriver(02) / 00:00:00:007 para top(01)
Mensaje Y / 00:01:50:035 / top(01) / servodutycycle /      8.10000 para Root(00)
Mensaje D / 00:01:50:035 / top(01) / 00:00:00:007 para Root(00)
Mensaje * / 00:01:50:042 / Root(00) para top(01)
Mensaje * / 00:01:50:042 / top(01) para steerdriver(02)
Mensaje Y / 00:01:50:042 / steerdriver(02) / servodutycycle /      8.00000 para top(01)
Mensaje D / 00:01:50:042 / steerdriver(02) / 00:00:00:007 para top(01)
Mensaje Y / 00:01:50:042 / top(01) / servodutycycle /      8.00000 para Root(00)
Mensaje D / 00:01:50:042 / top(01) / 00:00:00:007 para Root(00)
Mensaje * / 00:01:50:049 / Root(00) para top(01)
Mensaje * / 00:01:50:049 / top(01) para steerdriver(02)
Mensaje Y / 00:01:50:049 / steerdriver(02) / servodutycycle /      7.90000 para top(01)
Mensaje D / 00:01:50:049 / steerdriver(02) / 00:00:00:007 para top(01)
Mensaje Y / 00:01:50:049 / top(01) / servodutycycle /      7.90000 para Root(00)
Mensaje D / 00:01:50:049 / top(01) / 00:00:00:007 para Root(00)
Mensaje * / 00:01:50:056 / Root(00) para top(01)
Mensaje * / 00:01:50:056 / top(01) para steerdriver(02)
Mensaje Y / 00:01:50:056 / steerdriver(02) / servodutycycle /      7.80000 para top(01)
Mensaje D / 00:01:50:056 / steerdriver(02) / 00:00:00:007 para top(01)
Mensaje Y / 00:01:50:056 / top(01) / servodutycycle /      7.80000 para Root(00)
Mensaje D / 00:01:50:056 / top(01) / 00:00:00:007 para Root(00)
Mensaje * / 00:01:50:063 / Root(00) para top(01)
Mensaje * / 00:01:50:063 / top(01) para steerdriver(02)
Mensaje Y / 00:01:50:063 / steerdriver(02) / servodutycycle /      7.70000 para top(01)
Mensaje D / 00:01:50:063 / steerdriver(02) / 00:00:00:007 para top(01)
Mensaje Y / 00:01:50:063 / top(01) / servodutycycle /      7.70000 para Root(00)
Mensaje D / 00:01:50:063 / top(01) / 00:00:00:007 para Root(00)
Mensaje * / 00:01:50:070 / Root(00) para top(01)
Mensaje * / 00:01:50:070 / top(01) para steerdriver(02)
Mensaje Y / 00:01:50:070 / steerdriver(02) / servodutycycle /      7.60000 para top(01)
Mensaje D / 00:01:50:070 / steerdriver(02) / 00:00:00:007 para top(01)
Mensaje Y / 00:01:50:070 / top(01) / servodutycycle /      7.60000 para Root(00)
Mensaje D / 00:01:50:070 / top(01) / 00:00:00:007 para Root(00)
Mensaje * / 00:01:50:077 / Root(00) para top(01)
Mensaje * / 00:01:50:077 / top(01) para steerdriver(02)
Mensaje Y / 00:01:50:077 / steerdriver(02) / servodutycycle /      7.50000 para top(01)
Mensaje D / 00:01:50:077 / steerdriver(02) / 00:00:00:007 para top(01)
Mensaje Y / 00:01:50:077 / top(01) / servodutycycle /      7.50000 para Root(00)
Mensaje D / 00:01:50:077 / top(01) / 00:00:00:007 para Root(00)
Mensaje * / 00:01:50:084 / Root(00) para top(01)
Mensaje * / 00:01:50:084 / top(01) para steerdriver(02)
Mensaje Y / 00:01:50:084 / steerdriver(02) / servodutycycle /      7.40000 para top(01)
Mensaje D / 00:01:50:084 / steerdriver(02) / 00:00:00:007 para top(01)
Mensaje Y / 00:01:50:084 / top(01) / servodutycycle /      7.40000 para Root(00)
Mensaje D / 00:01:50:084 / top(01) / 00:00:00:007 para Root(00)
Mensaje * / 00:01:50:091 / Root(00) para top(01)
Mensaje * / 00:01:50:091 / top(01) para steerdriver(02)
Mensaje Y / 00:01:50:091 / steerdriver(02) / servodutycycle /      7.30000 para top(01)
Mensaje D / 00:01:50:091 / steerdriver(02) / 00:00:00:007 para top(01)
Mensaje Y / 00:01:50:091 / top(01) / servodutycycle /      7.30000 para Root(00)
Mensaje D / 00:01:50:091 / top(01) / 00:00:00:007 para Root(00)
Mensaje * / 00:01:50:098 / Root(00) para top(01)
Mensaje * / 00:01:50:098 / top(01) para steerdriver(02)
Mensaje Y / 00:01:50:098 / steerdriver(02) / servodutycycle /      7.20000 para top(01)
Mensaje D / 00:01:50:098 / steerdriver(02) / 00:00:00:007 para top(01)
Mensaje Y / 00:01:50:098 / top(01) / servodutycycle /      7.20000 para Root(00)
Mensaje D / 00:01:50:098 / top(01) / 00:00:00:007 para Root(00)
Mensaje * / 00:01:50:105 / Root(00) para top(01)
Mensaje * / 00:01:50:105 / top(01) para steerdriver(02)
Mensaje Y / 00:01:50:105 / steerdriver(02) / servodutycycle /      7.10000 para top(01)
Mensaje D / 00:01:50:105 / steerdriver(02) / 00:00:00:007 para top(01)
Mensaje Y / 00:01:50:105 / top(01) / servodutycycle /      7.10000 para Root(00)
Mensaje D / 00:01:50:105 / top(01) / 00:00:00:007 para Root(00)
Mensaje * / 00:01:50:112 / Root(00) para top(01)
Mensaje * / 00:01:50:112 / top(01) para steerdriver(02)
Mensaje Y / 00:01:50:112 / steerdriver(02) / servodutycycle /      7.00000 para top(01)
Mensaje D / 00:01:50:112 / steerdriver(02) / 00:00:00:007 para top(01)
Mensaje Y / 00:01:50:112 / top(01) / servodutycycle /      7.00000 para Root(00)
Mensaje D / 00:01:50:112 / top(01) / 00:00:00:007 para Root(00)
Mensaje * / 00:01:50:119 / Root(00) para top(01)
Mensaje * / 00:01:50:119 / top(01) para steerdriver(02)
Mensaje Y / 00:01:50:119 / steerdriver(02) / servodutycycle /      6.90000 para top(01)
Mensaje D / 00:01:50:119 / steerdriver(02) / 00:00:00:007 para top(01)
Mensaje Y / 00:01:50:119 / top(01) / servodutycycle /      6.90000 para Root(00)
Mensaje D / 00:01:50:119 / top(01) / 00:00:00:007 para Root(00)
Mensaje * / 00:01:50:126 / Root(00) para top(01)
Mensaje * / 00:01:50:126 / top(01) para steerdriver(02)
Mensaje Y / 00:01:50:126 / steerdriver(02) / servodutycycle /      6.80000 para top(01)
Mensaje D / 00:01:50:126 / steerdriver(02) / 00:00:00:007 para top(01)
Mensaje Y / 00:01:50:126 / top(01) / servodutycycle /      6.80000 para Root(00)
Mensaje D / 00:01:50:126 / top(01) / 00:00:00:007 para Root(00)
Mensaje * / 00:01:50:133 / Root(00) para top(01)
Mensaje * / 00:01:50:133 / top(01) para steerdriver(02)
Mensaje Y / 00:01:50:133 / steerdriver(02) / servodutycycle /      6.70000 para top(01)
Mensaje D / 00:01:50:133 / steerdriver(02) / 00:00:00:007 para top(01)
Mensaje Y / 00:01:50:133 / top(01) / servodutycycle /      6.70000 para Root(00)
Mensaje D / 00:01:50:133 / top(01) / 00:00:00:007 para Root(00)
Mensaje * / 00:01:50:140 / Root(00) para top(01)
Mensaje * / 00:01:50:140 / top(01) para steerdriver(02)
Mensaje Y / 00:01:50:140 / steerdriver(02) / servodutycycle /      6.60000 para top(01)
Mensaje D / 00:01:50:140 / steerdriver(02) / 00:00:00:007 para top(01)
Mensaje Y / 00:01:50:140 / top(01) / servodutycycle /      6.60000 para Root(00)
Mensaje D / 00:01:50:140 / top(01) / 00:00:00:007 para Root(00)
Mensaje * / 00:01:50:147 / Root(00) para top(01)
Mensaje * / 00:01:50:147 / top(01) para steerdriver(02)
Mensaje Y / 00:01:50:147 / steerdriver(02) / servodutycycle /      6.50000 para top(01)
Mensaje D / 00:01:50:147 / steerdriver(02) / ... para top(01)
Mensaje Y / 00:01:50:147 / top(01) / servodutycycle /      6.50000 para Root(00)
Mensaje D / 00:01:50:147 / top(01) / ... para Root(00)
